{
  "stats": {
    "suites": 0,
    "tests": 2,
    "passes": 2,
    "pending": 0,
    "failures": 0,
    "start": "2025-08-14T15:55:15.967Z",
    "end": "2025-08-14T15:55:23.147Z",
    "duration": 7180,
    "testsRegistered": 2,
    "passPercent": 100,
    "pendingPercent": 0,
    "other": 0,
    "hasOther": false,
    "skipped": 0,
    "hasSkipped": false
  },
  "results": [
    {
      "uuid": "1795a74b-8d33-4c56-855e-7a52ec37935a",
      "title": "",
      "fullFile": "cypress\\e2e\\scrolldragdrop_3.cy.js",
      "file": "cypress\\e2e\\scrolldragdrop_3.cy.js",
      "beforeHooks": [],
      "afterHooks": [],
      "tests": [
        {
          "title": "scroll in an element",
          "fullTitle": "scroll in an element",
          "timedOut": null,
          "duration": 4055,
          "state": "passed",
          "speed": "fast",
          "pass": true,
          "fail": false,
          "pending": false,
          "context": null,
          "code": "cy.visit(\"https://practice.expandtesting.com/scrollbars\");\n//scroll in to an element\n//cy.get(\"[id='search-input']\").type(\"scrollbars\")  \ncy.get('[style=\"height:150px;overflow-y: scroll;width:300px;overflow-x:scroll\"]').click();\ncy.get('#hidingButton').scrollIntoView().click();",
          "err": {},
          "uuid": "6678e8a0-9be9-43e8-8fbd-a4ea47a3594d",
          "parentUUID": "1795a74b-8d33-4c56-855e-7a52ec37935a",
          "isHook": false,
          "skipped": false
        },
        {
          "title": "Drag and drop",
          "fullTitle": "Drag and drop",
          "timedOut": null,
          "duration": 3053,
          "state": "passed",
          "speed": "fast",
          "pass": true,
          "fail": false,
          "pending": false,
          "context": null,
          "code": "cy.visit(\"https://practice.expandtesting.com/drag-and-drop\");\n// Drag Box A and drop it on Box B\ncy.get('#column-a').drag('#column-b');\n// Optional: assert that they’ve swapped\ncy.get('#column-a header').should('have.text', 'B');\ncy.get('#column-b header').should('have.text', 'A');",
          "err": {},
          "uuid": "50d89e88-7466-44eb-9f00-56fb2a8ddaa6",
          "parentUUID": "1795a74b-8d33-4c56-855e-7a52ec37935a",
          "isHook": false,
          "skipped": false
        }
      ],
      "suites": [],
      "passes": [
        "6678e8a0-9be9-43e8-8fbd-a4ea47a3594d",
        "50d89e88-7466-44eb-9f00-56fb2a8ddaa6"
      ],
      "failures": [],
      "pending": [],
      "skipped": [],
      "duration": 7108,
      "root": true,
      "rootEmpty": false,
      "_timeout": 2000
    }
  ],
  "meta": {
    "mocha": {
      "version": "7.2.0"
    },
    "mochawesome": {
      "options": {
        "quiet": false,
        "reportFilename": "mochawesome",
        "saveHtml": false,
        "saveJson": true,
        "consoleReporter": "spec",
        "useInlineDiffs": false,
        "code": true
      },
      "version": "7.1.3"
    },
    "marge": {
      "options": {
        "reportDir": "reports",
        "overwrite": false,
        "html": false,
        "json": true
      },
      "version": "6.2.0"
    }
  }
}