{
  "stats": {
    "suites": 1,
    "tests": 1,
    "passes": 1,
    "pending": 0,
    "failures": 0,
    "start": "2025-08-14T15:54:27.081Z",
    "end": "2025-08-14T15:54:34.518Z",
    "duration": 7437,
    "testsRegistered": 1,
    "passPercent": 100,
    "pendingPercent": 0,
    "other": 0,
    "hasOther": false,
    "skipped": 0,
    "hasSkipped": false
  },
  "results": [
    {
      "uuid": "30a0f6ac-d155-4730-a4eb-87c06b284ce9",
      "title": "",
      "fullFile": "cypress\\e2e\\radiobutton_2c.cy.js",
      "file": "cypress\\e2e\\radiobutton_2c.cy.js",
      "beforeHooks": [],
      "afterHooks": [],
      "tests": [],
      "suites": [
        {
          "uuid": "24f6b0cb-5ae4-4bc9-8239-27ba302319e0",
          "title": "Select Blue radio button",
          "fullFile": "",
          "file": "",
          "beforeHooks": [],
          "afterHooks": [],
          "tests": [
            {
              "title": "Select the Blue radio button",
              "fullTitle": "Select Blue radio button Select the Blue radio button",
              "timedOut": null,
              "duration": 7363,
              "state": "passed",
              "speed": "medium",
              "pass": true,
              "fail": false,
              "pending": false,
              "context": null,
              "code": "cy.visit('https://practice.expandtesting.com/radio-buttons');\n//blue radio button\ncy.get('input#blue').check().should('be.checked');",
              "err": {},
              "uuid": "dc61d27f-292c-412c-8771-82b905bdff3e",
              "parentUUID": "24f6b0cb-5ae4-4bc9-8239-27ba302319e0",
              "isHook": false,
              "skipped": false
            }
          ],
          "suites": [],
          "passes": [
            "dc61d27f-292c-412c-8771-82b905bdff3e"
          ],
          "failures": [],
          "pending": [],
          "skipped": [],
          "duration": 7363,
          "root": false,
          "rootEmpty": false,
          "_timeout": 2000
        }
      ],
      "passes": [],
      "failures": [],
      "pending": [],
      "skipped": [],
      "duration": 0,
      "root": true,
      "rootEmpty": true,
      "_timeout": 2000
    }
  ],
  "meta": {
    "mocha": {
      "version": "7.2.0"
    },
    "mochawesome": {
      "options": {
        "quiet": false,
        "reportFilename": "mochawesome",
        "saveHtml": false,
        "saveJson": true,
        "consoleReporter": "spec",
        "useInlineDiffs": false,
        "code": true
      },
      "version": "7.1.3"
    },
    "marge": {
      "options": {
        "reportDir": "reports",
        "overwrite": false,
        "html": false,
        "json": true
      },
      "version": "6.2.0"
    }
  }
}