{
  "stats": {
    "suites": 1,
    "tests": 2,
    "passes": 2,
    "pending": 0,
    "failures": 0,
    "start": "2025-08-14T15:08:37.863Z",
    "end": "2025-08-14T15:10:32.058Z",
    "duration": 114195,
    "testsRegistered": 2,
    "passPercent": 100,
    "pendingPercent": 0,
    "other": 0,
    "hasOther": false,
    "skipped": 0,
    "hasSkipped": false
  },
  "results": [
    {
      "uuid": "81d30ccb-58e5-4a0c-b965-f1f84c8e37fb",
      "title": "",
      "fullFile": "cypress\\e2e\\securePageTestPom.cy.js",
      "file": "cypress\\e2e\\securePageTestPom.cy.js",
      "beforeHooks": [],
      "afterHooks": [],
      "tests": [],
      "suites": [
        {
          "uuid": "dd4fefc4-59d2-4986-aba8-a2665091b3ea",
          "title": "Login Page Testcase with POM",
          "fullFile": "",
          "file": "",
          "beforeHooks": [],
          "afterHooks": [],
          "tests": [
            {
              "title": "user should login and redirect to secure area",
              "fullTitle": "Login Page Testcase with POM user should login and redirect to secure area",
              "timedOut": null,
              "duration": 64606,
              "state": "passed",
              "speed": "slow",
              "pass": true,
              "fail": false,
              "pending": false,
              "context": null,
              "code": "loginPage.enterUsername('practice');\nloginPage.enterPassword('SuperSecretPassword!');\nloginPage.clickLogin();\nsecurePage.isAtSecurePage();\nsecurePage.getSuccessAlert().should('contain.text', 'You logged into a secure area!');",
              "err": {},
              "uuid": "8ed15771-0f6c-460a-aabd-1f60ff80b77c",
              "parentUUID": "dd4fefc4-59d2-4986-aba8-a2665091b3ea",
              "isHook": false,
              "skipped": false
            },
            {
              "title": "User should be able to logout successfully",
              "fullTitle": "Login Page Testcase with POM User should be able to logout successfully",
              "timedOut": null,
              "duration": 49407,
              "state": "passed",
              "speed": "slow",
              "pass": true,
              "fail": false,
              "pending": false,
              "context": null,
              "code": "loginPage.enterUsername('practice');\nloginPage.enterPassword('SuperSecretPassword!');\nloginPage.clickLogin();\nsecurePage.logout();\ncy.url().should('include', '/login');\ncy.get('#flash, .flash.info').should('contain.text', 'You logged out of the secure area!'); // Adjust based on actual message",
              "err": {},
              "uuid": "3a450878-aad6-4059-af62-0291a08a0ba4",
              "parentUUID": "dd4fefc4-59d2-4986-aba8-a2665091b3ea",
              "isHook": false,
              "skipped": false
            }
          ],
          "suites": [],
          "passes": [
            "8ed15771-0f6c-460a-aabd-1f60ff80b77c",
            "3a450878-aad6-4059-af62-0291a08a0ba4"
          ],
          "failures": [],
          "pending": [],
          "skipped": [],
          "duration": 114013,
          "root": false,
          "rootEmpty": false,
          "_timeout": 2000
        }
      ],
      "passes": [],
      "failures": [],
      "pending": [],
      "skipped": [],
      "duration": 0,
      "root": true,
      "rootEmpty": true,
      "_timeout": 2000
    }
  ],
  "meta": {
    "mocha": {
      "version": "7.2.0"
    },
    "mochawesome": {
      "options": {
        "quiet": false,
        "reportFilename": "mochawesome",
        "saveHtml": false,
        "saveJson": true,
        "consoleReporter": "spec",
        "useInlineDiffs": false,
        "code": true
      },
      "version": "7.1.3"
    },
    "marge": {
      "options": {
        "reportDir": "reports",
        "overwrite": false,
        "html": false,
        "json": true
      },
      "version": "6.2.0"
    }
  }
}