{
  "stats": {
    "suites": 1,
    "tests": 1,
    "passes": 1,
    "pending": 0,
    "failures": 0,
    "start": "2025-08-14T15:06:02.253Z",
    "end": "2025-08-14T15:06:05.405Z",
    "duration": 3152,
    "testsRegistered": 1,
    "passPercent": 100,
    "pendingPercent": 0,
    "other": 0,
    "hasOther": false,
    "skipped": 0,
    "hasSkipped": false
  },
  "results": [
    {
      "uuid": "0f13c8b3-4d89-4162-84e3-48e3d81d0cfe",
      "title": "",
      "fullFile": "cypress\\e2e\\dropdown_2b.cy.js",
      "file": "cypress\\e2e\\dropdown_2b.cy.js",
      "beforeHooks": [],
      "afterHooks": [],
      "tests": [],
      "suites": [
        {
          "uuid": "78f65c4e-dc36-4620-a0a8-0c98c7b62b99",
          "title": "Select \"India\" from the dropdown",
          "fullFile": "",
          "file": "",
          "beforeHooks": [],
          "afterHooks": [],
          "tests": [
            {
              "title": "select India from the country dropdown",
              "fullTitle": "Select \"India\" from the dropdown select India from the country dropdown",
              "timedOut": null,
              "duration": 3104,
              "state": "passed",
              "speed": "fast",
              "pass": true,
              "fail": false,
              "pending": false,
              "context": null,
              "code": "// Visit the dropdown page\ncy.visit('https://practice.expandtesting.com/dropdown');\n// Select \"India\" from the dropdown by visible text\ncy.get('#country').select('India').should('have.value', 'IN');",
              "err": {},
              "uuid": "ad290606-814f-4218-8243-0ed0b0fb6d3f",
              "parentUUID": "78f65c4e-dc36-4620-a0a8-0c98c7b62b99",
              "isHook": false,
              "skipped": false
            }
          ],
          "suites": [],
          "passes": [
            "ad290606-814f-4218-8243-0ed0b0fb6d3f"
          ],
          "failures": [],
          "pending": [],
          "skipped": [],
          "duration": 3104,
          "root": false,
          "rootEmpty": false,
          "_timeout": 2000
        }
      ],
      "passes": [],
      "failures": [],
      "pending": [],
      "skipped": [],
      "duration": 0,
      "root": true,
      "rootEmpty": true,
      "_timeout": 2000
    }
  ],
  "meta": {
    "mocha": {
      "version": "7.2.0"
    },
    "mochawesome": {
      "options": {
        "quiet": false,
        "reportFilename": "mochawesome",
        "saveHtml": false,
        "saveJson": true,
        "consoleReporter": "spec",
        "useInlineDiffs": false,
        "code": true
      },
      "version": "7.1.3"
    },
    "marge": {
      "options": {
        "reportDir": "reports",
        "overwrite": false,
        "html": false,
        "json": true
      },
      "version": "6.2.0"
    }
  }
}