{
  "stats": {
    "suites": 1,
    "tests": 1,
    "passes": 1,
    "pending": 0,
    "failures": 0,
    "start": "2025-08-14T16:05:27.337Z",
    "end": "2025-08-14T16:05:32.060Z",
    "duration": 4723,
    "testsRegistered": 1,
    "passPercent": 100,
    "pendingPercent": 0,
    "other": 0,
    "hasOther": false,
    "skipped": 0,
    "hasSkipped": false
  },
  "results": [
    {
      "uuid": "3c8acc3b-79cb-482e-a850-cf541da28222",
      "title": "",
      "fullFile": "cypress\\e2e\\contextmenuPOM.cy.js",
      "file": "cypress\\e2e\\contextmenuPOM.cy.js",
      "beforeHooks": [],
      "afterHooks": [],
      "tests": [],
      "suites": [
        {
          "uuid": "c64b8c37-d9a7-4e00-b810-e6ff35cd5557",
          "title": "Context Menu Interaction Test",
          "fullFile": "",
          "file": "",
          "beforeHooks": [],
          "afterHooks": [],
          "tests": [
            {
              "title": "Should right click the box and validate the alert message",
              "fullTitle": "Context Menu Interaction Test Should right click the box and validate the alert message",
              "timedOut": null,
              "duration": 4631,
              "state": "passed",
              "speed": "fast",
              "pass": true,
              "fail": false,
              "pending": false,
              "context": null,
              "code": "contextMenuPage.rightClickBox();\n//cy.get('a[target=\"_blank\"]').invoke('removeAttr', 'target').click();\ncontextMenuPage.handleAlert('You selected a context menu');",
              "err": {},
              "uuid": "964e0ee9-26e8-4544-a560-ece619059202",
              "parentUUID": "c64b8c37-d9a7-4e00-b810-e6ff35cd5557",
              "isHook": false,
              "skipped": false
            }
          ],
          "suites": [],
          "passes": [
            "964e0ee9-26e8-4544-a560-ece619059202"
          ],
          "failures": [],
          "pending": [],
          "skipped": [],
          "duration": 4631,
          "root": false,
          "rootEmpty": false,
          "_timeout": 2000
        }
      ],
      "passes": [],
      "failures": [],
      "pending": [],
      "skipped": [],
      "duration": 0,
      "root": true,
      "rootEmpty": true,
      "_timeout": 2000
    }
  ],
  "meta": {
    "mocha": {
      "version": "7.2.0"
    },
    "mochawesome": {
      "options": {
        "quiet": false,
        "reportFilename": "mochawesome",
        "saveHtml": false,
        "saveJson": true,
        "consoleReporter": "spec",
        "useInlineDiffs": false,
        "code": true
      },
      "version": "7.1.3"
    },
    "marge": {
      "options": {
        "reportDir": "reports",
        "overwrite": false,
        "html": false,
        "json": true
      },
      "version": "6.2.0"
    }
  }
}