{
  "stats": {
    "suites": 0,
    "tests": 1,
    "passes": 0,
    "pending": 1,
    "failures": 0,
    "start": "2025-08-14T15:05:50.722Z",
    "end": "2025-08-14T15:05:50.740Z",
    "duration": 18,
    "testsRegistered": 1,
    "passPercent": null,
    "pendingPercent": 100,
    "other": 0,
    "hasOther": false,
    "skipped": 0,
    "hasSkipped": false
  },
  "results": [
    {
      "uuid": "3fdb2c99-d1ad-4207-aa68-b51101d8d5ba",
      "title": "",
      "fullFile": "cypress\\e2e\\deleteNotesAPI.cy.js",
      "file": "cypress\\e2e\\deleteNotesAPI.cy.js",
      "beforeHooks": [],
      "afterHooks": [],
      "tests": [
        {
          "title": "Delete NotesAPI",
          "fullTitle": "Delete NotesAPI",
          "timedOut": null,
          "duration": 0,
          "state": "pending",
          "speed": null,
          "pass": false,
          "fail": false,
          "pending": true,
          "context": null,
          "code": "cy.get('@token').then(token => {\n  cy.get('@noteId').then(noteId => {\n    cy.request({\n      method: 'DELETE',\n      url: `https://practice.expandtesting.com/notes/api/notes/${noteId}`,\n      headers: {\n        'x-auth-token': token\n      },\n      body: noteData\n    }).then(res => {\n      cy.log(res);\n      expect(res.status).to.eq(200);\n      expect(res.body.message).to.eq('Note successfully deleted');\n    });\n  });\n});",
          "err": {},
          "uuid": "0c95f475-66b3-41ac-9418-0a6bc65492b3",
          "parentUUID": "3fdb2c99-d1ad-4207-aa68-b51101d8d5ba",
          "isHook": false,
          "skipped": false
        }
      ],
      "suites": [],
      "passes": [],
      "failures": [],
      "pending": [
        "0c95f475-66b3-41ac-9418-0a6bc65492b3"
      ],
      "skipped": [],
      "duration": 0,
      "root": true,
      "rootEmpty": false,
      "_timeout": 2000
    }
  ],
  "meta": {
    "mocha": {
      "version": "7.2.0"
    },
    "mochawesome": {
      "options": {
        "quiet": false,
        "reportFilename": "mochawesome",
        "saveHtml": false,
        "saveJson": true,
        "consoleReporter": "spec",
        "useInlineDiffs": false,
        "code": true
      },
      "version": "7.1.3"
    },
    "marge": {
      "options": {
        "reportDir": "reports",
        "overwrite": false,
        "html": false,
        "json": true
      },
      "version": "6.2.0"
    }
  }
}