{
  "stats": {
    "suites": 1,
    "tests": 1,
    "passes": 1,
    "pending": 0,
    "failures": 0,
    "start": "2025-08-14T15:55:44.134Z",
    "end": "2025-08-14T15:55:52.300Z",
    "duration": 8166,
    "testsRegistered": 1,
    "passPercent": 100,
    "pendingPercent": 0,
    "other": 0,
    "hasOther": false,
    "skipped": 0,
    "hasSkipped": false
  },
  "results": [
    {
      "uuid": "f33c0599-2a9c-4b70-bff5-2359d6c923d2",
      "title": "",
      "fullFile": "cypress\\e2e\\usePrevSubject.cy.js",
      "file": "cypress\\e2e\\usePrevSubject.cy.js",
      "beforeHooks": [],
      "afterHooks": [],
      "tests": [],
      "suites": [
        {
          "uuid": "0811e1ad-dbef-4333-b612-b299b7187225",
          "title": "usePrevSubject",
          "fullFile": "",
          "file": "",
          "beforeHooks": [],
          "afterHooks": [],
          "tests": [
            {
              "title": "Login using Fillinput",
              "fullTitle": "usePrevSubject Login using Fillinput",
              "timedOut": null,
              "duration": 8123,
              "state": "passed",
              "speed": "medium",
              "pass": true,
              "fail": false,
              "pending": false,
              "context": null,
              "code": "//Use previous subject\ncy.get('#username').fillinput('practice');\ncy.get('#password').fillinput('SuperSecretPassword!');\ncy.get('#login > .btn').click();\ncy.get('b').should('have.text', 'You logged into a secure area!');",
              "err": {},
              "uuid": "b82daa14-f98e-4d9a-84f8-9b95440ee876",
              "parentUUID": "0811e1ad-dbef-4333-b612-b299b7187225",
              "isHook": false,
              "skipped": false
            }
          ],
          "suites": [],
          "passes": [
            "b82daa14-f98e-4d9a-84f8-9b95440ee876"
          ],
          "failures": [],
          "pending": [],
          "skipped": [],
          "duration": 8123,
          "root": false,
          "rootEmpty": false,
          "_timeout": 2000
        }
      ],
      "passes": [],
      "failures": [],
      "pending": [],
      "skipped": [],
      "duration": 0,
      "root": true,
      "rootEmpty": true,
      "_timeout": 2000
    }
  ],
  "meta": {
    "mocha": {
      "version": "7.2.0"
    },
    "mochawesome": {
      "options": {
        "quiet": false,
        "reportFilename": "mochawesome",
        "saveHtml": false,
        "saveJson": true,
        "consoleReporter": "spec",
        "useInlineDiffs": false,
        "code": true
      },
      "version": "7.1.3"
    },
    "marge": {
      "options": {
        "reportDir": "reports",
        "overwrite": false,
        "html": false,
        "json": true
      },
      "version": "6.2.0"
    }
  }
}