{
  "stats": {
    "suites": 1,
    "tests": 1,
    "passes": 1,
    "pending": 0,
    "failures": 0,
    "start": "2025-08-14T15:54:04.658Z",
    "end": "2025-08-14T15:54:13.685Z",
    "duration": 9027,
    "testsRegistered": 1,
    "passPercent": 100,
    "pendingPercent": 0,
    "other": 0,
    "hasOther": false,
    "skipped": 0,
    "hasSkipped": false
  },
  "results": [
    {
      "uuid": "5eb8be4d-0a70-47eb-860e-0addda03ee77",
      "title": "",
      "fullFile": "cypress\\e2e\\loginwithfixture_1a.cy.js",
      "file": "cypress\\e2e\\loginwithfixture_1a.cy.js",
      "beforeHooks": [],
      "afterHooks": [],
      "tests": [],
      "suites": [
        {
          "uuid": "05ee6e03-9334-4fb8-bb7b-224c64263672",
          "title": "Login with fixture data",
          "fullFile": "",
          "file": "",
          "beforeHooks": [],
          "afterHooks": [],
          "tests": [
            {
              "title": "Logs in using data from user.json",
              "fullTitle": "Login with fixture data Logs in using data from user.json",
              "timedOut": null,
              "duration": 8958,
              "state": "passed",
              "speed": "medium",
              "pass": true,
              "fail": false,
              "pending": false,
              "context": null,
              "code": "cy.visit('https://practice.expandtesting.com/login');\n// Use fixture data to fill in login form\ncy.get('#username').type(this.userData.username);\ncy.get('#password').type(this.userData.password);\ncy.get('button[type=\"submit\"]').click();\n// Assertion \ncy.url().should('include', '/secure');\ncy.get('#flash').should('be.visible').and('contain.text', 'You logged into a secure area!');",
              "err": {},
              "uuid": "df1a85bd-07d0-427c-9418-253ab39f1ed8",
              "parentUUID": "05ee6e03-9334-4fb8-bb7b-224c64263672",
              "isHook": false,
              "skipped": false
            }
          ],
          "suites": [],
          "passes": [
            "df1a85bd-07d0-427c-9418-253ab39f1ed8"
          ],
          "failures": [],
          "pending": [],
          "skipped": [],
          "duration": 8958,
          "root": false,
          "rootEmpty": false,
          "_timeout": 2000
        }
      ],
      "passes": [],
      "failures": [],
      "pending": [],
      "skipped": [],
      "duration": 0,
      "root": true,
      "rootEmpty": true,
      "_timeout": 2000
    }
  ],
  "meta": {
    "mocha": {
      "version": "7.2.0"
    },
    "mochawesome": {
      "options": {
        "quiet": false,
        "reportFilename": "mochawesome",
        "saveHtml": false,
        "saveJson": true,
        "consoleReporter": "spec",
        "useInlineDiffs": false,
        "code": true
      },
      "version": "7.1.3"
    },
    "marge": {
      "options": {
        "reportDir": "reports",
        "overwrite": false,
        "html": false,
        "json": true
      },
      "version": "6.2.0"
    }
  }
}