{
  "stats": {
    "suites": 1,
    "tests": 2,
    "passes": 2,
    "pending": 0,
    "failures": 0,
    "start": "2025-08-14T15:53:30.621Z",
    "end": "2025-08-14T15:53:52.588Z",
    "duration": 21967,
    "testsRegistered": 2,
    "passPercent": 100,
    "pendingPercent": 0,
    "other": 0,
    "hasOther": false,
    "skipped": 0,
    "hasSkipped": false
  },
  "results": [
    {
      "uuid": "ec289934-54b3-40ba-8e0d-31491ed90448",
      "title": "",
      "fullFile": "cypress\\e2e\\loginpagePOM.cy.js",
      "file": "cypress\\e2e\\loginpagePOM.cy.js",
      "beforeHooks": [],
      "afterHooks": [],
      "tests": [],
      "suites": [
        {
          "uuid": "f355a558-9920-45d2-b777-2073f7c5464c",
          "title": "Login Page Testcase with POM",
          "fullFile": "",
          "file": "",
          "beforeHooks": [],
          "afterHooks": [],
          "tests": [
            {
              "title": "user should login and redirect to secure area",
              "fullTitle": "Login Page Testcase with POM user should login and redirect to secure area",
              "timedOut": null,
              "duration": 9907,
              "state": "passed",
              "speed": "medium",
              "pass": true,
              "fail": false,
              "pending": false,
              "context": null,
              "code": "loginPage.enterUsername('practice');\nloginPage.enterPassword('SuperSecretPassword!');\nloginPage.clickLogin();\ncy.url().should('include', '/secure');\ncy.contains('You logged into a secure area!').should('be.visible');",
              "err": {},
              "uuid": "d9e1d183-f0a7-46f3-acf9-59bb10f82c6d",
              "parentUUID": "f355a558-9920-45d2-b777-2073f7c5464c",
              "isHook": false,
              "skipped": false
            },
            {
              "title": "Invalid user login should show error message",
              "fullTitle": "Login Page Testcase with POM Invalid user login should show error message",
              "timedOut": null,
              "duration": 11915,
              "state": "passed",
              "speed": "slow",
              "pass": true,
              "fail": false,
              "pending": false,
              "context": null,
              "code": "loginPage.enterUsername('abdcdef');\nloginPage.enterPassword('dfdfdfd');\nloginPage.clickLogin();\ncy.contains('Your username is invalid!').should('be.visible');\ncy.url().should('include', '/login');",
              "err": {},
              "uuid": "016a8be7-2f8b-479d-95c2-080227f56cf3",
              "parentUUID": "f355a558-9920-45d2-b777-2073f7c5464c",
              "isHook": false,
              "skipped": false
            }
          ],
          "suites": [],
          "passes": [
            "d9e1d183-f0a7-46f3-acf9-59bb10f82c6d",
            "016a8be7-2f8b-479d-95c2-080227f56cf3"
          ],
          "failures": [],
          "pending": [],
          "skipped": [],
          "duration": 21822,
          "root": false,
          "rootEmpty": false,
          "_timeout": 2000
        }
      ],
      "passes": [],
      "failures": [],
      "pending": [],
      "skipped": [],
      "duration": 0,
      "root": true,
      "rootEmpty": true,
      "_timeout": 2000
    }
  ],
  "meta": {
    "mocha": {
      "version": "7.2.0"
    },
    "mochawesome": {
      "options": {
        "quiet": false,
        "reportFilename": "mochawesome",
        "saveHtml": false,
        "saveJson": true,
        "consoleReporter": "spec",
        "useInlineDiffs": false,
        "code": true
      },
      "version": "7.1.3"
    },
    "marge": {
      "options": {
        "reportDir": "reports",
        "overwrite": false,
        "html": false,
        "json": true
      },
      "version": "6.2.0"
    }
  }
}