{
  "stats": {
    "suites": 1,
    "tests": 2,
    "passes": 2,
    "pending": 0,
    "failures": 0,
    "start": "2025-08-14T16:10:50.713Z",
    "end": "2025-08-14T16:11:14.835Z",
    "duration": 24122,
    "testsRegistered": 2,
    "passPercent": 100,
    "pendingPercent": 0,
    "other": 0,
    "hasOther": false,
    "skipped": 0,
    "hasSkipped": false
  },
  "results": [
    {
      "uuid": "348f8f1e-6976-4663-b54b-35401d472f1f",
      "title": "",
      "fullFile": "cypress\\e2e\\securePageTestPom.cy.js",
      "file": "cypress\\e2e\\securePageTestPom.cy.js",
      "beforeHooks": [],
      "afterHooks": [],
      "tests": [],
      "suites": [
        {
          "uuid": "4d09ddea-c9ac-4324-bb7f-17a8085ac62a",
          "title": "secure Page Testcase with POM",
          "fullFile": "",
          "file": "",
          "beforeHooks": [],
          "afterHooks": [],
          "tests": [
            {
              "title": "user should login and redirect to secure area",
              "fullTitle": "secure Page Testcase with POM user should login and redirect to secure area",
              "timedOut": null,
              "duration": 9795,
              "state": "passed",
              "speed": "medium",
              "pass": true,
              "fail": false,
              "pending": false,
              "context": null,
              "code": "loginPage.enterUsername('practice');\nloginPage.enterPassword('SuperSecretPassword!');\nloginPage.clickLogin();\nsecurePage.isAtSecurePage();\nsecurePage.getSuccessAlert().should('contain.text', 'You logged into a secure area!');",
              "err": {},
              "uuid": "4a8f531b-44cc-4f75-829a-eec62bad325c",
              "parentUUID": "4d09ddea-c9ac-4324-bb7f-17a8085ac62a",
              "isHook": false,
              "skipped": false
            },
            {
              "title": "User should be able to logout successfully",
              "fullTitle": "secure Page Testcase with POM User should be able to logout successfully",
              "timedOut": null,
              "duration": 14091,
              "state": "passed",
              "speed": "slow",
              "pass": true,
              "fail": false,
              "pending": false,
              "context": null,
              "code": "loginPage.enterUsername('practice');\nloginPage.enterPassword('SuperSecretPassword!');\nloginPage.clickLogin();\nsecurePage.logout();\ncy.url().should('include', '/login');\ncy.get('#flash, .flash.info').should('contain.text', 'You logged out of the secure area!'); // Adjust based on actual message",
              "err": {},
              "uuid": "bbb24dc9-ec03-4eca-943c-2fec17984947",
              "parentUUID": "4d09ddea-c9ac-4324-bb7f-17a8085ac62a",
              "isHook": false,
              "skipped": false
            }
          ],
          "suites": [],
          "passes": [
            "4a8f531b-44cc-4f75-829a-eec62bad325c",
            "bbb24dc9-ec03-4eca-943c-2fec17984947"
          ],
          "failures": [],
          "pending": [],
          "skipped": [],
          "duration": 23886,
          "root": false,
          "rootEmpty": false,
          "_timeout": 2000
        }
      ],
      "passes": [],
      "failures": [],
      "pending": [],
      "skipped": [],
      "duration": 0,
      "root": true,
      "rootEmpty": true,
      "_timeout": 2000
    }
  ],
  "meta": {
    "mocha": {
      "version": "7.2.0"
    },
    "mochawesome": {
      "options": {
        "quiet": false,
        "reportFilename": "mochawesome",
        "saveHtml": false,
        "saveJson": true,
        "consoleReporter": "spec",
        "useInlineDiffs": false,
        "code": true
      },
      "version": "7.1.3"
    },
    "marge": {
      "options": {
        "reportDir": "reports",
        "overwrite": false,
        "html": false,
        "json": true
      },
      "version": "6.2.0"
    }
  }
}