{
  "stats": {
    "suites": 1,
    "tests": 1,
    "passes": 1,
    "pending": 0,
    "failures": 0,
    "start": "2025-08-14T15:20:22.219Z",
    "end": "2025-08-14T15:20:22.289Z",
    "duration": 70,
    "testsRegistered": 1,
    "passPercent": 100,
    "pendingPercent": 0,
    "other": 0,
    "hasOther": false,
    "skipped": 0,
    "hasSkipped": false
  },
  "results": [
    {
      "uuid": "4272331d-821a-4a05-8ec6-96686162b3db",
      "title": "",
      "fullFile": "cypress\\e2e\\arrowFunction.cy.js",
      "file": "cypress\\e2e\\arrowFunction.cy.js",
      "beforeHooks": [],
      "afterHooks": [],
      "tests": [],
      "suites": [
        {
          "uuid": "c777279b-5848-43fa-9def-c24a990816cd",
          "title": "Multiply three Numbers Example",
          "fullFile": "",
          "file": "",
          "beforeHooks": [],
          "afterHooks": [],
          "tests": [
            {
              "title": "Multiplies three numbers",
              "fullTitle": "Multiply three Numbers Example Multiplies three numbers",
              "timedOut": null,
              "duration": 32,
              "state": "passed",
              "speed": "fast",
              "pass": true,
              "fail": false,
              "pending": false,
              "context": null,
              "code": "const multiplyThreeNumbers = (a, b, c) => a * b * c;\nconst result = multiplyThreeNumbers(4, 6, 8);\ncy.log(`The multiplication of three numbers: ${result}`);",
              "err": {},
              "uuid": "b7008d99-8c48-4018-9e2f-1b931f4f8798",
              "parentUUID": "c777279b-5848-43fa-9def-c24a990816cd",
              "isHook": false,
              "skipped": false
            }
          ],
          "suites": [],
          "passes": [
            "b7008d99-8c48-4018-9e2f-1b931f4f8798"
          ],
          "failures": [],
          "pending": [],
          "skipped": [],
          "duration": 32,
          "root": false,
          "rootEmpty": false,
          "_timeout": 2000
        }
      ],
      "passes": [],
      "failures": [],
      "pending": [],
      "skipped": [],
      "duration": 0,
      "root": true,
      "rootEmpty": true,
      "_timeout": 2000
    }
  ],
  "meta": {
    "mocha": {
      "version": "7.2.0"
    },
    "mochawesome": {
      "options": {
        "quiet": false,
        "reportFilename": "mochawesome",
        "saveHtml": false,
        "saveJson": true,
        "consoleReporter": "spec",
        "useInlineDiffs": false,
        "code": true
      },
      "version": "7.1.3"
    },
    "marge": {
      "options": {
        "reportDir": "reports",
        "overwrite": false,
        "html": false,
        "json": true
      },
      "version": "6.2.0"
    }
  }
}