{
  "stats": {
    "suites": 1,
    "tests": 2,
    "passes": 2,
    "pending": 0,
    "failures": 0,
    "start": "2025-08-12T10:35:59.692Z",
    "end": "2025-08-12T10:36:02.739Z",
    "duration": 3047,
    "testsRegistered": 2,
    "passPercent": 100,
    "pendingPercent": 0,
    "other": 0,
    "hasOther": false,
    "skipped": 0,
    "hasSkipped": false
  },
  "results": [
    {
      "uuid": "5502add7-9dd1-4d34-8ad8-ddf54ce69c93",
      "title": "",
      "fullFile": "cypress\\e2e\\dropdownPOM.cy.js",
      "file": "cypress\\e2e\\dropdownPOM.cy.js",
      "beforeHooks": [],
      "afterHooks": [],
      "tests": [],
      "suites": [
        {
          "uuid": "1578005d-605f-4371-92ea-b75a21a2a4fb",
          "title": "Dropdown Handling Tests",
          "fullFile": "",
          "file": "",
          "beforeHooks": [],
          "afterHooks": [],
          "tests": [
            {
              "title": "Should select Option 1 and validate",
              "fullTitle": "Dropdown Handling Tests Should select Option 1 and validate",
              "timedOut": null,
              "duration": 1556,
              "state": "passed",
              "speed": "fast",
              "pass": true,
              "fail": false,
              "pending": false,
              "context": null,
              "code": "dropdownPage.selectOption('Option 1');\ndropdownPage.getSelectedOption().should('have.text', 'Option 1');",
              "err": {},
              "uuid": "0511bf18-6d3c-4a41-ac29-49084307e311",
              "parentUUID": "1578005d-605f-4371-92ea-b75a21a2a4fb",
              "isHook": false,
              "skipped": false
            },
            {
              "title": "Should select Option 2 and validate",
              "fullTitle": "Dropdown Handling Tests Should select Option 2 and validate",
              "timedOut": null,
              "duration": 1405,
              "state": "passed",
              "speed": "fast",
              "pass": true,
              "fail": false,
              "pending": false,
              "context": null,
              "code": "dropdownPage.selectOption('Option 2');\ndropdownPage.getSelectedOption().should('have.text', 'Option 2');",
              "err": {},
              "uuid": "d7ab52c7-13b5-4dd8-a408-48d809657110",
              "parentUUID": "1578005d-605f-4371-92ea-b75a21a2a4fb",
              "isHook": false,
              "skipped": false
            }
          ],
          "suites": [],
          "passes": [
            "0511bf18-6d3c-4a41-ac29-49084307e311",
            "d7ab52c7-13b5-4dd8-a408-48d809657110"
          ],
          "failures": [],
          "pending": [],
          "skipped": [],
          "duration": 2961,
          "root": false,
          "rootEmpty": false,
          "_timeout": 2000
        }
      ],
      "passes": [],
      "failures": [],
      "pending": [],
      "skipped": [],
      "duration": 0,
      "root": true,
      "rootEmpty": true,
      "_timeout": 2000
    }
  ],
  "meta": {
    "mocha": {
      "version": "7.2.0"
    },
    "mochawesome": {
      "options": {
        "quiet": false,
        "reportFilename": "mochawesome",
        "saveHtml": false,
        "saveJson": true,
        "consoleReporter": "spec",
        "useInlineDiffs": false,
        "code": true
      },
      "version": "7.1.3"
    },
    "marge": {
      "options": {
        "reportDir": "reports/mochawesome",
        "overwrite": false,
        "html": false,
        "json": true
      },
      "version": "6.2.0"
    }
  }
}