{
  "stats": {
    "suites": 0,
    "tests": 2,
    "passes": 2,
    "pending": 0,
    "failures": 0,
    "start": "2025-08-12T10:37:52.055Z",
    "end": "2025-08-12T10:37:55.145Z",
    "duration": 3090,
    "testsRegistered": 2,
    "passPercent": 100,
    "pendingPercent": 0,
    "other": 0,
    "hasOther": false,
    "skipped": 0,
    "hasSkipped": false
  },
  "results": [
    {
      "uuid": "00a47fc7-641b-424c-b6b3-5fdd8d4be933",
      "title": "",
      "fullFile": "cypress\\e2e\\scrolldragdrop_3.cy.js",
      "file": "cypress\\e2e\\scrolldragdrop_3.cy.js",
      "beforeHooks": [],
      "afterHooks": [],
      "tests": [
        {
          "title": "scroll in an element",
          "fullTitle": "scroll in an element",
          "timedOut": null,
          "duration": 1456,
          "state": "passed",
          "speed": "fast",
          "pass": true,
          "fail": false,
          "pending": false,
          "context": null,
          "code": "cy.visit(\"https://practice.expandtesting.com/scrollbars\");\n//scroll in to an element\n//cy.get(\"[id='search-input']\").type(\"scrollbars\")  \ncy.get('[style=\"height:150px;overflow-y: scroll;width:300px;overflow-x:scroll\"]').click();\ncy.get('#hidingButton').scrollIntoView().click();",
          "err": {},
          "uuid": "842885fb-ad0e-4f4c-96ea-b37a1269115f",
          "parentUUID": "00a47fc7-641b-424c-b6b3-5fdd8d4be933",
          "isHook": false,
          "skipped": false
        },
        {
          "title": "Drag and drop",
          "fullTitle": "Drag and drop",
          "timedOut": null,
          "duration": 1571,
          "state": "passed",
          "speed": "fast",
          "pass": true,
          "fail": false,
          "pending": false,
          "context": null,
          "code": "cy.visit(\"https://practice.expandtesting.com/drag-and-drop\");\n// Drag Box A and drop it on Box B\ncy.get('#column-a').drag('#column-b');\n// Optional: assert that they’ve swapped\ncy.get('#column-a header').should('have.text', 'B');\ncy.get('#column-b header').should('have.text', 'A');",
          "err": {},
          "uuid": "4aa739f6-e941-4893-b8fb-b92d3b813b09",
          "parentUUID": "00a47fc7-641b-424c-b6b3-5fdd8d4be933",
          "isHook": false,
          "skipped": false
        }
      ],
      "suites": [],
      "passes": [
        "842885fb-ad0e-4f4c-96ea-b37a1269115f",
        "4aa739f6-e941-4893-b8fb-b92d3b813b09"
      ],
      "failures": [],
      "pending": [],
      "skipped": [],
      "duration": 3027,
      "root": true,
      "rootEmpty": false,
      "_timeout": 2000
    }
  ],
  "meta": {
    "mocha": {
      "version": "7.2.0"
    },
    "mochawesome": {
      "options": {
        "quiet": false,
        "reportFilename": "mochawesome",
        "saveHtml": false,
        "saveJson": true,
        "consoleReporter": "spec",
        "useInlineDiffs": false,
        "code": true
      },
      "version": "7.1.3"
    },
    "marge": {
      "options": {
        "reportDir": "reports/mochawesome",
        "overwrite": false,
        "html": false,
        "json": true
      },
      "version": "6.2.0"
    }
  }
}