{
  "stats": {
    "suites": 1,
    "tests": 2,
    "passes": 2,
    "pending": 0,
    "failures": 0,
    "start": "2025-08-12T10:38:08.030Z",
    "end": "2025-08-12T10:38:10.410Z",
    "duration": 2380,
    "testsRegistered": 2,
    "passPercent": 100,
    "pendingPercent": 0,
    "other": 0,
    "hasOther": false,
    "skipped": 0,
    "hasSkipped": false
  },
  "results": [
    {
      "uuid": "35d19e3d-5615-4881-80a7-d5e084345982",
      "title": "",
      "fullFile": "cypress\\e2e\\validateeachbrowsernameandcpu_4.cy.js",
      "file": "cypress\\e2e\\validateeachbrowsernameandcpu_4.cy.js",
      "beforeHooks": [],
      "afterHooks": [],
      "tests": [],
      "suites": [
        {
          "uuid": "b0ac55f7-07cc-498e-8caf-2a78512115ce",
          "title": "Log Each Browsername and its cpu usage",
          "fullFile": "",
          "file": "",
          "beforeHooks": [],
          "afterHooks": [],
          "tests": [
            {
              "title": "use .each() to log each browser name and its CPU usage.",
              "fullTitle": "Log Each Browsername and its cpu usage use .each() to log each browser name and its CPU usage.",
              "timedOut": null,
              "duration": 1267,
              "state": "passed",
              "speed": "fast",
              "pass": true,
              "fail": false,
              "pending": false,
              "context": null,
              "code": "cy.visit('https://practice.expandtesting.com/dynamic-table');\ncy.get(\"table[class='table table-striped'] tbody tr \").each(($tr, i) => {\n  var _find;\n  const $td = $tr.find('td');\n  const browsername = $td.eq(0).text();\n  const cpuUsage = (_find = [...$td].find(td => td.innerText.includes('%'))) === null || _find === void 0 ? void 0 : _find.innerText;\n  cy.log('Browser Name is ', browsername, 'cpu usage', cpuUsage);\n});",
              "err": {},
              "uuid": "3582c204-d144-4a53-82ef-3c5fdea7e569",
              "parentUUID": "b0ac55f7-07cc-498e-8caf-2a78512115ce",
              "isHook": false,
              "skipped": false
            },
            {
              "title": "Count how many browsers have CPU usage over 20%.",
              "fullTitle": "Log Each Browsername and its cpu usage Count how many browsers have CPU usage over 20%.",
              "timedOut": null,
              "duration": 1045,
              "state": "passed",
              "speed": "fast",
              "pass": true,
              "fail": false,
              "pending": false,
              "context": null,
              "code": "let count = 0;\ncy.visit('https://practice.expandtesting.com/dynamic-table');\ncy.get(\"table[class='table table-striped'] tbody tr \").each(($tr, i) => {\n  var _find2;\n  const $td = $tr.find('td');\n  const browsername = $td.eq(0).text();\n  const cpuUsageText = (_find2 = [...$td].find(td => td.innerText.includes('%'))) === null || _find2 === void 0 ? void 0 : _find2.innerText;\n  if (cpuUsageText) {\n    const cpuValue = parseFloat(cpuUsageText.replace('%', ''));\n    if (cpuValue > 20) {\n      count++;\n    }\n  }\n}).then(() => {\n  cy.log('Total browser count with>20 % is', count);\n});",
              "err": {},
              "uuid": "168a02ae-87e2-4dc6-b2c5-9e96fa00ab48",
              "parentUUID": "b0ac55f7-07cc-498e-8caf-2a78512115ce",
              "isHook": false,
              "skipped": false
            }
          ],
          "suites": [],
          "passes": [
            "3582c204-d144-4a53-82ef-3c5fdea7e569",
            "168a02ae-87e2-4dc6-b2c5-9e96fa00ab48"
          ],
          "failures": [],
          "pending": [],
          "skipped": [],
          "duration": 2312,
          "root": false,
          "rootEmpty": false,
          "_timeout": 2000
        }
      ],
      "passes": [],
      "failures": [],
      "pending": [],
      "skipped": [],
      "duration": 0,
      "root": true,
      "rootEmpty": true,
      "_timeout": 2000
    }
  ],
  "meta": {
    "mocha": {
      "version": "7.2.0"
    },
    "mochawesome": {
      "options": {
        "quiet": false,
        "reportFilename": "mochawesome",
        "saveHtml": false,
        "saveJson": true,
        "consoleReporter": "spec",
        "useInlineDiffs": false,
        "code": true
      },
      "version": "7.1.3"
    },
    "marge": {
      "options": {
        "reportDir": "reports/mochawesome",
        "overwrite": false,
        "html": false,
        "json": true
      },
      "version": "6.2.0"
    }
  }
}