{
  "stats": {
    "suites": 0,
    "tests": 2,
    "passes": 2,
    "pending": 0,
    "failures": 0,
    "start": "2025-08-14T09:13:24.191Z",
    "end": "2025-08-14T09:13:31.889Z",
    "duration": 7698,
    "testsRegistered": 2,
    "passPercent": 100,
    "pendingPercent": 0,
    "other": 0,
    "hasOther": false,
    "skipped": 0,
    "hasSkipped": false
  },
  "results": [
    {
      "uuid": "54418820-f7a1-4c15-ae77-3d10ad46f5db",
      "title": "",
      "fullFile": "cypress\\e2e\\scrolldragdrop_3.cy.js",
      "file": "cypress\\e2e\\scrolldragdrop_3.cy.js",
      "beforeHooks": [],
      "afterHooks": [],
      "tests": [
        {
          "title": "scroll in an element",
          "fullTitle": "scroll in an element",
          "timedOut": null,
          "duration": 4488,
          "state": "passed",
          "speed": "fast",
          "pass": true,
          "fail": false,
          "pending": false,
          "context": null,
          "code": "cy.visit(\"https://practice.expandtesting.com/scrollbars\");\n//scroll in to an element\n//cy.get(\"[id='search-input']\").type(\"scrollbars\")  \ncy.get('[style=\"height:150px;overflow-y: scroll;width:300px;overflow-x:scroll\"]').click();\ncy.get('#hidingButton').scrollIntoView().click();",
          "err": {},
          "uuid": "15df2da4-4c73-48bf-8d86-f59c3bca49b5",
          "parentUUID": "54418820-f7a1-4c15-ae77-3d10ad46f5db",
          "isHook": false,
          "skipped": false
        },
        {
          "title": "Drag and drop",
          "fullTitle": "Drag and drop",
          "timedOut": null,
          "duration": 3027,
          "state": "passed",
          "speed": "fast",
          "pass": true,
          "fail": false,
          "pending": false,
          "context": null,
          "code": "cy.visit(\"https://practice.expandtesting.com/drag-and-drop\");\n// Drag Box A and drop it on Box B\ncy.get('#column-a').drag('#column-b');\n// Optional: assert that they’ve swapped\ncy.get('#column-a header').should('have.text', 'B');\ncy.get('#column-b header').should('have.text', 'A');",
          "err": {},
          "uuid": "c46257dc-686a-424f-80e4-feee3aa9161b",
          "parentUUID": "54418820-f7a1-4c15-ae77-3d10ad46f5db",
          "isHook": false,
          "skipped": false
        }
      ],
      "suites": [],
      "passes": [
        "15df2da4-4c73-48bf-8d86-f59c3bca49b5",
        "c46257dc-686a-424f-80e4-feee3aa9161b"
      ],
      "failures": [],
      "pending": [],
      "skipped": [],
      "duration": 7515,
      "root": true,
      "rootEmpty": false,
      "_timeout": 2000
    }
  ],
  "meta": {
    "mocha": {
      "version": "7.2.0"
    },
    "mochawesome": {
      "options": {
        "quiet": false,
        "reportFilename": "mochawesome",
        "saveHtml": false,
        "saveJson": true,
        "consoleReporter": "spec",
        "useInlineDiffs": false,
        "code": true
      },
      "version": "7.1.3"
    },
    "marge": {
      "options": {
        "overwrite": false,
        "html": false,
        "json": true,
        "reportDir": "reports/mochawesome"
      },
      "version": "6.2.0"
    }
  }
}