{
  "stats": {
    "suites": 1,
    "tests": 4,
    "passes": 3,
    "pending": 0,
    "failures": 1,
    "start": "2025-08-14T05:05:22.746Z",
    "end": "2025-08-14T05:06:16.703Z",
    "duration": 53957,
    "testsRegistered": 4,
    "passPercent": 75,
    "pendingPercent": 0,
    "other": 0,
    "hasOther": false,
    "skipped": 0,
    "hasSkipped": false
  },
  "results": [
    {
      "uuid": "3f3a8d8b-83cb-4b18-aba8-a5ca792d487e",
      "title": "",
      "fullFile": "cypress\\e2e\\registrationForm.cy.js",
      "file": "cypress\\e2e\\registrationForm.cy.js",
      "beforeHooks": [],
      "afterHooks": [],
      "tests": [],
      "suites": [
        {
          "uuid": "cceba40e-2e5b-4d57-81bf-78487aa6a791",
          "title": "Registration Form Tests",
          "fullFile": "",
          "file": "",
          "beforeHooks": [],
          "afterHooks": [],
          "tests": [
            {
              "title": " Registration Page",
              "fullTitle": "Registration Form Tests  Registration Page",
              "timedOut": null,
              "duration": 18791,
              "state": "failed",
              "speed": null,
              "pass": false,
              "fail": true,
              "pending": false,
              "context": "{\n  \"title\": \"cypress-mochawesome-reporter-screenshots\",\n  \"value\": [\n    [\n      \"\\\\registrationForm.cy.js\\\\Registration Form Tests --  Registration Page (failed).png\"\n    ]\n  ]\n}",
              "code": "cy.get('#username').type('test999');\ncy.get('#password').type('test888');\n//cy.get('input#confirmPassword', { timeout: 10000 }).should('be.visible').type('test1234');\ncy.get('#confirmPassword').type('test888');\ncy.get('button[type=submit]').click();\n// Redirect to login and show success message\ncy.url().should('include', '/login');\ncy.get('#flash').should('be.visible').and('contain.text', 'Successfully registered, you can log in now.');",
              "err": {
                "message": "AssertionError: Timed out retrying after 4000ms: expected 'https://practice.expandtesting.com/register' to include '/login'",
                "estack": "AssertionError: Timed out retrying after 4000ms: expected 'https://practice.expandtesting.com/register' to include '/login'\n    at Context.eval (webpack://cypress/./cypress/e2e/registrationForm.cy.js:18:13)",
                "diff": null
              },
              "uuid": "196e8fa4-f3a4-4547-ab42-d8b9da9ab00d",
              "parentUUID": "cceba40e-2e5b-4d57-81bf-78487aa6a791",
              "isHook": false,
              "skipped": false
            },
            {
              "title": "username validation",
              "fullTitle": "Registration Form Tests username validation",
              "timedOut": null,
              "duration": 12187,
              "state": "passed",
              "speed": "slow",
              "pass": true,
              "fail": false,
              "pending": false,
              "context": null,
              "code": "cy.get('#password').type('ValidPass');\ncy.get('#confirmPassword').type('ValidPass');\ncy.get('button[type=submit]').click();\ncy.get('#flash').should('be.visible').and('contain.text', 'All fields are required.');",
              "err": {},
              "uuid": "2c85006f-b4bd-4c86-8e1e-01f7d81197ba",
              "parentUUID": "cceba40e-2e5b-4d57-81bf-78487aa6a791",
              "isHook": false,
              "skipped": false
            },
            {
              "title": "Missing Password validation",
              "fullTitle": "Registration Form Tests Missing Password validation",
              "timedOut": null,
              "duration": 10886,
              "state": "passed",
              "speed": "slow",
              "pass": true,
              "fail": false,
              "pending": false,
              "context": null,
              "code": "cy.get('#username').type('test');\ncy.get('#confirmPassword').type('test123');\ncy.get('button[type=submit]').click();\ncy.get('#flash').should('be.visible').and('contain.text', 'All fields are required.');",
              "err": {},
              "uuid": "bb6f6b85-9398-4563-8c39-6c863f95de52",
              "parentUUID": "cceba40e-2e5b-4d57-81bf-78487aa6a791",
              "isHook": false,
              "skipped": false
            },
            {
              "title": "Non-matching passwords",
              "fullTitle": "Registration Form Tests Non-matching passwords",
              "timedOut": null,
              "duration": 11387,
              "state": "passed",
              "speed": "slow",
              "pass": true,
              "fail": false,
              "pending": false,
              "context": null,
              "code": "cy.get('#username').type('test');\ncy.get('#password').type('test123');\ncy.get('#confirmPassword').type('Mismatch123!');\ncy.get('button[type=submit]').click();\ncy.get('#flash').should('be.visible').and('contain.text', 'Passwords do not match.');",
              "err": {},
              "uuid": "c611ac54-3cf6-4c06-a48e-98ed95cfbe3f",
              "parentUUID": "cceba40e-2e5b-4d57-81bf-78487aa6a791",
              "isHook": false,
              "skipped": false
            }
          ],
          "suites": [],
          "passes": [
            "2c85006f-b4bd-4c86-8e1e-01f7d81197ba",
            "bb6f6b85-9398-4563-8c39-6c863f95de52",
            "c611ac54-3cf6-4c06-a48e-98ed95cfbe3f"
          ],
          "failures": [
            "196e8fa4-f3a4-4547-ab42-d8b9da9ab00d"
          ],
          "pending": [],
          "skipped": [],
          "duration": 53251,
          "root": false,
          "rootEmpty": false,
          "_timeout": 2000
        }
      ],
      "passes": [],
      "failures": [],
      "pending": [],
      "skipped": [],
      "duration": 0,
      "root": true,
      "rootEmpty": true,
      "_timeout": 2000
    }
  ],
  "meta": {
    "mocha": {
      "version": "7.2.0"
    },
    "mochawesome": {
      "options": {
        "quiet": false,
        "reportFilename": "mochawesome",
        "saveHtml": false,
        "saveJson": true,
        "consoleReporter": "spec",
        "useInlineDiffs": false,
        "code": true
      },
      "version": "7.1.3"
    },
    "marge": {
      "options": {
        "reportDir": "reports/mochawesome",
        "overwrite": false,
        "html": false,
        "json": true
      },
      "version": "6.2.0"
    }
  }
}