{
  "stats": {
    "suites": 1,
    "tests": 1,
    "passes": 1,
    "pending": 0,
    "failures": 0,
    "start": "2025-08-12T09:35:16.853Z",
    "end": "2025-08-12T09:35:17.516Z",
    "duration": 663,
    "testsRegistered": 1,
    "passPercent": 100,
    "pendingPercent": 0,
    "other": 0,
    "hasOther": false,
    "skipped": 0,
    "hasSkipped": false
  },
  "results": [
    {
      "uuid": "e00eab9e-adf2-4958-b887-3a2c4611cda0",
      "title": "",
      "fullFile": "cypress\\e2e\\deleteNoteAPI.cy.js",
      "file": "cypress\\e2e\\deleteNoteAPI.cy.js",
      "beforeHooks": [],
      "afterHooks": [],
      "tests": [],
      "suites": [
        {
          "uuid": "0f9d178e-ccdd-42af-9f8c-55ae5597c4ab",
          "title": "Delete a test note and validate cleanup",
          "fullFile": "",
          "file": "",
          "beforeHooks": [],
          "afterHooks": [],
          "tests": [
            {
              "title": "Deletes a note and confirms deletion",
              "fullTitle": "Delete a test note and validate cleanup Deletes a note and confirms deletion",
              "timedOut": null,
              "duration": 647,
              "state": "passed",
              "speed": "fast",
              "pass": true,
              "fail": false,
              "pending": false,
              "context": null,
              "code": "// Step 1: DELETE /notes/{id}\ncy.request({\n  method: 'DELETE',\n  url: `${baseUrl}/${noteId}`,\n  headers: {\n    Authorization: `Bearer ${token}`\n  },\n  failOnStatusCode: false\n}).then(response => {\n  // Step 2: Confirm status 204\n  expect(response.status).to.eq(200);\n});\n// Step 3: GET /notes and confirm note is gone\ncy.request({\n  method: 'GET',\n  url: baseUrl,\n  headers: {\n    Authorization: `Bearer ${token}`\n  }\n}).then(response => {\n  expect(response.status).to.eq(200);\n  //  //Validate the noteId no longer exists in the list\n  // const notes = response.body\n  // const found = notes.find(note => note.id === noteId)\n  // expect(found).to.be.undefined\n});",
              "err": {},
              "uuid": "8409380e-720c-4c11-8292-dd66e22ff71f",
              "parentUUID": "0f9d178e-ccdd-42af-9f8c-55ae5597c4ab",
              "isHook": false,
              "skipped": false
            }
          ],
          "suites": [],
          "passes": [
            "8409380e-720c-4c11-8292-dd66e22ff71f"
          ],
          "failures": [],
          "pending": [],
          "skipped": [],
          "duration": 647,
          "root": false,
          "rootEmpty": false,
          "_timeout": 2000
        }
      ],
      "passes": [],
      "failures": [],
      "pending": [],
      "skipped": [],
      "duration": 0,
      "root": true,
      "rootEmpty": true,
      "_timeout": 2000
    }
  ],
  "meta": {
    "mocha": {
      "version": "7.2.0"
    },
    "mochawesome": {
      "options": {
        "quiet": false,
        "reportFilename": "mochawesome",
        "saveHtml": false,
        "saveJson": true,
        "consoleReporter": "spec",
        "useInlineDiffs": false,
        "code": true
      },
      "version": "7.1.3"
    },
    "marge": {
      "options": {
        "reportDir": "reports/mochawesome",
        "overwrite": false,
        "html": false,
        "json": true
      },
      "version": "6.2.0"
    }
  }
}