{
  "stats": {
    "suites": 1,
    "tests": 1,
    "passes": 1,
    "pending": 0,
    "failures": 0,
    "start": "2025-08-12T09:36:01.082Z",
    "end": "2025-08-12T09:36:04.564Z",
    "duration": 3482,
    "testsRegistered": 1,
    "passPercent": 100,
    "pendingPercent": 0,
    "other": 0,
    "hasOther": false,
    "skipped": 0,
    "hasSkipped": false
  },
  "results": [
    {
      "uuid": "67e42ea3-e67e-4347-b58f-41bb808eb25d",
      "title": "",
      "fullFile": "cypress\\e2e\\loginFunctionalityPositive.cy.js",
      "file": "cypress\\e2e\\loginFunctionalityPositive.cy.js",
      "beforeHooks": [],
      "afterHooks": [],
      "tests": [],
      "suites": [
        {
          "uuid": "6d9873bb-118d-4368-b862-e26229a56fb5",
          "title": "Login Functionality Positive scenarios",
          "fullFile": "",
          "file": "",
          "beforeHooks": [],
          "afterHooks": [],
          "tests": [
            {
              "title": "Login in to application with valid credentials",
              "fullTitle": "Login Functionality Positive scenarios Login in to application with valid credentials",
              "timedOut": null,
              "duration": 3434,
              "state": "passed",
              "speed": "fast",
              "pass": true,
              "fail": false,
              "pending": false,
              "context": null,
              "code": "cy.visit('https://practice.expandtesting.com/login');\ncy.get('#username').type('practice');\ncy.get('#password').type('SuperSecretPassword!');\ncy.get('button[type=\"submit\"]').click();\n//Assert URL\ncy.url().should('include', '/secure');\n//Assert Success Message\ncy.get('#flash').should('be.visible').and('contain.text', 'You logged into a secure area!');\n//Assert Logout Button\ncy.get('a.button.secondary.radius').should('be.visible').and('contain.text', 'Logout');",
              "err": {},
              "uuid": "045e652e-3cac-44e5-955d-feaabaf87cda",
              "parentUUID": "6d9873bb-118d-4368-b862-e26229a56fb5",
              "isHook": false,
              "skipped": false
            }
          ],
          "suites": [],
          "passes": [
            "045e652e-3cac-44e5-955d-feaabaf87cda"
          ],
          "failures": [],
          "pending": [],
          "skipped": [],
          "duration": 3434,
          "root": false,
          "rootEmpty": false,
          "_timeout": 2000
        }
      ],
      "passes": [],
      "failures": [],
      "pending": [],
      "skipped": [],
      "duration": 0,
      "root": true,
      "rootEmpty": true,
      "_timeout": 2000
    }
  ],
  "meta": {
    "mocha": {
      "version": "7.2.0"
    },
    "mochawesome": {
      "options": {
        "quiet": false,
        "reportFilename": "mochawesome",
        "saveHtml": false,
        "saveJson": true,
        "consoleReporter": "spec",
        "useInlineDiffs": false,
        "code": true
      },
      "version": "7.1.3"
    },
    "marge": {
      "options": {
        "reportDir": "reports/mochawesome",
        "overwrite": false,
        "html": false,
        "json": true
      },
      "version": "6.2.0"
    }
  }
}