{
  "stats": {
    "suites": 1,
    "tests": 1,
    "passes": 1,
    "pending": 0,
    "failures": 0,
    "start": "2025-08-14T09:01:48.646Z",
    "end": "2025-08-14T09:01:48.810Z",
    "duration": 164,
    "testsRegistered": 1,
    "passPercent": 100,
    "pendingPercent": 0,
    "other": 0,
    "hasOther": false,
    "skipped": 0,
    "hasSkipped": false
  },
  "results": [
    {
      "uuid": "20f6593e-1f0d-4f5c-87fa-efb78821fb80",
      "title": "",
      "fullFile": "cypress\\e2e\\LoopNumbers.cy.js",
      "file": "cypress\\e2e\\LoopNumbers.cy.js",
      "beforeHooks": [],
      "afterHooks": [],
      "tests": [],
      "suites": [
        {
          "uuid": "041c1162-6817-401b-b1f5-d89d429d267b",
          "title": "loop Numbers",
          "fullFile": "",
          "file": "",
          "beforeHooks": [],
          "afterHooks": [],
          "tests": [
            {
              "title": "loop",
              "fullTitle": "loop Numbers loop",
              "timedOut": null,
              "duration": 108,
              "state": "passed",
              "speed": "fast",
              "pass": true,
              "fail": false,
              "pending": false,
              "context": null,
              "code": "for (let i = 1; i <= 10; i++) {\n  if (i % 2 === 0) {\n    cy.log(i);\n  }\n}",
              "err": {},
              "uuid": "b5c2fdc8-35a7-4e0d-a4f6-a0686e32bd84",
              "parentUUID": "041c1162-6817-401b-b1f5-d89d429d267b",
              "isHook": false,
              "skipped": false
            }
          ],
          "suites": [],
          "passes": [
            "b5c2fdc8-35a7-4e0d-a4f6-a0686e32bd84"
          ],
          "failures": [],
          "pending": [],
          "skipped": [],
          "duration": 108,
          "root": false,
          "rootEmpty": false,
          "_timeout": 2000
        }
      ],
      "passes": [],
      "failures": [],
      "pending": [],
      "skipped": [],
      "duration": 0,
      "root": true,
      "rootEmpty": true,
      "_timeout": 2000
    }
  ],
  "meta": {
    "mocha": {
      "version": "7.2.0"
    },
    "mochawesome": {
      "options": {
        "quiet": false,
        "reportFilename": "mochawesome",
        "saveHtml": false,
        "saveJson": true,
        "consoleReporter": "spec",
        "useInlineDiffs": false,
        "code": true
      },
      "version": "7.1.3"
    },
    "marge": {
      "options": {
        "overwrite": false,
        "html": false,
        "json": true,
        "reportDir": "reports/mochawesome"
      },
      "version": "6.2.0"
    }
  }
}