{
  "stats": {
    "suites": 1,
    "tests": 1,
    "passes": 0,
    "pending": 0,
    "failures": 1,
    "start": "2025-08-13T04:03:24.733Z",
    "end": "2025-08-13T04:03:46.776Z",
    "duration": 22043,
    "testsRegistered": 1,
    "passPercent": 0,
    "pendingPercent": 0,
    "other": 0,
    "hasOther": false,
    "skipped": 0,
    "hasSkipped": false
  },
  "results": [
    {
      "uuid": "b7e13996-aeac-4142-9062-dfd2838e6022",
      "title": "",
      "fullFile": "cypress\\e2e\\sampleTest.cy.js",
      "file": "cypress\\e2e\\sampleTest.cy.js",
      "beforeHooks": [],
      "afterHooks": [],
      "tests": [],
      "suites": [
        {
          "uuid": "4e9df4cb-9565-47e8-a63a-0302a959c4d8",
          "title": "My First Test",
          "fullFile": "",
          "file": "",
          "beforeHooks": [],
          "afterHooks": [],
          "tests": [
            {
              "title": "Visits a webpage and checks title",
              "fullTitle": "My First Test Visits a webpage and checks title",
              "timedOut": null,
              "duration": 21984,
              "state": "failed",
              "speed": null,
              "pass": false,
              "fail": true,
              "pending": false,
              "context": "{\n  \"title\": \"cypress-mochawesome-reporter-screenshots\",\n  \"value\": [\n    [\n      \"\\\\sampleTest.cy.js\\\\My First Test -- Visits a webpage and checks title (failed).png\"\n    ]\n  ]\n}",
              "code": "cy.visit('https://example.com');\ncy.get('h1').contains('Example Domain');",
              "err": {
                "message": "CypressError: `cy.visit()` failed trying to load:\n\nhttps://example.com/\n\nWe attempted to make an http request to this URL but the request failed without a response.\n\nWe received this error at the network level:\n\n  > Error: connect ETIMEDOUT 96.7.128.175:443\n\nCommon situations why this would fail:\n  - you don't have internet access\n  - you forgot to run / boot your web server\n  - your web server isn't accessible\n  - you have weird network configuration settings on your computer",
                "estack": "CypressError: `cy.visit()` failed trying to load:\n\nhttps://example.com/\n\nWe attempted to make an http request to this URL but the request failed without a response.\n\nWe received this error at the network level:\n\n  > Error: connect ETIMEDOUT 96.7.128.175:443\n\nCommon situations why this would fail:\n  - you don't have internet access\n  - you forgot to run / boot your web server\n  - your web server isn't accessible\n  - you have weird network configuration settings on your computer\n    at <unknown> (https://practice.expandtesting.com/__cypress/runner/cypress_runner.js:135051:74)\n    at visitFailedByErr (https://practice.expandtesting.com/__cypress/runner/cypress_runner.js:134441:12)\n    at <unknown> (https://practice.expandtesting.com/__cypress/runner/cypress_runner.js:135050:11)\n    at tryCatcher (https://practice.expandtesting.com/__cypress/runner/cypress_runner.js:1777:23)\n    at Promise._settlePromiseFromHandler (https://practice.expandtesting.com/__cypress/runner/cypress_runner.js:1489:31)\n    at Promise._settlePromise (https://practice.expandtesting.com/__cypress/runner/cypress_runner.js:1546:18)\n    at Promise._settlePromise0 (https://practice.expandtesting.com/__cypress/runner/cypress_runner.js:1591:10)\n    at Promise._settlePromises (https://practice.expandtesting.com/__cypress/runner/cypress_runner.js:1667:18)\n    at _drainQueueStep (https://practice.expandtesting.com/__cypress/runner/cypress_runner.js:2377:12)\n    at _drainQueue (https://practice.expandtesting.com/__cypress/runner/cypress_runner.js:2370:9)\n    at Async._drainQueues (https://practice.expandtesting.com/__cypress/runner/cypress_runner.js:2386:5)\n    at Async.drainQueues (https://practice.expandtesting.com/__cypress/runner/cypress_runner.js:2256:14)\nFrom Your Spec Code:\n    at Context.eval (webpack://cypress/./cypress/e2e/sampleTest.cy.js:3:4)\n\nFrom Node.js Internals:\n  Error: connect ETIMEDOUT 96.7.128.175:443\n      at TCPConnectWrap.afterConnect [as oncomplete] (node:net:1611:16)",
                "diff": null
              },
              "uuid": "4a233d69-44f2-4aa6-84d7-c3b35d5b4c3b",
              "parentUUID": "4e9df4cb-9565-47e8-a63a-0302a959c4d8",
              "isHook": false,
              "skipped": false
            }
          ],
          "suites": [],
          "passes": [],
          "failures": [
            "4a233d69-44f2-4aa6-84d7-c3b35d5b4c3b"
          ],
          "pending": [],
          "skipped": [],
          "duration": 21984,
          "root": false,
          "rootEmpty": false,
          "_timeout": 2000
        }
      ],
      "passes": [],
      "failures": [],
      "pending": [],
      "skipped": [],
      "duration": 0,
      "root": true,
      "rootEmpty": true,
      "_timeout": 2000
    }
  ],
  "meta": {
    "mocha": {
      "version": "7.2.0"
    },
    "mochawesome": {
      "options": {
        "quiet": false,
        "reportFilename": "mochawesome",
        "saveHtml": false,
        "saveJson": true,
        "consoleReporter": "spec",
        "useInlineDiffs": false,
        "code": true
      },
      "version": "7.1.3"
    },
    "marge": {
      "options": {
        "reportDir": "reports/mochawesome",
        "overwrite": false,
        "html": false,
        "json": true
      },
      "version": "6.2.0"
    }
  }
}