{
  "stats": {
    "suites": 1,
    "tests": 1,
    "passes": 0,
    "pending": 0,
    "failures": 1,
    "start": "2025-08-12T06:53:52.561Z",
    "end": "2025-08-12T06:53:53.123Z",
    "duration": 562,
    "testsRegistered": 1,
    "passPercent": 0,
    "pendingPercent": 0,
    "other": 0,
    "hasOther": false,
    "skipped": 0,
    "hasSkipped": false
  },
  "results": [
    {
      "uuid": "ed63cfdf-443e-4f46-a014-31cd6e03f1c2",
      "title": "",
      "fullFile": "cypress\\e2e\\registernewuserAPI.cy.js",
      "file": "cypress\\e2e\\registernewuserAPI.cy.js",
      "beforeHooks": [],
      "afterHooks": [],
      "tests": [],
      "suites": [
        {
          "uuid": "7a96e232-bf25-4884-9a29-458f8a906850",
          "title": "Register New User using API",
          "fullFile": "",
          "file": "",
          "beforeHooks": [],
          "afterHooks": [],
          "tests": [
            {
              "title": "create a new user",
              "fullTitle": "Register New User using API create a new user",
              "timedOut": null,
              "duration": 510,
              "state": "failed",
              "speed": null,
              "pass": false,
              "fail": true,
              "pending": false,
              "context": "{\n  \"title\": \"cypress-mochawesome-reporter-screenshots\",\n  \"value\": [\n    [\n      \"\\\\registernewuserAPI.cy.js\\\\Register New User using API -- create a new user (failed).png\"\n    ]\n  ]\n}",
              "code": "//const timestamp = Date.now()\nconst apidata = {\n  name: \"QAtester4\",\n  email: \"sssf4@abcd.com\",\n  password: \"QAPassword4\"\n};\ncy.request({\n  method: 'POST',\n  url: 'https://practice.expandtesting.com/notes/api/users/register',\n  body: apidata\n  //failOnStatusCode: false // allows manual status check\n}).then(res => {\n  cy.log(res);\n  // Step 2: Assert response status\n  expect(res.status).to.eq(201);\n  // Step 3: Validate success message\n  expect(res.body.message).to.eq('User account created successfully');\n});",
              "err": {
                "message": "CypressError: `cy.request()` failed on:\n\nhttps://practice.expandtesting.com/notes/api/users/register\n\nThe response we received from your web server was:\n\n  > 409: Conflict\n\nThis was considered a failure because the status code was not `2xx` or `3xx`.\n\nIf you do not want status codes to cause failures pass the option: `failOnStatusCode: false`\n\n-----------------------------------------------------------\n\nThe request we sent was:\n\nMethod: POST\nURL: https://practice.expandtesting.com/notes/api/users/register\nHeaders: {\n  \"Connection\": \"keep-alive\",\n  \"user-agent\": \"Mozilla/5.0 (Windows NT 10.0; Win64; x64) AppleWebKit/537.36 (KHTML, like Gecko) Cypress/14.5.0 Chrome/130.0.6723.137 Electron/33.2.1 Safari/537.36\",\n  \"accept\": \"*/*\",\n  \"accept-encoding\": \"gzip, deflate\",\n  \"content-type\": \"application/json\",\n  \"content-length\": 70\n}\nBody: {\"name\":\"QAtester4\",\"email\":\"sssf4@abcd.com\",\"password\":\"QAPassword4\"}\n\n-----------------------------------------------------------\n\nThe response we got was:\n\nStatus: 409 - Conflict\nHeaders: {\n  \"access-control-allow-origin\": \"*\",\n  \"access-control-allow-credentials\": \"true\",\n  \"access-control-allow-methods\": \"GET, POST, PUT, DELETE, PATCH\",\n  \"access-control-allow-headers\": \"Origin, X-Requested-With, Authorization, Content-Type, Accept, X-Auth-Token\",\n  \"content-type\": \"application/json; charset=utf-8\",\n  \"content-encoding\": \"gzip\",\n  \"etag\": \"W/\\\"60-1FDx49viOvdCVw+AmA0rzVYpPoA\\\"\",\n  \"set-cookie\": [\n    \"express:sess=eyJmbGFzaCI6e319; path=/; httponly\",\n    \"express:sess.sig=tdt42nQZiQvICqmrvHQ1_16fHk0; path=/; httponly\"\n  ],\n  \"date\": \"Tue, 12 Aug 2025 06:53:52 GMT\",\n  \"connection\": \"keep-alive\",\n  \"keep-alive\": \"timeout=5\",\n  \"transfer-encoding\": \"chunked\"\n}\nBody: {\n  \"success\": false,\n  \"status\": 409,\n  \"message\": \"An account already exists with the same email address\"\n}\n\n\nhttps://on.cypress.io/request",
                "estack": "CypressError: `cy.request()` failed on:\n\nhttps://practice.expandtesting.com/notes/api/users/register\n\nThe response we received from your web server was:\n\n  > 409: Conflict\n\nThis was considered a failure because the status code was not `2xx` or `3xx`.\n\nIf you do not want status codes to cause failures pass the option: `failOnStatusCode: false`\n\n-----------------------------------------------------------\n\nThe request we sent was:\n\nMethod: POST\nURL: https://practice.expandtesting.com/notes/api/users/register\nHeaders: {\n  \"Connection\": \"keep-alive\",\n  \"user-agent\": \"Mozilla/5.0 (Windows NT 10.0; Win64; x64) AppleWebKit/537.36 (KHTML, like Gecko) Cypress/14.5.0 Chrome/130.0.6723.137 Electron/33.2.1 Safari/537.36\",\n  \"accept\": \"*/*\",\n  \"accept-encoding\": \"gzip, deflate\",\n  \"content-type\": \"application/json\",\n  \"content-length\": 70\n}\nBody: {\"name\":\"QAtester4\",\"email\":\"sssf4@abcd.com\",\"password\":\"QAPassword4\"}\n\n-----------------------------------------------------------\n\nThe response we got was:\n\nStatus: 409 - Conflict\nHeaders: {\n  \"access-control-allow-origin\": \"*\",\n  \"access-control-allow-credentials\": \"true\",\n  \"access-control-allow-methods\": \"GET, POST, PUT, DELETE, PATCH\",\n  \"access-control-allow-headers\": \"Origin, X-Requested-With, Authorization, Content-Type, Accept, X-Auth-Token\",\n  \"content-type\": \"application/json; charset=utf-8\",\n  \"content-encoding\": \"gzip\",\n  \"etag\": \"W/\\\"60-1FDx49viOvdCVw+AmA0rzVYpPoA\\\"\",\n  \"set-cookie\": [\n    \"express:sess=eyJmbGFzaCI6e319; path=/; httponly\",\n    \"express:sess.sig=tdt42nQZiQvICqmrvHQ1_16fHk0; path=/; httponly\"\n  ],\n  \"date\": \"Tue, 12 Aug 2025 06:53:52 GMT\",\n  \"connection\": \"keep-alive\",\n  \"keep-alive\": \"timeout=5\",\n  \"transfer-encoding\": \"chunked\"\n}\nBody: {\n  \"success\": false,\n  \"status\": 409,\n  \"message\": \"An account already exists with the same email address\"\n}\n\n\nhttps://on.cypress.io/request\n    at <unknown> (https://practice.expandtesting.com/__cypress/runner/cypress_runner.js:136322:72)\n    at tryCatcher (https://practice.expandtesting.com/__cypress/runner/cypress_runner.js:1777:23)\n    at Promise._settlePromiseFromHandler (https://practice.expandtesting.com/__cypress/runner/cypress_runner.js:1489:31)\n    at Promise._settlePromise (https://practice.expandtesting.com/__cypress/runner/cypress_runner.js:1546:18)\n    at Promise._settlePromise0 (https://practice.expandtesting.com/__cypress/runner/cypress_runner.js:1591:10)\n    at Promise._settlePromises (https://practice.expandtesting.com/__cypress/runner/cypress_runner.js:1671:18)\n    at _drainQueueStep (https://practice.expandtesting.com/__cypress/runner/cypress_runner.js:2377:12)\n    at _drainQueue (https://practice.expandtesting.com/__cypress/runner/cypress_runner.js:2370:9)\n    at Async._drainQueues (https://practice.expandtesting.com/__cypress/runner/cypress_runner.js:2386:5)\n    at Async.drainQueues (https://practice.expandtesting.com/__cypress/runner/cypress_runner.js:2256:14)\nFrom Your Spec Code:\n    at Context.eval (webpack://cypress/./cypress/e2e/registernewuserAPI.cy.js:10:7)",
                "diff": null
              },
              "uuid": "1a6b3cbc-1e48-492e-bd40-8395ee5d541f",
              "parentUUID": "7a96e232-bf25-4884-9a29-458f8a906850",
              "isHook": false,
              "skipped": false
            }
          ],
          "suites": [],
          "passes": [],
          "failures": [
            "1a6b3cbc-1e48-492e-bd40-8395ee5d541f"
          ],
          "pending": [],
          "skipped": [],
          "duration": 510,
          "root": false,
          "rootEmpty": false,
          "_timeout": 2000
        }
      ],
      "passes": [],
      "failures": [],
      "pending": [],
      "skipped": [],
      "duration": 0,
      "root": true,
      "rootEmpty": true,
      "_timeout": 2000
    }
  ],
  "meta": {
    "mocha": {
      "version": "7.2.0"
    },
    "mochawesome": {
      "options": {
        "quiet": false,
        "reportFilename": "mochawesome",
        "saveHtml": false,
        "saveJson": true,
        "consoleReporter": "spec",
        "useInlineDiffs": false,
        "code": true
      },
      "version": "7.1.3"
    },
    "marge": {
      "options": {
        "reportDir": "reports/mochawesome",
        "overwrite": false,
        "html": false,
        "json": true
      },
      "version": "6.2.0"
    }
  }
}