{
  "stats": {
    "suites": 1,
    "tests": 1,
    "passes": 1,
    "pending": 0,
    "failures": 0,
    "start": "2025-08-14T04:59:09.363Z",
    "end": "2025-08-14T04:59:15.317Z",
    "duration": 5954,
    "testsRegistered": 1,
    "passPercent": 100,
    "pendingPercent": 0,
    "other": 0,
    "hasOther": false,
    "skipped": 0,
    "hasSkipped": false
  },
  "results": [
    {
      "uuid": "11b8c54e-ac99-4136-a06a-817d275c16d4",
      "title": "",
      "fullFile": "cypress\\e2e\\contextmenuPOM.cy.js",
      "file": "cypress\\e2e\\contextmenuPOM.cy.js",
      "beforeHooks": [],
      "afterHooks": [],
      "tests": [],
      "suites": [
        {
          "uuid": "05f63961-6ff0-47a7-ae3a-fc05a722051b",
          "title": "Context Menu Interaction Test",
          "fullFile": "",
          "file": "",
          "beforeHooks": [],
          "afterHooks": [],
          "tests": [
            {
              "title": "Should right click the box and validate the alert message",
              "fullTitle": "Context Menu Interaction Test Should right click the box and validate the alert message",
              "timedOut": null,
              "duration": 5885,
              "state": "passed",
              "speed": "medium",
              "pass": true,
              "fail": false,
              "pending": false,
              "context": null,
              "code": "contextMenuPage.rightClickBox();\n//cy.get('a[target=\"_blank\"]').invoke('removeAttr', 'target').click();\ncontextMenuPage.handleAlert('You selected a context menu');",
              "err": {},
              "uuid": "2a6fd1fe-fa00-4574-8019-a5b2e0559c34",
              "parentUUID": "05f63961-6ff0-47a7-ae3a-fc05a722051b",
              "isHook": false,
              "skipped": false
            }
          ],
          "suites": [],
          "passes": [
            "2a6fd1fe-fa00-4574-8019-a5b2e0559c34"
          ],
          "failures": [],
          "pending": [],
          "skipped": [],
          "duration": 5885,
          "root": false,
          "rootEmpty": false,
          "_timeout": 2000
        }
      ],
      "passes": [],
      "failures": [],
      "pending": [],
      "skipped": [],
      "duration": 0,
      "root": true,
      "rootEmpty": true,
      "_timeout": 2000
    }
  ],
  "meta": {
    "mocha": {
      "version": "7.2.0"
    },
    "mochawesome": {
      "options": {
        "quiet": false,
        "reportFilename": "mochawesome",
        "saveHtml": false,
        "saveJson": true,
        "consoleReporter": "spec",
        "useInlineDiffs": false,
        "code": true
      },
      "version": "7.1.3"
    },
    "marge": {
      "options": {
        "reportDir": "reports/mochawesome",
        "overwrite": false,
        "html": false,
        "json": true
      },
      "version": "6.2.0"
    }
  }
}