{
  "stats": {
    "suites": 1,
    "tests": 2,
    "passes": 1,
    "pending": 1,
    "failures": 0,
    "start": "2025-08-13T04:00:14.931Z",
    "end": "2025-08-13T04:00:15.055Z",
    "duration": 124,
    "testsRegistered": 2,
    "passPercent": 100,
    "pendingPercent": 50,
    "other": 0,
    "hasOther": false,
    "skipped": 0,
    "hasSkipped": false
  },
  "results": [
    {
      "uuid": "e7b34b59-576a-425e-9ab2-fe2ee84a4184",
      "title": "",
      "fullFile": "cypress\\e2e\\declareVariables.cy.js",
      "file": "cypress\\e2e\\declareVariables.cy.js",
      "beforeHooks": [],
      "afterHooks": [],
      "tests": [],
      "suites": [
        {
          "uuid": "c742f9bb-af38-42ef-a0f3-cec1192a4336",
          "title": "variabledeclaration",
          "fullFile": "",
          "file": "",
          "beforeHooks": [],
          "afterHooks": [],
          "tests": [
            {
              "title": "variablelet",
              "fullTitle": "variabledeclaration variablelet",
              "timedOut": null,
              "duration": 43,
              "state": "passed",
              "speed": "fast",
              "pass": true,
              "fail": false,
              "pending": false,
              "context": null,
              "code": "let b = 2;\nb = 3;\ncy.log(b);",
              "err": {},
              "uuid": "37ec637c-3535-48dc-a50f-19c6fe26a5bb",
              "parentUUID": "c742f9bb-af38-42ef-a0f3-cec1192a4336",
              "isHook": false,
              "skipped": false
            },
            {
              "title": "variableconst",
              "fullTitle": "variabledeclaration variableconst",
              "timedOut": null,
              "duration": 0,
              "state": "pending",
              "speed": null,
              "pass": false,
              "fail": false,
              "pending": true,
              "context": null,
              "code": "const c = 3;\nc = 4; //throws Error",
              "err": {},
              "uuid": "f8703a66-1dab-4f92-9433-ebaad457b08f",
              "parentUUID": "c742f9bb-af38-42ef-a0f3-cec1192a4336",
              "isHook": false,
              "skipped": false
            }
          ],
          "suites": [],
          "passes": [
            "37ec637c-3535-48dc-a50f-19c6fe26a5bb"
          ],
          "failures": [],
          "pending": [
            "f8703a66-1dab-4f92-9433-ebaad457b08f"
          ],
          "skipped": [],
          "duration": 43,
          "root": false,
          "rootEmpty": false,
          "_timeout": 2000
        }
      ],
      "passes": [],
      "failures": [],
      "pending": [],
      "skipped": [],
      "duration": 0,
      "root": true,
      "rootEmpty": true,
      "_timeout": 2000
    }
  ],
  "meta": {
    "mocha": {
      "version": "7.2.0"
    },
    "mochawesome": {
      "options": {
        "quiet": false,
        "reportFilename": "mochawesome",
        "saveHtml": false,
        "saveJson": true,
        "consoleReporter": "spec",
        "useInlineDiffs": false,
        "code": true
      },
      "version": "7.1.3"
    },
    "marge": {
      "options": {
        "reportDir": "reports/mochawesome",
        "overwrite": false,
        "html": false,
        "json": true
      },
      "version": "6.2.0"
    }
  }
}