{
  "stats": {
    "suites": 1,
    "tests": 1,
    "passes": 1,
    "pending": 0,
    "failures": 0,
    "start": "2025-08-13T05:11:44.030Z",
    "end": "2025-08-13T05:11:46.270Z",
    "duration": 2240,
    "testsRegistered": 1,
    "passPercent": 100,
    "pendingPercent": 0,
    "other": 0,
    "hasOther": false,
    "skipped": 0,
    "hasSkipped": false
  },
  "results": [
    {
      "uuid": "2bd4bf1e-f826-4826-b9e8-69e9cac834ab",
      "title": "",
      "fullFile": "cypress\\e2e\\contextmenuPOM.cy.js",
      "file": "cypress\\e2e\\contextmenuPOM.cy.js",
      "beforeHooks": [],
      "afterHooks": [],
      "tests": [],
      "suites": [
        {
          "uuid": "380d04d2-8dd4-40e4-9a18-5928de6469f8",
          "title": "Context Menu Interaction Test",
          "fullFile": "",
          "file": "",
          "beforeHooks": [],
          "afterHooks": [],
          "tests": [
            {
              "title": "Should right click the box and validate the alert message",
              "fullTitle": "Context Menu Interaction Test Should right click the box and validate the alert message",
              "timedOut": null,
              "duration": 2193,
              "state": "passed",
              "speed": "fast",
              "pass": true,
              "fail": false,
              "pending": false,
              "context": null,
              "code": "contextMenuPage.rightClickBox();\n//cy.get('a[target=\"_blank\"]').invoke('removeAttr', 'target').click();\ncontextMenuPage.handleAlert('You selected a context menu');",
              "err": {},
              "uuid": "167f6fa7-a66d-42c5-90c5-baa1b312c529",
              "parentUUID": "380d04d2-8dd4-40e4-9a18-5928de6469f8",
              "isHook": false,
              "skipped": false
            }
          ],
          "suites": [],
          "passes": [
            "167f6fa7-a66d-42c5-90c5-baa1b312c529"
          ],
          "failures": [],
          "pending": [],
          "skipped": [],
          "duration": 2193,
          "root": false,
          "rootEmpty": false,
          "_timeout": 2000
        }
      ],
      "passes": [],
      "failures": [],
      "pending": [],
      "skipped": [],
      "duration": 0,
      "root": true,
      "rootEmpty": true,
      "_timeout": 2000
    }
  ],
  "meta": {
    "mocha": {
      "version": "7.2.0"
    },
    "mochawesome": {
      "options": {
        "quiet": false,
        "reportFilename": "mochawesome",
        "saveHtml": false,
        "saveJson": true,
        "consoleReporter": "spec",
        "useInlineDiffs": false,
        "code": true
      },
      "version": "7.1.3"
    },
    "marge": {
      "options": {
        "reportDir": "reports/mochawesome",
        "overwrite": false,
        "html": false,
        "json": true
      },
      "version": "6.2.0"
    }
  }
}