{
  "stats": {
    "suites": 0,
    "tests": 2,
    "passes": 2,
    "pending": 0,
    "failures": 0,
    "start": "2025-08-13T04:03:49.390Z",
    "end": "2025-08-13T04:03:56.996Z",
    "duration": 7606,
    "testsRegistered": 2,
    "passPercent": 100,
    "pendingPercent": 0,
    "other": 0,
    "hasOther": false,
    "skipped": 0,
    "hasSkipped": false
  },
  "results": [
    {
      "uuid": "21631fbe-458f-477b-b5ff-3f66e58e77d2",
      "title": "",
      "fullFile": "cypress\\e2e\\scrolldragdrop_3.cy.js",
      "file": "cypress\\e2e\\scrolldragdrop_3.cy.js",
      "beforeHooks": [],
      "afterHooks": [],
      "tests": [
        {
          "title": "scroll in an element",
          "fullTitle": "scroll in an element",
          "timedOut": null,
          "duration": 4048,
          "state": "passed",
          "speed": "fast",
          "pass": true,
          "fail": false,
          "pending": false,
          "context": null,
          "code": "cy.visit(\"https://practice.expandtesting.com/scrollbars\");\n//scroll in to an element\n//cy.get(\"[id='search-input']\").type(\"scrollbars\")  \ncy.get('[style=\"height:150px;overflow-y: scroll;width:300px;overflow-x:scroll\"]').click();\ncy.get('#hidingButton').scrollIntoView().click();",
          "err": {},
          "uuid": "bb97518e-1899-4032-92ce-117accb82aab",
          "parentUUID": "21631fbe-458f-477b-b5ff-3f66e58e77d2",
          "isHook": false,
          "skipped": false
        },
        {
          "title": "Drag and drop",
          "fullTitle": "Drag and drop",
          "timedOut": null,
          "duration": 3333,
          "state": "passed",
          "speed": "fast",
          "pass": true,
          "fail": false,
          "pending": false,
          "context": null,
          "code": "cy.visit(\"https://practice.expandtesting.com/drag-and-drop\");\n// Drag Box A and drop it on Box B\ncy.get('#column-a').drag('#column-b');\n// Optional: assert that they’ve swapped\ncy.get('#column-a header').should('have.text', 'B');\ncy.get('#column-b header').should('have.text', 'A');",
          "err": {},
          "uuid": "c07d6ec2-b026-4954-b4b1-1beb2b7d31d5",
          "parentUUID": "21631fbe-458f-477b-b5ff-3f66e58e77d2",
          "isHook": false,
          "skipped": false
        }
      ],
      "suites": [],
      "passes": [
        "bb97518e-1899-4032-92ce-117accb82aab",
        "c07d6ec2-b026-4954-b4b1-1beb2b7d31d5"
      ],
      "failures": [],
      "pending": [],
      "skipped": [],
      "duration": 7381,
      "root": true,
      "rootEmpty": false,
      "_timeout": 2000
    }
  ],
  "meta": {
    "mocha": {
      "version": "7.2.0"
    },
    "mochawesome": {
      "options": {
        "quiet": false,
        "reportFilename": "mochawesome",
        "saveHtml": false,
        "saveJson": true,
        "consoleReporter": "spec",
        "useInlineDiffs": false,
        "code": true
      },
      "version": "7.1.3"
    },
    "marge": {
      "options": {
        "reportDir": "reports/mochawesome",
        "overwrite": false,
        "html": false,
        "json": true
      },
      "version": "6.2.0"
    }
  }
}