{
  "stats": {
    "suites": 1,
    "tests": 1,
    "passes": 1,
    "pending": 0,
    "failures": 0,
    "start": "2025-08-13T05:13:36.002Z",
    "end": "2025-08-13T05:13:43.216Z",
    "duration": 7214,
    "testsRegistered": 1,
    "passPercent": 100,
    "pendingPercent": 0,
    "other": 0,
    "hasOther": false,
    "skipped": 0,
    "hasSkipped": false
  },
  "results": [
    {
      "uuid": "ffd652ba-db6a-4133-999e-084560b88ff1",
      "title": "",
      "fullFile": "cypress\\e2e\\loginwithfixtureformdata_1b.cy.js",
      "file": "cypress\\e2e\\loginwithfixtureformdata_1b.cy.js",
      "beforeHooks": [],
      "afterHooks": [],
      "tests": [],
      "suites": [
        {
          "uuid": "fdf8ca74-a73a-4e7d-936d-f4ad4cdbaf3b",
          "title": "Login using fixture data",
          "fullFile": "",
          "file": "",
          "beforeHooks": [],
          "afterHooks": [],
          "tests": [
            {
              "title": "Login with form data from JSON file",
              "fullTitle": "Login using fixture data Login with form data from JSON file",
              "timedOut": null,
              "duration": 7096,
              "state": "passed",
              "speed": "medium",
              "pass": true,
              "fail": false,
              "pending": false,
              "context": null,
              "code": "// Load fixture\ncy.fixture('formData').then(data => {\n  cy.visit('https://practice.expandtesting.com/login');\n  // Fill in the form\n  cy.get('#username').type(data.username);\n  cy.get('#password').type(data.password);\n  cy.get('button[type=\"submit\"]').click();\n  // Validate login success\n  cy.url().should('include', '/secure');\n  cy.get('#flash').should('be.visible').and('contain.text', 'You logged into a secure area!');\n});",
              "err": {},
              "uuid": "671f8cd1-35f0-4b15-b6fe-77e163c08b62",
              "parentUUID": "fdf8ca74-a73a-4e7d-936d-f4ad4cdbaf3b",
              "isHook": false,
              "skipped": false
            }
          ],
          "suites": [],
          "passes": [
            "671f8cd1-35f0-4b15-b6fe-77e163c08b62"
          ],
          "failures": [],
          "pending": [],
          "skipped": [],
          "duration": 7096,
          "root": false,
          "rootEmpty": false,
          "_timeout": 2000
        }
      ],
      "passes": [],
      "failures": [],
      "pending": [],
      "skipped": [],
      "duration": 0,
      "root": true,
      "rootEmpty": true,
      "_timeout": 2000
    }
  ],
  "meta": {
    "mocha": {
      "version": "7.2.0"
    },
    "mochawesome": {
      "options": {
        "quiet": false,
        "reportFilename": "mochawesome",
        "saveHtml": false,
        "saveJson": true,
        "consoleReporter": "spec",
        "useInlineDiffs": false,
        "code": true
      },
      "version": "7.1.3"
    },
    "marge": {
      "options": {
        "reportDir": "reports/mochawesome",
        "overwrite": false,
        "html": false,
        "json": true
      },
      "version": "6.2.0"
    }
  }
}