{
  "stats": {
    "suites": 57,
    "tests": 172,
    "passes": 166,
    "pending": 0,
    "failures": 6,
    "testsRegistered": 172,
    "passPercent": 96.51162790697674,
    "pendingPercent": 0,
    "other": 0,
    "hasOther": false,
    "skipped": 0,
    "hasSkipped": false,
    "start": "2025-08-12T06:51:58.737Z",
    "end": "2025-08-12T06:56:42.630Z",
    "duration": 283893
  },
  "results": [
    {
      "uuid": "064682bf-37c9-4b92-b537-1a5d8c07819e",
      "title": "",
      "fullFile": "cypress\\e2e\\arrowFunction.cy.js",
      "file": "cypress\\e2e\\arrowFunction.cy.js",
      "beforeHooks": [],
      "afterHooks": [],
      "tests": [],
      "suites": [
        {
          "uuid": "9250f1ac-d873-4a49-a771-cba1b65240e6",
          "title": "Multiply three Numbers Example",
          "fullFile": "",
          "file": "",
          "beforeHooks": [],
          "afterHooks": [],
          "tests": [
            {
              "title": "Multiplies three numbers",
              "fullTitle": "Multiply three Numbers Example Multiplies three numbers",
              "timedOut": null,
              "duration": 31,
              "state": "passed",
              "speed": "fast",
              "pass": true,
              "fail": false,
              "pending": false,
              "context": null,
              "code": "const multiplyThreeNumbers = (a, b, c) => a * b * c;\nconst result = multiplyThreeNumbers(4, 6, 8);\ncy.log(`The multiplication of three numbers: ${result}`);",
              "err": {},
              "uuid": "14e956d7-dca6-42ce-a79a-68c6fa7eb729",
              "parentUUID": "9250f1ac-d873-4a49-a771-cba1b65240e6",
              "isHook": false,
              "skipped": false
            }
          ],
          "suites": [],
          "passes": [
            "14e956d7-dca6-42ce-a79a-68c6fa7eb729"
          ],
          "failures": [],
          "pending": [],
          "skipped": [],
          "duration": 31,
          "root": false,
          "rootEmpty": false,
          "_timeout": 2000
        }
      ],
      "passes": [],
      "failures": [],
      "pending": [],
      "skipped": [],
      "duration": 0,
      "root": true,
      "rootEmpty": true,
      "_timeout": 2000
    },
    {
      "uuid": "a9ca3116-bf69-48bf-b661-0e581e6a9afe",
      "title": "",
      "fullFile": "cypress\\e2e\\assertionsExamples.cy.js",
      "file": "cypress\\e2e\\assertionsExamples.cy.js",
      "beforeHooks": [],
      "afterHooks": [],
      "tests": [],
      "suites": [
        {
          "uuid": "01e4181c-d5f8-4ce8-bf0f-f9a1c0021d1f",
          "title": "Assertions Page - Cypress Tests",
          "fullFile": "",
          "file": "",
          "beforeHooks": [],
          "afterHooks": [],
          "tests": [
            {
              "title": "should assert element existence, visibility, and text content",
              "fullTitle": "Assertions Page - Cypress Tests should assert element existence, visibility, and text content",
              "timedOut": null,
              "duration": 2296,
              "state": "passed",
              "speed": "fast",
              "pass": true,
              "fail": false,
              "pending": false,
              "context": null,
              "code": "cy.visit('https://practice.expandtesting.com/#assertions');\n//Assert: Element exists\ncy.get('.btn-warning').should('exist');\n//cy.get('#exist-element') .should('exist');\n// Assert: Element has specific text\ncy.get('.btn-primary').should('have.text', 'Test Cases');\n// Assert: Element is visible\ncy.get('.btn-success').should('be.visible');",
              "err": {},
              "uuid": "ba109af5-e036-46c2-bd10-482e64ad44aa",
              "parentUUID": "01e4181c-d5f8-4ce8-bf0f-f9a1c0021d1f",
              "isHook": false,
              "skipped": false
            }
          ],
          "suites": [],
          "passes": [
            "ba109af5-e036-46c2-bd10-482e64ad44aa"
          ],
          "failures": [],
          "pending": [],
          "skipped": [],
          "duration": 2296,
          "root": false,
          "rootEmpty": false,
          "_timeout": 2000
        }
      ],
      "passes": [],
      "failures": [],
      "pending": [],
      "skipped": [],
      "duration": 0,
      "root": true,
      "rootEmpty": true,
      "_timeout": 2000
    },
    {
      "uuid": "6bbc50f2-d41a-462e-b5e7-2ba843151a2c",
      "title": "",
      "fullFile": "cypress\\e2e\\checkboxInteractions_2a.cy.js",
      "file": "cypress\\e2e\\checkboxInteractions_2a.cy.js",
      "beforeHooks": [],
      "afterHooks": [],
      "tests": [],
      "suites": [
        {
          "uuid": "f5ccd3ce-89c0-4b46-a123-5690e5d72a67",
          "title": "Checkboxes",
          "fullFile": "",
          "file": "",
          "beforeHooks": [],
          "afterHooks": [],
          "tests": [
            {
              "title": "check and uncheck each checkbox",
              "fullTitle": "Checkboxes check and uncheck each checkbox",
              "timedOut": null,
              "duration": 1682,
              "state": "passed",
              "speed": "fast",
              "pass": true,
              "fail": false,
              "pending": false,
              "context": null,
              "code": "cy.visit('https://practice.expandtesting.com/checkboxes');\n// Step 2: Locate all checkboxes (assume input[type=\"checkbox\"] is used)\ncy.get('input[type=\"checkbox\"]').each($checkbox => {\n  // Step 3: Check the checkbox\n  cy.wrap($checkbox).check().should('be.checked');\n  // Step 4: Uncheck the checkbox\n  cy.wrap($checkbox).uncheck().should('not.be.checked');\n});",
              "err": {},
              "uuid": "93f6f31c-1ba8-4d0d-9aa9-8afdbd3d6f57",
              "parentUUID": "f5ccd3ce-89c0-4b46-a123-5690e5d72a67",
              "isHook": false,
              "skipped": false
            }
          ],
          "suites": [],
          "passes": [
            "93f6f31c-1ba8-4d0d-9aa9-8afdbd3d6f57"
          ],
          "failures": [],
          "pending": [],
          "skipped": [],
          "duration": 1682,
          "root": false,
          "rootEmpty": false,
          "_timeout": 2000
        }
      ],
      "passes": [],
      "failures": [],
      "pending": [],
      "skipped": [],
      "duration": 0,
      "root": true,
      "rootEmpty": true,
      "_timeout": 2000
    },
    {
      "uuid": "227943bb-fb87-45a1-9ffc-d347a3d1c341",
      "title": "",
      "fullFile": "cypress\\e2e\\checkboxPOM.cy.js",
      "file": "cypress\\e2e\\checkboxPOM.cy.js",
      "beforeHooks": [],
      "afterHooks": [],
      "tests": [],
      "suites": [
        {
          "uuid": "3ad55666-7841-47a6-8f8c-f4cb2e88c5ce",
          "title": "Checkboxes Test with POM",
          "fullFile": "",
          "file": "",
          "beforeHooks": [],
          "afterHooks": [],
          "tests": [
            {
              "title": "Should check the first checkbox and uncheck the second",
              "fullTitle": "Checkboxes Test with POM Should check the first checkbox and uncheck the second",
              "timedOut": null,
              "duration": 1382,
              "state": "passed",
              "speed": "fast",
              "pass": true,
              "fail": false,
              "pending": false,
              "context": null,
              "code": "checkboxPage.checkFirstBox();\ncheckboxPage.uncheckSecondBox();\ncheckboxPage.validateCheckboxState([true, false]); // Validate both checkboxes",
              "err": {},
              "uuid": "2ecf7355-1a08-4dcf-b03e-5296eb599166",
              "parentUUID": "3ad55666-7841-47a6-8f8c-f4cb2e88c5ce",
              "isHook": false,
              "skipped": false
            }
          ],
          "suites": [],
          "passes": [
            "2ecf7355-1a08-4dcf-b03e-5296eb599166"
          ],
          "failures": [],
          "pending": [],
          "skipped": [],
          "duration": 1382,
          "root": false,
          "rootEmpty": false,
          "_timeout": 2000
        }
      ],
      "passes": [],
      "failures": [],
      "pending": [],
      "skipped": [],
      "duration": 0,
      "root": true,
      "rootEmpty": true,
      "_timeout": 2000
    },
    {
      "uuid": "efc574ed-b3b9-4636-af08-f6e9b0a5a7b1",
      "title": "",
      "fullFile": "cypress\\e2e\\contextmenuPOM.cy.js",
      "file": "cypress\\e2e\\contextmenuPOM.cy.js",
      "beforeHooks": [],
      "afterHooks": [],
      "tests": [],
      "suites": [
        {
          "uuid": "bd484371-73eb-48d8-8b20-bf5bb3a4869d",
          "title": "Context Menu Interaction Test",
          "fullFile": "",
          "file": "",
          "beforeHooks": [],
          "afterHooks": [],
          "tests": [
            {
              "title": "Should right click the box and validate the alert message",
              "fullTitle": "Context Menu Interaction Test Should right click the box and validate the alert message",
              "timedOut": null,
              "duration": 1506,
              "state": "passed",
              "speed": "fast",
              "pass": true,
              "fail": false,
              "pending": false,
              "context": null,
              "code": "contextMenuPage.rightClickBox();\n//cy.get('a[target=\"_blank\"]').invoke('removeAttr', 'target').click();\ncontextMenuPage.handleAlert('You selected a context menu');",
              "err": {},
              "uuid": "0af23264-dcbf-4d9e-8724-4fb93feded00",
              "parentUUID": "bd484371-73eb-48d8-8b20-bf5bb3a4869d",
              "isHook": false,
              "skipped": false
            }
          ],
          "suites": [],
          "passes": [
            "0af23264-dcbf-4d9e-8724-4fb93feded00"
          ],
          "failures": [],
          "pending": [],
          "skipped": [],
          "duration": 1506,
          "root": false,
          "rootEmpty": false,
          "_timeout": 2000
        }
      ],
      "passes": [],
      "failures": [],
      "pending": [],
      "skipped": [],
      "duration": 0,
      "root": true,
      "rootEmpty": true,
      "_timeout": 2000
    },
    {
      "uuid": "186909f0-73d1-4972-88c3-8484cf0cefb2",
      "title": "",
      "fullFile": "cypress\\e2e\\createNoteAPI.cy.js",
      "file": "cypress\\e2e\\createNoteAPI.cy.js",
      "beforeHooks": [],
      "afterHooks": [],
      "tests": [],
      "suites": [
        {
          "uuid": "56ed1a48-1682-4cb4-b2d7-6bed048b93e1",
          "title": "Create a Note",
          "fullFile": "",
          "file": "",
          "beforeHooks": [],
          "afterHooks": [],
          "tests": [
            {
              "title": "create a note and return an ID",
              "fullTitle": "Create a Note create a note and return an ID",
              "timedOut": null,
              "duration": 971,
              "state": "passed",
              "speed": "fast",
              "pass": true,
              "fail": false,
              "pending": false,
              "context": null,
              "code": "cy.request({\n  method: 'POST',\n  url: 'https://practice.expandtesting.com/notes/api/notes',\n  headers: {\n    'x-auth-token': token,\n    'Content-Type': 'application/json'\n  },\n  body: {\n    title: 'Test Note',\n    description: 'This is a test note created through API testing.',\n    category: 'Work'\n  }\n}).then(response => {\n  console.log('Response Body:', response.body);\n  cy.log(JSON.stringify(response.body));\n  // Basic response check\n  expect(response.status).to.eq(200);\n  // Adjust according to the actual structure\n  expect(response.body).to.have.property('data');\n  expect(response.body.data).to.have.property('id');\n  expect(response.body.data.title).to.eq('Test Note');\n});",
              "err": {},
              "uuid": "a85b97ce-1744-4d9b-8ca3-5fc79f1940fb",
              "parentUUID": "56ed1a48-1682-4cb4-b2d7-6bed048b93e1",
              "isHook": false,
              "skipped": false
            }
          ],
          "suites": [],
          "passes": [
            "a85b97ce-1744-4d9b-8ca3-5fc79f1940fb"
          ],
          "failures": [],
          "pending": [],
          "skipped": [],
          "duration": 971,
          "root": false,
          "rootEmpty": false,
          "_timeout": 2000
        }
      ],
      "passes": [],
      "failures": [],
      "pending": [],
      "skipped": [],
      "duration": 0,
      "root": true,
      "rootEmpty": true,
      "_timeout": 2000
    },
    {
      "uuid": "5bf38201-2040-46a1-bb86-f78b93dc860c",
      "title": "",
      "fullFile": "cypress\\e2e\\dataTypes.cy.js",
      "file": "cypress\\e2e\\dataTypes.cy.js",
      "beforeHooks": [],
      "afterHooks": [],
      "tests": [],
      "suites": [
        {
          "uuid": "54d6a001-1f25-45d9-82a7-10a78b3b801b",
          "title": "datatypes",
          "fullFile": "",
          "file": "",
          "beforeHooks": [],
          "afterHooks": [],
          "tests": [
            {
              "title": "arraydatatype",
              "fullTitle": "datatypes arraydatatype",
              "timedOut": null,
              "duration": 41,
              "state": "passed",
              "speed": "fast",
              "pass": true,
              "fail": false,
              "pending": false,
              "context": null,
              "code": "let numbers = [1, 2, 3, 4, 5];\nlet sum = 0;\nfor (let i = 0; i < numbers.length; i++) {\n  sum += numbers[i];\n  cy.log(\"Sum of the numbers is:\", sum);\n}",
              "err": {},
              "uuid": "4a956b54-7d97-456e-a66f-10808d03ed87",
              "parentUUID": "54d6a001-1f25-45d9-82a7-10a78b3b801b",
              "isHook": false,
              "skipped": false
            }
          ],
          "suites": [],
          "passes": [
            "4a956b54-7d97-456e-a66f-10808d03ed87"
          ],
          "failures": [],
          "pending": [],
          "skipped": [],
          "duration": 41,
          "root": false,
          "rootEmpty": false,
          "_timeout": 2000
        }
      ],
      "passes": [],
      "failures": [],
      "pending": [],
      "skipped": [],
      "duration": 0,
      "root": true,
      "rootEmpty": true,
      "_timeout": 2000
    },
    {
      "uuid": "2359141a-08e5-4f03-9f47-1208a556796c",
      "title": "",
      "fullFile": "cypress\\e2e\\declareVariables.cy.js",
      "file": "cypress\\e2e\\declareVariables.cy.js",
      "beforeHooks": [],
      "afterHooks": [],
      "tests": [],
      "suites": [
        {
          "uuid": "6408115e-331b-42f5-ad15-6b9afd27e014",
          "title": "variabledeclaration",
          "fullFile": "",
          "file": "",
          "beforeHooks": [],
          "afterHooks": [],
          "tests": [
            {
              "title": "variablelet",
              "fullTitle": "variabledeclaration variablelet",
              "timedOut": null,
              "duration": 29,
              "state": "passed",
              "speed": "fast",
              "pass": true,
              "fail": false,
              "pending": false,
              "context": null,
              "code": "let b = 2;\nb = 3;\ncy.log(b);",
              "err": {},
              "uuid": "1e47c79b-55e6-4385-b1d7-98f12cfb44f8",
              "parentUUID": "6408115e-331b-42f5-ad15-6b9afd27e014",
              "isHook": false,
              "skipped": false
            },
            {
              "title": "variableconst",
              "fullTitle": "variabledeclaration variableconst",
              "timedOut": null,
              "duration": 225,
              "state": "failed",
              "speed": null,
              "pass": false,
              "fail": true,
              "pending": false,
              "context": "{\n  \"title\": \"cypress-mochawesome-reporter-screenshots\",\n  \"value\": [\n    [\n      \"\\\\declareVariables.cy.js\\\\variabledeclaration -- variableconst (failed).png\"\n    ]\n  ]\n}",
              "code": "const c = 3;\nc = 4; //throws Error",
              "err": {
                "message": "TypeError: Assignment to constant variable.",
                "estack": "TypeError: Assignment to constant variable.\n    at Context.eval (webpack://cypress/./cypress/e2e/declareVariables.cy.js:14:1)\n    at runnable.fn (https://practice.expandtesting.com/__cypress/runner/cypress_runner.js:141791:19)\n    at callFn (https://practice.expandtesting.com/__cypress/runner/cypress_runner.js:160869:21)\n    at Runnable.run (https://practice.expandtesting.com/__cypress/runner/cypress_runner.js:160856:7)\n    at <unknown> (https://practice.expandtesting.com/__cypress/runner/cypress_runner.js:166946:30)\n    at PassThroughHandlerContext.finallyHandler (https://practice.expandtesting.com/__cypress/runner/cypress_runner.js:4042:23)\n    at PassThroughHandlerContext.tryCatcher (https://practice.expandtesting.com/__cypress/runner/cypress_runner.js:1777:23)\n    at Promise._settlePromiseFromHandler (https://practice.expandtesting.com/__cypress/runner/cypress_runner.js:1489:31)\n    at Promise._settlePromise (https://practice.expandtesting.com/__cypress/runner/cypress_runner.js:1546:18)",
                "diff": null
              },
              "uuid": "f2de1fad-2b98-4365-a13e-5a5dd3a88967",
              "parentUUID": "6408115e-331b-42f5-ad15-6b9afd27e014",
              "isHook": false,
              "skipped": false
            }
          ],
          "suites": [],
          "passes": [
            "1e47c79b-55e6-4385-b1d7-98f12cfb44f8"
          ],
          "failures": [
            "f2de1fad-2b98-4365-a13e-5a5dd3a88967"
          ],
          "pending": [],
          "skipped": [],
          "duration": 254,
          "root": false,
          "rootEmpty": false,
          "_timeout": 2000
        }
      ],
      "passes": [],
      "failures": [],
      "pending": [],
      "skipped": [],
      "duration": 0,
      "root": true,
      "rootEmpty": true,
      "_timeout": 2000
    },
    {
      "uuid": "b066ddea-a073-4619-bee2-a0dea9e6a073",
      "title": "",
      "fullFile": "cypress\\e2e\\deleteNoteAPI.cy.js",
      "file": "cypress\\e2e\\deleteNoteAPI.cy.js",
      "beforeHooks": [],
      "afterHooks": [],
      "tests": [],
      "suites": [
        {
          "uuid": "49080fcf-7bb7-46a6-a8fd-192abe33c5e2",
          "title": "Delete a test note and validate cleanup",
          "fullFile": "",
          "file": "",
          "beforeHooks": [],
          "afterHooks": [],
          "tests": [
            {
              "title": "Deletes a note and confirms deletion",
              "fullTitle": "Delete a test note and validate cleanup Deletes a note and confirms deletion",
              "timedOut": null,
              "duration": 694,
              "state": "passed",
              "speed": "fast",
              "pass": true,
              "fail": false,
              "pending": false,
              "context": null,
              "code": "// Step 1: DELETE /notes/{id}\ncy.request({\n  method: 'DELETE',\n  url: `${baseUrl}/${noteId}`,\n  headers: {\n    Authorization: `Bearer ${token}`\n  },\n  failOnStatusCode: false\n}).then(response => {\n  // Step 2: Confirm status 204\n  expect(response.status).to.eq(200);\n});\n// Step 3: GET /notes and confirm note is gone\ncy.request({\n  method: 'GET',\n  url: baseUrl,\n  headers: {\n    Authorization: `Bearer ${token}`\n  }\n}).then(response => {\n  expect(response.status).to.eq(200);\n  //  //Validate the noteId no longer exists in the list\n  // const notes = response.body\n  // const found = notes.find(note => note.id === noteId)\n  // expect(found).to.be.undefined\n});",
              "err": {},
              "uuid": "000dfa2a-7012-4458-9b6a-27a358c66a81",
              "parentUUID": "49080fcf-7bb7-46a6-a8fd-192abe33c5e2",
              "isHook": false,
              "skipped": false
            }
          ],
          "suites": [],
          "passes": [
            "000dfa2a-7012-4458-9b6a-27a358c66a81"
          ],
          "failures": [],
          "pending": [],
          "skipped": [],
          "duration": 694,
          "root": false,
          "rootEmpty": false,
          "_timeout": 2000
        }
      ],
      "passes": [],
      "failures": [],
      "pending": [],
      "skipped": [],
      "duration": 0,
      "root": true,
      "rootEmpty": true,
      "_timeout": 2000
    },
    {
      "uuid": "a6259431-316b-43c4-b97e-58840b14e27c",
      "title": "",
      "fullFile": "cypress\\e2e\\deleteNotesAPI.cy.js",
      "file": "cypress\\e2e\\deleteNotesAPI.cy.js",
      "beforeHooks": [],
      "afterHooks": [],
      "tests": [
        {
          "title": "Delete NotesAPI",
          "fullTitle": "Delete NotesAPI",
          "timedOut": null,
          "duration": 238,
          "state": "failed",
          "speed": null,
          "pass": false,
          "fail": true,
          "pending": false,
          "context": "{\n  \"title\": \"cypress-mochawesome-reporter-screenshots\",\n  \"value\": [\n    [\n      \"\\\\deleteNotesAPI.cy.js\\\\Delete NotesAPI (failed).png\"\n    ]\n  ]\n}",
          "code": "cy.get('@token').then(token => {\n  cy.get('@noteId').then(noteId => {\n    cy.request({\n      method: 'DELETE',\n      url: `https://practice.expandtesting.com/notes/api/notes/${noteId}`,\n      headers: {\n        'x-auth-token': token\n      },\n      body: noteData\n    }).then(res => {\n      cy.log(res);\n      expect(res.status).to.eq(200);\n      expect(res.body.message).to.eq('Note successfully deleted');\n    });\n  });\n});",
          "err": {
            "message": "CypressError: `cy.get()` could not find a registered alias for: `@token`.\nYou have not aliased anything yet.",
            "estack": "CypressError: `cy.get()` could not find a registered alias for: `@token`.\nYou have not aliased anything yet.\n    at $Cy.aliasNotFoundFor (https://practice.expandtesting.com/__cypress/runner/cypress_runner.js:135777:66)\n    at $Cy.getAlias (https://practice.expandtesting.com/__cypress/runner/cypress_runner.js:135720:12)\n    at <unknown> (https://practice.expandtesting.com/__cypress/runner/cypress_runner.js:135281:21)\n    at Object.subjectFn (https://practice.expandtesting.com/__cypress/runner/cypress_runner.js:147319:16)\n    at $Cy.verifyUpcomingAssertions (https://practice.expandtesting.com/__cypress/runner/cypress_runner.js:146641:31)\n    at onRetry (https://practice.expandtesting.com/__cypress/runner/cypress_runner.js:147310:15)\n    at retryQuery (https://practice.expandtesting.com/__cypress/runner/cypress_runner.js:147323:10)\n    at <unknown> (https://practice.expandtesting.com/__cypress/runner/cypress_runner.js:147476:17)\n    at tryCatcher (https://practice.expandtesting.com/__cypress/runner/cypress_runner.js:1777:23)\n    at Promise._settlePromiseFromHandler (https://practice.expandtesting.com/__cypress/runner/cypress_runner.js:1489:31)\n    at Promise._settlePromise (https://practice.expandtesting.com/__cypress/runner/cypress_runner.js:1546:18)\n    at Promise._settlePromiseCtx (https://practice.expandtesting.com/__cypress/runner/cypress_runner.js:1583:10)\n    at _drainQueueStep (https://practice.expandtesting.com/__cypress/runner/cypress_runner.js:2381:12)\n    at _drainQueue (https://practice.expandtesting.com/__cypress/runner/cypress_runner.js:2370:9)\n    at Async._drainQueues (https://practice.expandtesting.com/__cypress/runner/cypress_runner.js:2386:5)\n    at Async.drainQueues (https://practice.expandtesting.com/__cypress/runner/cypress_runner.js:2256:14)\nFrom Your Spec Code:\n    at Context.eval (webpack://cypress/./cypress/e2e/deleteNotesAPI.cy.js:2:7)",
            "diff": null
          },
          "uuid": "dfb1ac16-a9db-41b4-913a-44c641808446",
          "parentUUID": "a6259431-316b-43c4-b97e-58840b14e27c",
          "isHook": false,
          "skipped": false
        }
      ],
      "suites": [],
      "passes": [],
      "failures": [
        "dfb1ac16-a9db-41b4-913a-44c641808446"
      ],
      "pending": [],
      "skipped": [],
      "duration": 238,
      "root": true,
      "rootEmpty": false,
      "_timeout": 2000
    },
    {
      "uuid": "b3f70643-c431-4ff1-bcf4-edaf8827d581",
      "title": "",
      "fullFile": "cypress\\e2e\\dropdownPOM.cy.js",
      "file": "cypress\\e2e\\dropdownPOM.cy.js",
      "beforeHooks": [],
      "afterHooks": [],
      "tests": [],
      "suites": [
        {
          "uuid": "733ec688-63ae-4528-8488-a6163fef3959",
          "title": "Dropdown Handling Tests",
          "fullFile": "",
          "file": "",
          "beforeHooks": [],
          "afterHooks": [],
          "tests": [
            {
              "title": "Should select Option 1 and validate",
              "fullTitle": "Dropdown Handling Tests Should select Option 1 and validate",
              "timedOut": null,
              "duration": 1557,
              "state": "passed",
              "speed": "fast",
              "pass": true,
              "fail": false,
              "pending": false,
              "context": null,
              "code": "dropdownPage.selectOption('Option 1');\ndropdownPage.getSelectedOption().should('have.text', 'Option 1');",
              "err": {},
              "uuid": "007600b0-6b68-4902-8fbd-f0019a120f13",
              "parentUUID": "733ec688-63ae-4528-8488-a6163fef3959",
              "isHook": false,
              "skipped": false
            },
            {
              "title": "Should select Option 2 and validate",
              "fullTitle": "Dropdown Handling Tests Should select Option 2 and validate",
              "timedOut": null,
              "duration": 1383,
              "state": "passed",
              "speed": "fast",
              "pass": true,
              "fail": false,
              "pending": false,
              "context": null,
              "code": "dropdownPage.selectOption('Option 2');\ndropdownPage.getSelectedOption().should('have.text', 'Option 2');",
              "err": {},
              "uuid": "59359448-39d5-4c53-bd77-710c53004397",
              "parentUUID": "733ec688-63ae-4528-8488-a6163fef3959",
              "isHook": false,
              "skipped": false
            }
          ],
          "suites": [],
          "passes": [
            "007600b0-6b68-4902-8fbd-f0019a120f13",
            "59359448-39d5-4c53-bd77-710c53004397"
          ],
          "failures": [],
          "pending": [],
          "skipped": [],
          "duration": 2940,
          "root": false,
          "rootEmpty": false,
          "_timeout": 2000
        }
      ],
      "passes": [],
      "failures": [],
      "pending": [],
      "skipped": [],
      "duration": 0,
      "root": true,
      "rootEmpty": true,
      "_timeout": 2000
    },
    {
      "uuid": "ea6470d5-c3a1-4a85-b05e-740c899e3f39",
      "title": "",
      "fullFile": "cypress\\e2e\\dropdown_2b.cy.js",
      "file": "cypress\\e2e\\dropdown_2b.cy.js",
      "beforeHooks": [],
      "afterHooks": [],
      "tests": [],
      "suites": [
        {
          "uuid": "42b61f81-4e75-41c9-a67f-9fe03de678d9",
          "title": "Select \"India\" from the dropdown",
          "fullFile": "",
          "file": "",
          "beforeHooks": [],
          "afterHooks": [],
          "tests": [
            {
              "title": "select India from the country dropdown",
              "fullTitle": "Select \"India\" from the dropdown select India from the country dropdown",
              "timedOut": null,
              "duration": 1297,
              "state": "passed",
              "speed": "fast",
              "pass": true,
              "fail": false,
              "pending": false,
              "context": null,
              "code": "// Visit the dropdown page\ncy.visit('https://practice.expandtesting.com/dropdown');\n// Select \"India\" from the dropdown by visible text\ncy.get('#country').select('India').should('have.value', 'IN');",
              "err": {},
              "uuid": "81a2e3d8-8271-4793-973c-d90186992ec4",
              "parentUUID": "42b61f81-4e75-41c9-a67f-9fe03de678d9",
              "isHook": false,
              "skipped": false
            }
          ],
          "suites": [],
          "passes": [
            "81a2e3d8-8271-4793-973c-d90186992ec4"
          ],
          "failures": [],
          "pending": [],
          "skipped": [],
          "duration": 1297,
          "root": false,
          "rootEmpty": false,
          "_timeout": 2000
        }
      ],
      "passes": [],
      "failures": [],
      "pending": [],
      "skipped": [],
      "duration": 0,
      "root": true,
      "rootEmpty": true,
      "_timeout": 2000
    },
    {
      "uuid": "3547fda6-ba6e-449e-8c5c-6a1bea3cdfbb",
      "title": "",
      "fullFile": "cypress\\e2e\\dynamicHTMLTable_7.cy.js",
      "file": "cypress\\e2e\\dynamicHTMLTable_7.cy.js",
      "beforeHooks": [],
      "afterHooks": [],
      "tests": [],
      "suites": [
        {
          "uuid": "13fadbdf-61fb-453f-b4e7-bec3f1afa5a5",
          "title": "Log browser name and CPU usage on dynamic-table",
          "fullFile": "",
          "file": "",
          "beforeHooks": [],
          "afterHooks": [],
          "tests": [
            {
              "title": "Logs browser and CPU usage",
              "fullTitle": "Log browser name and CPU usage on dynamic-table Logs browser and CPU usage",
              "timedOut": null,
              "duration": 1219,
              "state": "passed",
              "speed": "fast",
              "pass": true,
              "fail": false,
              "pending": false,
              "context": null,
              "code": "cy.visit('https://practice.expandtesting.com/dynamic-table');\ncy.get('table.table-striped tbody tr').each(($row, index) => {\n  const browserName = $row.find('td').eq(0).text();\n  const cpuUsage = $row.find('td').eq(2).text();\n  cy.get('table.table-striped tbody tr').should('have.length.at.least', 1);\n  cy.log(`Row ${index + 1}: Browser = ${browserName}, CPU Usage = ${cpuUsage}`);\n  expect(browserName).to.not.be.empty;\n  expect(cpuUsage).to.not.be.empty;\n});",
              "err": {},
              "uuid": "a216cec8-0f21-4826-be98-0c8532cb27fd",
              "parentUUID": "13fadbdf-61fb-453f-b4e7-bec3f1afa5a5",
              "isHook": false,
              "skipped": false
            },
            {
              "title": "Assert No cell is empty and Verify at least one browser has CPU usage above 15%",
              "fullTitle": "Log browser name and CPU usage on dynamic-table Assert No cell is empty and Verify at least one browser has CPU usage above 15%",
              "timedOut": null,
              "duration": 1299,
              "state": "passed",
              "speed": "fast",
              "pass": true,
              "fail": false,
              "pending": false,
              "context": null,
              "code": "cy.visit('https://practice.expandtesting.com/dynamic-table');\nlet cpuAbove15Found = false;\ncy.get(\"table.table-striped tbody tr\").each(($row, rowIndex, $rows) => {\n  const $cells = $row.find('td');\n  const browserName = $cells.eq(0).text().trim(); // 1. Assert browser name is not empty\n  expect(browserName).to.not.be.empty;\n  $cells.each((i, td) => {\n    const cellText = td.innerText;\n    expect(cellText).to.not.be.empty; // 2. Assert no cell is empty\n  });\n  const cpuCell = [...$cells].find(td => td.innerText.includes('%')); // 3. Check if any CPU usage > 15%\n  if (cpuCell) {\n    const cpuValue = parseFloat(cpuCell.innerText.replace('%', ''));\n    if (cpuValue > 15) {\n      cpuAbove15Found = true;\n    }\n  }\n}).then(() => {\n  expect(cpuAbove15Found, \"CPU Usage above 15 not found\").to.be.false; // Final assertion after looping all rows\n});",
              "err": {},
              "uuid": "e6606f9a-ace2-4dfb-be14-51ce303ed9c7",
              "parentUUID": "13fadbdf-61fb-453f-b4e7-bec3f1afa5a5",
              "isHook": false,
              "skipped": false
            }
          ],
          "suites": [],
          "passes": [
            "a216cec8-0f21-4826-be98-0c8532cb27fd",
            "e6606f9a-ace2-4dfb-be14-51ce303ed9c7"
          ],
          "failures": [],
          "pending": [],
          "skipped": [],
          "duration": 2518,
          "root": false,
          "rootEmpty": false,
          "_timeout": 2000
        }
      ],
      "passes": [],
      "failures": [],
      "pending": [],
      "skipped": [],
      "duration": 0,
      "root": true,
      "rootEmpty": true,
      "_timeout": 2000
    },
    {
      "uuid": "4310b4f7-77af-4151-9537-e321f6f8cbed",
      "title": "",
      "fullFile": "cypress\\e2e\\dynamicpagePOM.cy.js",
      "file": "cypress\\e2e\\dynamicpagePOM.cy.js",
      "beforeHooks": [],
      "afterHooks": [],
      "tests": [],
      "suites": [
        {
          "uuid": "a7141670-fdc0-421d-b2b9-ba125fdc6d74",
          "title": "Dynamic Content Validation",
          "fullFile": "",
          "file": "",
          "beforeHooks": [],
          "afterHooks": [],
          "tests": [
            {
              "title": "should detect dynamic content change after refresh",
              "fullTitle": "Dynamic Content Validation should detect dynamic content change after refresh",
              "timedOut": null,
              "duration": 2503,
              "state": "passed",
              "speed": "fast",
              "pass": true,
              "fail": false,
              "pending": false,
              "context": null,
              "code": "cy.visit('/dynamic-content');\n// Step 1: Get initial content\nlet firstLoadContent = [];\n_dynamicpage.default.getTextBlocks().then($blocks => {\n  $blocks.each((index, el) => {\n    firstLoadContent.push(el.innerText.trim());\n  });\n  // Step 2: Refresh the page\n  cy.reload();\n  // Step 3: Get new content\n  let secondLoadContent = [];\n  _dynamicpage.default.getTextBlocks().then($newBlocks => {\n    $newBlocks.each((index, el) => {\n      secondLoadContent.push(el.innerText.trim());\n    });\n    // Step 4: Compare the content\n    _dynamicpage.default.compareContent(firstLoadContent, secondLoadContent);\n  });\n});",
              "err": {},
              "uuid": "2b20ba32-8c13-477c-86e7-6e16ef6a7bd2",
              "parentUUID": "a7141670-fdc0-421d-b2b9-ba125fdc6d74",
              "isHook": false,
              "skipped": false
            }
          ],
          "suites": [],
          "passes": [
            "2b20ba32-8c13-477c-86e7-6e16ef6a7bd2"
          ],
          "failures": [],
          "pending": [],
          "skipped": [],
          "duration": 2503,
          "root": false,
          "rootEmpty": false,
          "_timeout": 2000
        }
      ],
      "passes": [],
      "failures": [],
      "pending": [],
      "skipped": [],
      "duration": 0,
      "root": true,
      "rootEmpty": true,
      "_timeout": 2000
    },
    {
      "uuid": "3d76c450-94af-4aee-9fc7-33faa02cc96b",
      "title": "",
      "fullFile": "cypress\\e2e\\extractandassertTabledata_6.cy.js",
      "file": "cypress\\e2e\\extractandassertTabledata_6.cy.js",
      "beforeHooks": [],
      "afterHooks": [],
      "tests": [],
      "suites": [
        {
          "uuid": "78b322eb-608e-4cf5-aeb2-21dd704d7b12",
          "title": "Find the column index for \"Memory\" and Print each row browser and corresponding memory usage",
          "fullFile": "",
          "file": "",
          "beforeHooks": [],
          "afterHooks": [],
          "tests": [
            {
              "title": "Find the column index for \"Memory\"",
              "fullTitle": "Find the column index for \"Memory\" and Print each row browser and corresponding memory usage Find the column index for \"Memory\"",
              "timedOut": null,
              "duration": 1187,
              "state": "passed",
              "speed": "fast",
              "pass": true,
              "fail": false,
              "pending": false,
              "context": null,
              "code": "cy.visit('https://practice.expandtesting.com/dynamic-table');\ncy.get(\"table.table-striped thead tr th\").then($tr => {\n  let memoryColumnIndex = -1;\n  $tr.each((index, th) => {\n    const tr = th.innerText;\n    if (tr == 'Memory') {\n      memoryColumnIndex = index;\n    }\n  });\n  cy.log('Memory column index: ', memoryColumnIndex);\n  cy.get(\"table.table-striped tbody tr\").each($trow => {\n    const $cells = $trow.find('td');\n    const browserName = $cells.eq(0).text().trim();\n    const memory = $cells.eq(memoryColumnIndex).text();\n    cy.log(browserName, ' Memory:', memory);\n  });\n});",
              "err": {},
              "uuid": "d32225d1-70bd-4437-a498-94a744541cb6",
              "parentUUID": "78b322eb-608e-4cf5-aeb2-21dd704d7b12",
              "isHook": false,
              "skipped": false
            }
          ],
          "suites": [],
          "passes": [
            "d32225d1-70bd-4437-a498-94a744541cb6"
          ],
          "failures": [],
          "pending": [],
          "skipped": [],
          "duration": 1187,
          "root": false,
          "rootEmpty": false,
          "_timeout": 2000
        }
      ],
      "passes": [],
      "failures": [],
      "pending": [],
      "skipped": [],
      "duration": 0,
      "root": true,
      "rootEmpty": true,
      "_timeout": 2000
    },
    {
      "uuid": "4dd71a30-90a6-457f-b5b3-3f66bdd0c594",
      "title": "",
      "fullFile": "cypress\\e2e\\fetchAllnotesAPI.cy.js",
      "file": "cypress\\e2e\\fetchAllnotesAPI.cy.js",
      "beforeHooks": [],
      "afterHooks": [],
      "tests": [],
      "suites": [
        {
          "uuid": "99dd83d2-11aa-4067-82d2-44c6bb620742",
          "title": "Fetch All Notes",
          "fullFile": "",
          "file": "",
          "beforeHooks": [],
          "afterHooks": [],
          "tests": [
            {
              "title": "create a new note",
              "fullTitle": "Fetch All Notes create a new note",
              "timedOut": null,
              "duration": 910,
              "state": "passed",
              "speed": "fast",
              "pass": true,
              "fail": false,
              "pending": false,
              "context": null,
              "code": "// Step 2: Create a note\ncy.request({\n  method: 'POST',\n  url: 'https://practice.expandtesting.com/notes/api/notes',\n  headers: {\n    'x-auth-token': token,\n    'Content-Type': 'application/json'\n  },\n  body: {\n    title: noteTitle,\n    description: noteDescription,\n    category: 'Personal'\n  }\n}).then(response => {\n  expect(response.status).to.eq(200);\n  createdNoteId = response.body.data.id;\n  expect(createdNoteId).to.exist;\n});",
              "err": {},
              "uuid": "bbdcd282-68ba-4a18-9fef-d676296a14de",
              "parentUUID": "99dd83d2-11aa-4067-82d2-44c6bb620742",
              "isHook": false,
              "skipped": false
            },
            {
              "title": "should fetch all notes and contain the newly created note",
              "fullTitle": "Fetch All Notes should fetch all notes and contain the newly created note",
              "timedOut": null,
              "duration": 395,
              "state": "passed",
              "speed": "fast",
              "pass": true,
              "fail": false,
              "pending": false,
              "context": null,
              "code": "// Step 3: Fetch all notes\ncy.request({\n  method: 'GET',\n  url: 'https://practice.expandtesting.com/notes/api/notes',\n  headers: {\n    'x-auth-token': token\n  }\n}).then(response => {\n  expect(response.status).to.eq(200);\n  expect(response.body).to.have.property('data');\n  expect(response.body.data).to.be.an('array');\n  // Step 4: Assert the created note exists in the array\n  const found = response.body.data.find(note =>\n  //note.id === createdNoteId && note.title === noteTitle\n  note.title === noteTitle && note.description === noteDescription);\n  expect(found, 'Newly created note should be in the list').to.exist;\n});",
              "err": {},
              "uuid": "e8a592b9-43d9-4e1c-ab84-6b216b2e0ab2",
              "parentUUID": "99dd83d2-11aa-4067-82d2-44c6bb620742",
              "isHook": false,
              "skipped": false
            }
          ],
          "suites": [],
          "passes": [
            "bbdcd282-68ba-4a18-9fef-d676296a14de",
            "e8a592b9-43d9-4e1c-ab84-6b216b2e0ab2"
          ],
          "failures": [],
          "pending": [],
          "skipped": [],
          "duration": 1305,
          "root": false,
          "rootEmpty": false,
          "_timeout": 2000
        }
      ],
      "passes": [],
      "failures": [],
      "pending": [],
      "skipped": [],
      "duration": 0,
      "root": true,
      "rootEmpty": true,
      "_timeout": 2000
    },
    {
      "uuid": "5738c24b-acd8-458a-9825-845c190c44ea",
      "title": "",
      "fullFile": "cypress\\e2e\\functionDeclaration.cy.js",
      "file": "cypress\\e2e\\functionDeclaration.cy.js",
      "beforeHooks": [],
      "afterHooks": [],
      "tests": [],
      "suites": [
        {
          "uuid": "061a090e-c290-47c6-ac41-1ac62cde329e",
          "title": "Logging Example",
          "fullFile": "",
          "file": "",
          "beforeHooks": [],
          "afterHooks": [],
          "tests": [
            {
              "title": "Logs the welcome message",
              "fullTitle": "Logging Example Logs the welcome message",
              "timedOut": null,
              "duration": 36,
              "state": "passed",
              "speed": "fast",
              "pass": true,
              "fail": false,
              "pending": false,
              "context": null,
              "code": "logWelcome();",
              "err": {},
              "uuid": "f4a4b886-71bd-4566-85b9-9bcfb0b748db",
              "parentUUID": "061a090e-c290-47c6-ac41-1ac62cde329e",
              "isHook": false,
              "skipped": false
            }
          ],
          "suites": [],
          "passes": [
            "f4a4b886-71bd-4566-85b9-9bcfb0b748db"
          ],
          "failures": [],
          "pending": [],
          "skipped": [],
          "duration": 36,
          "root": false,
          "rootEmpty": false,
          "_timeout": 2000
        }
      ],
      "passes": [],
      "failures": [],
      "pending": [],
      "skipped": [],
      "duration": 0,
      "root": true,
      "rootEmpty": true,
      "_timeout": 2000
    },
    {
      "uuid": "f909fd22-0c32-4966-884c-b6b5840c6ce0",
      "title": "",
      "fullFile": "cypress\\e2e\\functionExpression.cy.js",
      "file": "cypress\\e2e\\functionExpression.cy.js",
      "beforeHooks": [],
      "afterHooks": [],
      "tests": [],
      "suites": [
        {
          "uuid": "142de756-2f8d-4a8d-9b41-488bdc80fb05",
          "title": "function expression",
          "fullFile": "",
          "file": "",
          "beforeHooks": [],
          "afterHooks": [],
          "tests": [
            {
              "title": "Logs user email",
              "fullTitle": "function expression Logs user email",
              "timedOut": null,
              "duration": 32,
              "state": "passed",
              "speed": "fast",
              "pass": true,
              "fail": false,
              "pending": false,
              "context": null,
              "code": "const printUserEmail = function (email) {\n  cy.log(` User email: ${email}`);\n};\nprintUserEmail('cypresstesting@com');",
              "err": {},
              "uuid": "c24634ab-4d6e-46bd-8a47-471d26b0f3cf",
              "parentUUID": "142de756-2f8d-4a8d-9b41-488bdc80fb05",
              "isHook": false,
              "skipped": false
            }
          ],
          "suites": [],
          "passes": [
            "c24634ab-4d6e-46bd-8a47-471d26b0f3cf"
          ],
          "failures": [],
          "pending": [],
          "skipped": [],
          "duration": 32,
          "root": false,
          "rootEmpty": false,
          "_timeout": 2000
        }
      ],
      "passes": [],
      "failures": [],
      "pending": [],
      "skipped": [],
      "duration": 0,
      "root": true,
      "rootEmpty": true,
      "_timeout": 2000
    },
    {
      "uuid": "bc003c73-8107-444f-aa33-51a49b03902c",
      "title": "",
      "fullFile": "cypress\\e2e\\functionswithevenorodd.cy.js",
      "file": "cypress\\e2e\\functionswithevenorodd.cy.js",
      "beforeHooks": [],
      "afterHooks": [],
      "tests": [],
      "suites": [
        {
          "uuid": "348620d5-9863-46bb-9e8a-5d5b1ab8368c",
          "title": "OddorEven",
          "fullFile": "",
          "file": "",
          "beforeHooks": [],
          "afterHooks": [],
          "tests": [
            {
              "title": "OddorEven",
              "fullTitle": "OddorEven OddorEven",
              "timedOut": null,
              "duration": 37,
              "state": "passed",
              "speed": "fast",
              "pass": true,
              "fail": false,
              "pending": false,
              "context": null,
              "code": "function evenorodd(number) {\n  if (number % 2 === 0) {\n    cy.log(\"Even\");\n  } else {\n    cy.log(\"Odd\");\n  }\n}\nlet s = evenorodd(6);\ncy.log(s);",
              "err": {},
              "uuid": "4a788e65-b5af-40e5-9c41-d8dae5e7847b",
              "parentUUID": "348620d5-9863-46bb-9e8a-5d5b1ab8368c",
              "isHook": false,
              "skipped": false
            }
          ],
          "suites": [],
          "passes": [
            "4a788e65-b5af-40e5-9c41-d8dae5e7847b"
          ],
          "failures": [],
          "pending": [],
          "skipped": [],
          "duration": 37,
          "root": false,
          "rootEmpty": false,
          "_timeout": 2000
        }
      ],
      "passes": [],
      "failures": [],
      "pending": [],
      "skipped": [],
      "duration": 0,
      "root": true,
      "rootEmpty": true,
      "_timeout": 2000
    },
    {
      "uuid": "4fad843c-0b0b-4252-a242-6a15026d862a",
      "title": "",
      "fullFile": "cypress\\e2e\\loginFunctionalityNegative.cy.js",
      "file": "cypress\\e2e\\loginFunctionalityNegative.cy.js",
      "beforeHooks": [],
      "afterHooks": [],
      "tests": [],
      "suites": [
        {
          "uuid": "bfe7b235-762e-4767-9b27-00978ac92670",
          "title": "Login Functinality with Negative scenarios",
          "fullFile": "",
          "file": "",
          "beforeHooks": [],
          "afterHooks": [],
          "tests": [
            {
              "title": "invalid username",
              "fullTitle": "Login Functinality with Negative scenarios invalid username",
              "timedOut": null,
              "duration": 3852,
              "state": "passed",
              "speed": "fast",
              "pass": true,
              "fail": false,
              "pending": false,
              "context": null,
              "code": "cy.get('#username').type('testAbcd');\ncy.get('#password').type('SuperSecretPassword!');\ncy.get('button[type=\"submit\"]').click();\n// Assert error message for invalid username\ncy.get('#flash').should('be.visible').and('contain.text', 'Your username is invalid!');",
              "err": {},
              "uuid": "090eb1db-9793-40da-acb8-2ac08c2e38cc",
              "parentUUID": "bfe7b235-762e-4767-9b27-00978ac92670",
              "isHook": false,
              "skipped": false
            },
            {
              "title": "invalid password",
              "fullTitle": "Login Functinality with Negative scenarios invalid password",
              "timedOut": null,
              "duration": 3106,
              "state": "passed",
              "speed": "fast",
              "pass": true,
              "fail": false,
              "pending": false,
              "context": null,
              "code": "cy.get('#username').type('practice');\ncy.get('#password').type('cdeef!');\ncy.get('button[type=\"submit\"]').click();\n// Assert error message for invalid password\ncy.get('#flash').should('be.visible').and('contain.text', 'Your password is invalid!');",
              "err": {},
              "uuid": "3df55e14-1da4-47f5-ae2e-4071d1031376",
              "parentUUID": "bfe7b235-762e-4767-9b27-00978ac92670",
              "isHook": false,
              "skipped": false
            }
          ],
          "suites": [],
          "passes": [
            "090eb1db-9793-40da-acb8-2ac08c2e38cc",
            "3df55e14-1da4-47f5-ae2e-4071d1031376"
          ],
          "failures": [],
          "pending": [],
          "skipped": [],
          "duration": 6958,
          "root": false,
          "rootEmpty": false,
          "_timeout": 2000
        }
      ],
      "passes": [],
      "failures": [],
      "pending": [],
      "skipped": [],
      "duration": 0,
      "root": true,
      "rootEmpty": true,
      "_timeout": 2000
    },
    {
      "uuid": "9d5d524a-f399-4346-a0b0-e830a7544b33",
      "title": "",
      "fullFile": "cypress\\e2e\\loginFunctionalityPositive.cy.js",
      "file": "cypress\\e2e\\loginFunctionalityPositive.cy.js",
      "beforeHooks": [],
      "afterHooks": [],
      "tests": [],
      "suites": [
        {
          "uuid": "31974a1a-b88a-49dc-b5bf-33f6149aa0f8",
          "title": "Login Functionality Positive scenarios",
          "fullFile": "",
          "file": "",
          "beforeHooks": [],
          "afterHooks": [],
          "tests": [
            {
              "title": "Login in to application with valid credentials",
              "fullTitle": "Login Functionality Positive scenarios Login in to application with valid credentials",
              "timedOut": null,
              "duration": 3347,
              "state": "passed",
              "speed": "fast",
              "pass": true,
              "fail": false,
              "pending": false,
              "context": null,
              "code": "cy.visit('https://practice.expandtesting.com/login');\ncy.get('#username').type('practice');\ncy.get('#password').type('SuperSecretPassword!');\ncy.get('button[type=\"submit\"]').click();\n//Assert URL\ncy.url().should('include', '/secure');\n//Assert Success Message\ncy.get('#flash').should('be.visible').and('contain.text', 'You logged into a secure area!');\n//Assert Logout Button\ncy.get('a.button.secondary.radius').should('be.visible').and('contain.text', 'Logout');",
              "err": {},
              "uuid": "42c897c8-585a-4d47-947e-6286807d3642",
              "parentUUID": "31974a1a-b88a-49dc-b5bf-33f6149aa0f8",
              "isHook": false,
              "skipped": false
            }
          ],
          "suites": [],
          "passes": [
            "42c897c8-585a-4d47-947e-6286807d3642"
          ],
          "failures": [],
          "pending": [],
          "skipped": [],
          "duration": 3347,
          "root": false,
          "rootEmpty": false,
          "_timeout": 2000
        }
      ],
      "passes": [],
      "failures": [],
      "pending": [],
      "skipped": [],
      "duration": 0,
      "root": true,
      "rootEmpty": true,
      "_timeout": 2000
    },
    {
      "uuid": "45c1d430-f40b-427f-9ec6-4d95c0d8de79",
      "title": "",
      "fullFile": "cypress\\e2e\\loginandExtractToken.cy.js",
      "file": "cypress\\e2e\\loginandExtractToken.cy.js",
      "beforeHooks": [],
      "afterHooks": [],
      "tests": [],
      "suites": [
        {
          "uuid": "f7d9bdd7-1611-484e-8ead-43eafe717d7d",
          "title": "User Login API and Extract Token",
          "fullFile": "",
          "file": "",
          "beforeHooks": [],
          "afterHooks": [],
          "tests": [
            {
              "title": "log in and extract the token",
              "fullTitle": "User Login API and Extract Token log in and extract the token",
              "timedOut": null,
              "duration": 506,
              "state": "passed",
              "speed": "fast",
              "pass": true,
              "fail": false,
              "pending": false,
              "context": null,
              "code": "cy.request({\n  method: 'POST',\n  url: 'https://practice.expandtesting.com/notes/api/users/login',\n  body: apidata,\n  failOnStatusCode: false\n}).then(res => {\n  cy.log(res);\n  // Step 3: Assert response status\n  expect(res.status).to.eq(200);\n  // Step 2: Extract and validate token\n  //expect(response.body).to.have.property('token');\n  cy.log(res.body.message);\n  expect(res.body.message).to.eq(\"Login successful\");\n  const token = res.body.data.token;\n  expect(res.body.data.token).to.not.be.null;\n  //cy.log(authToken)\n  // Save token to alias for reuse\n  cy.wrap(token).as('authToken');\n});",
              "err": {},
              "uuid": "c5f0532e-8ab7-4b5d-a871-050bdc3bff64",
              "parentUUID": "f7d9bdd7-1611-484e-8ead-43eafe717d7d",
              "isHook": false,
              "skipped": false
            }
          ],
          "suites": [],
          "passes": [
            "c5f0532e-8ab7-4b5d-a871-050bdc3bff64"
          ],
          "failures": [],
          "pending": [],
          "skipped": [],
          "duration": 506,
          "root": false,
          "rootEmpty": false,
          "_timeout": 2000
        }
      ],
      "passes": [],
      "failures": [],
      "pending": [],
      "skipped": [],
      "duration": 0,
      "root": true,
      "rootEmpty": true,
      "_timeout": 2000
    },
    {
      "uuid": "ac78b2bd-2f86-401c-896d-36c9037cc683",
      "title": "",
      "fullFile": "cypress\\e2e\\loginandlogoutApplication.cy.js",
      "file": "cypress\\e2e\\loginandlogoutApplication.cy.js",
      "beforeHooks": [],
      "afterHooks": [],
      "tests": [],
      "suites": [
        {
          "uuid": "029a2276-41bd-4a77-8876-68a7032c8de4",
          "title": "loginApp",
          "fullFile": "",
          "file": "",
          "beforeHooks": [],
          "afterHooks": [],
          "tests": [
            {
              "title": "login to an application with valid credentials",
              "fullTitle": "loginApp login to an application with valid credentials",
              "timedOut": null,
              "duration": 3364,
              "state": "passed",
              "speed": "fast",
              "pass": true,
              "fail": false,
              "pending": false,
              "context": null,
              "code": "cy.visit(\"https://practice.expandtesting.com/login\");\n//cy.get('Username: ').contains('practice')\ncy.get('#username').type('practice');\ncy.get('#password').type('SuperSecretPassword!');\ncy.get('button[type=\"submit\"]').click();",
              "err": {},
              "uuid": "da7a863e-aef1-4fdd-8656-6fbafc30887a",
              "parentUUID": "029a2276-41bd-4a77-8876-68a7032c8de4",
              "isHook": false,
              "skipped": false
            },
            {
              "title": "logout to an application",
              "fullTitle": "loginApp logout to an application",
              "timedOut": null,
              "duration": 4571,
              "state": "passed",
              "speed": "fast",
              "pass": true,
              "fail": false,
              "pending": false,
              "context": null,
              "code": "cy.visit(\"https://practice.expandtesting.com/login\");\ncy.get('#username').type('practice');\ncy.get('#password').type('SuperSecretPassword!');\ncy.get('button[type=\"submit\"]').click();\ncy.get('i[class=\"icon-2x icon-signout\"]').click();",
              "err": {},
              "uuid": "598db4b6-d82a-418d-b3d2-252b00c79813",
              "parentUUID": "029a2276-41bd-4a77-8876-68a7032c8de4",
              "isHook": false,
              "skipped": false
            }
          ],
          "suites": [],
          "passes": [
            "da7a863e-aef1-4fdd-8656-6fbafc30887a",
            "598db4b6-d82a-418d-b3d2-252b00c79813"
          ],
          "failures": [],
          "pending": [],
          "skipped": [],
          "duration": 7935,
          "root": false,
          "rootEmpty": false,
          "_timeout": 2000
        }
      ],
      "passes": [],
      "failures": [],
      "pending": [],
      "skipped": [],
      "duration": 0,
      "root": true,
      "rootEmpty": true,
      "_timeout": 2000
    },
    {
      "uuid": "06e970b0-dc06-43c1-b604-0f3850ba95ac",
      "title": "",
      "fullFile": "cypress\\e2e\\loginpagePOM.cy.js",
      "file": "cypress\\e2e\\loginpagePOM.cy.js",
      "beforeHooks": [],
      "afterHooks": [],
      "tests": [],
      "suites": [
        {
          "uuid": "2e3a52e2-e5d4-487a-bcca-1bb91adae9f8",
          "title": "Login Page Testcase with POM",
          "fullFile": "",
          "file": "",
          "beforeHooks": [],
          "afterHooks": [],
          "tests": [
            {
              "title": "user should login and redirect to secure area",
              "fullTitle": "Login Page Testcase with POM user should login and redirect to secure area",
              "timedOut": null,
              "duration": 3472,
              "state": "passed",
              "speed": "fast",
              "pass": true,
              "fail": false,
              "pending": false,
              "context": null,
              "code": "_loginpage.default.enterUsername('practice');\n_loginpage.default.enterPassword('SuperSecretPassword!');\n_loginpage.default.clickLogin();\ncy.url().should('include', '/secure');\ncy.contains('You logged into a secure area!').should('be.visible');",
              "err": {},
              "uuid": "fb19b9d7-8826-45af-94d9-59432cd83674",
              "parentUUID": "2e3a52e2-e5d4-487a-bcca-1bb91adae9f8",
              "isHook": false,
              "skipped": false
            },
            {
              "title": "Invalid user login should show error message",
              "fullTitle": "Login Page Testcase with POM Invalid user login should show error message",
              "timedOut": null,
              "duration": 3342,
              "state": "passed",
              "speed": "fast",
              "pass": true,
              "fail": false,
              "pending": false,
              "context": null,
              "code": "_loginpage.default.enterUsername('abdcdef');\n_loginpage.default.enterPassword('dfdfdfd');\n_loginpage.default.clickLogin();\ncy.contains('Your username is invalid!').should('be.visible');\ncy.url().should('include', '/login');",
              "err": {},
              "uuid": "445a673d-f13c-494b-85fe-4f378137a78b",
              "parentUUID": "2e3a52e2-e5d4-487a-bcca-1bb91adae9f8",
              "isHook": false,
              "skipped": false
            }
          ],
          "suites": [],
          "passes": [
            "fb19b9d7-8826-45af-94d9-59432cd83674",
            "445a673d-f13c-494b-85fe-4f378137a78b"
          ],
          "failures": [],
          "pending": [],
          "skipped": [],
          "duration": 6814,
          "root": false,
          "rootEmpty": false,
          "_timeout": 2000
        }
      ],
      "passes": [],
      "failures": [],
      "pending": [],
      "skipped": [],
      "duration": 0,
      "root": true,
      "rootEmpty": true,
      "_timeout": 2000
    },
    {
      "uuid": "4f16c259-c9ab-4c14-a81e-0342dccc180c",
      "title": "",
      "fullFile": "cypress\\e2e\\loginwithCustomcommands.cy.js",
      "file": "cypress\\e2e\\loginwithCustomcommands.cy.js",
      "beforeHooks": [],
      "afterHooks": [],
      "tests": [],
      "suites": [
        {
          "uuid": "6bde8ed2-d8d0-4d32-a55b-e302886d659c",
          "title": "Login Application",
          "fullFile": "",
          "file": "",
          "beforeHooks": [],
          "afterHooks": [],
          "tests": [
            {
              "title": "Log in with valid credentials",
              "fullTitle": "Login Application Log in with valid credentials",
              "timedOut": null,
              "duration": 3595,
              "state": "passed",
              "speed": "fast",
              "pass": true,
              "fail": false,
              "pending": false,
              "context": null,
              "code": "cy.login('practice', 'SuperSecretPassword!');\ncy.url().should('include', '/secure');",
              "err": {},
              "uuid": "f7ce44d1-00b1-4190-ab0c-6d37a7866d60",
              "parentUUID": "6bde8ed2-d8d0-4d32-a55b-e302886d659c",
              "isHook": false,
              "skipped": false
            }
          ],
          "suites": [],
          "passes": [
            "f7ce44d1-00b1-4190-ab0c-6d37a7866d60"
          ],
          "failures": [],
          "pending": [],
          "skipped": [],
          "duration": 3595,
          "root": false,
          "rootEmpty": false,
          "_timeout": 2000
        }
      ],
      "passes": [],
      "failures": [],
      "pending": [],
      "skipped": [],
      "duration": 0,
      "root": true,
      "rootEmpty": true,
      "_timeout": 2000
    },
    {
      "uuid": "f75df4b4-3946-45dd-a943-4a6206e311de",
      "title": "",
      "fullFile": "cypress\\e2e\\loginwithfixture_1a.cy.js",
      "file": "cypress\\e2e\\loginwithfixture_1a.cy.js",
      "beforeHooks": [],
      "afterHooks": [],
      "tests": [],
      "suites": [
        {
          "uuid": "a0d7c22d-2ee2-4a3c-8f29-91947941a7e9",
          "title": "Login with fixture data",
          "fullFile": "",
          "file": "",
          "beforeHooks": [],
          "afterHooks": [],
          "tests": [
            {
              "title": "Logs in using data from user.json",
              "fullTitle": "Login with fixture data Logs in using data from user.json",
              "timedOut": null,
              "duration": 3281,
              "state": "passed",
              "speed": "fast",
              "pass": true,
              "fail": false,
              "pending": false,
              "context": null,
              "code": "cy.visit('https://practice.expandtesting.com/login');\n// Use fixture data to fill in login form\ncy.get('#username').type(this.userData.username);\ncy.get('#password').type(this.userData.password);\ncy.get('button[type=\"submit\"]').click();\n// Assertion \ncy.url().should('include', '/secure');\ncy.get('#flash').should('be.visible').and('contain.text', 'You logged into a secure area!');",
              "err": {},
              "uuid": "87a0b58b-1f57-4a56-92b0-252671f75e64",
              "parentUUID": "a0d7c22d-2ee2-4a3c-8f29-91947941a7e9",
              "isHook": false,
              "skipped": false
            }
          ],
          "suites": [],
          "passes": [
            "87a0b58b-1f57-4a56-92b0-252671f75e64"
          ],
          "failures": [],
          "pending": [],
          "skipped": [],
          "duration": 3281,
          "root": false,
          "rootEmpty": false,
          "_timeout": 2000
        }
      ],
      "passes": [],
      "failures": [],
      "pending": [],
      "skipped": [],
      "duration": 0,
      "root": true,
      "rootEmpty": true,
      "_timeout": 2000
    },
    {
      "uuid": "8e77d04d-f5f2-4a13-b959-e33c12bcd43d",
      "title": "",
      "fullFile": "cypress\\e2e\\loginwithfixtureformdata_1b.cy.js",
      "file": "cypress\\e2e\\loginwithfixtureformdata_1b.cy.js",
      "beforeHooks": [],
      "afterHooks": [],
      "tests": [],
      "suites": [
        {
          "uuid": "4352580d-6632-402f-95e1-8066edeea25e",
          "title": "Login using fixture data",
          "fullFile": "",
          "file": "",
          "beforeHooks": [],
          "afterHooks": [],
          "tests": [
            {
              "title": "Login with form data from JSON file",
              "fullTitle": "Login using fixture data Login with form data from JSON file",
              "timedOut": null,
              "duration": 3241,
              "state": "passed",
              "speed": "fast",
              "pass": true,
              "fail": false,
              "pending": false,
              "context": null,
              "code": "// Load fixture\ncy.fixture('formData').then(data => {\n  cy.visit('https://practice.expandtesting.com/login');\n  // Fill in the form\n  cy.get('#username').type(data.username);\n  cy.get('#password').type(data.password);\n  cy.get('button[type=\"submit\"]').click();\n  // Validate login success\n  cy.url().should('include', '/secure');\n  cy.get('#flash').should('be.visible').and('contain.text', 'You logged into a secure area!');\n});",
              "err": {},
              "uuid": "41fdc791-2757-41cc-b021-75fb12d515c9",
              "parentUUID": "4352580d-6632-402f-95e1-8066edeea25e",
              "isHook": false,
              "skipped": false
            }
          ],
          "suites": [],
          "passes": [
            "41fdc791-2757-41cc-b021-75fb12d515c9"
          ],
          "failures": [],
          "pending": [],
          "skipped": [],
          "duration": 3241,
          "root": false,
          "rootEmpty": false,
          "_timeout": 2000
        }
      ],
      "passes": [],
      "failures": [],
      "pending": [],
      "skipped": [],
      "duration": 0,
      "root": true,
      "rootEmpty": true,
      "_timeout": 2000
    },
    {
      "uuid": "03b02a46-c40e-426b-b76b-40629b5fe3fc",
      "title": "",
      "fullFile": "cypress\\e2e\\radiobutton_2c.cy.js",
      "file": "cypress\\e2e\\radiobutton_2c.cy.js",
      "beforeHooks": [],
      "afterHooks": [],
      "tests": [],
      "suites": [
        {
          "uuid": "18a02eff-9017-41a2-8b05-0cc64ceb5f78",
          "title": "Select Blue radio button",
          "fullFile": "",
          "file": "",
          "beforeHooks": [],
          "afterHooks": [],
          "tests": [
            {
              "title": "Select the Blue radio button",
              "fullTitle": "Select Blue radio button Select the Blue radio button",
              "timedOut": null,
              "duration": 1222,
              "state": "passed",
              "speed": "fast",
              "pass": true,
              "fail": false,
              "pending": false,
              "context": null,
              "code": "cy.visit('https://practice.expandtesting.com/radio-buttons');\n//blue radio button\ncy.get('input#blue').check().should('be.checked');",
              "err": {},
              "uuid": "00ffafb5-aea4-4be6-a589-8f310ec811d1",
              "parentUUID": "18a02eff-9017-41a2-8b05-0cc64ceb5f78",
              "isHook": false,
              "skipped": false
            }
          ],
          "suites": [],
          "passes": [
            "00ffafb5-aea4-4be6-a589-8f310ec811d1"
          ],
          "failures": [],
          "pending": [],
          "skipped": [],
          "duration": 1222,
          "root": false,
          "rootEmpty": false,
          "_timeout": 2000
        }
      ],
      "passes": [],
      "failures": [],
      "pending": [],
      "skipped": [],
      "duration": 0,
      "root": true,
      "rootEmpty": true,
      "_timeout": 2000
    },
    {
      "uuid": "0689f5f7-d7f5-4055-ac06-412a265ab544",
      "title": "",
      "fullFile": "cypress\\e2e\\registernewuser.cy.js",
      "file": "cypress\\e2e\\registernewuser.cy.js",
      "beforeHooks": [],
      "afterHooks": [],
      "tests": [],
      "suites": [
        {
          "uuid": "302fd3f2-fc6d-40de-9ea6-d4571c496bef",
          "title": "Register New User using API",
          "fullFile": "",
          "file": "",
          "beforeHooks": [],
          "afterHooks": [],
          "tests": [
            {
              "title": "create a new user",
              "fullTitle": "Register New User using API create a new user",
              "timedOut": null,
              "duration": 545,
              "state": "passed",
              "speed": "fast",
              "pass": true,
              "fail": false,
              "pending": false,
              "context": null,
              "code": "const timestamp = Date.now();\nconst user = {\n  name: 'QAtest',\n  email: `user${timestamp}@abc.com`,\n  password: 'QAPassword'\n};\ncy.request({\n  method: 'POST',\n  url: 'https://practice.expandtesting.com/notes/api/users/register',\n  body: user\n  //failOnStatusCode: false // allows manual status check\n}).then(res => {\n  // Step 2: Assert response status\n  expect(res.status).to.eq(201);\n  // Step 3: Validate success message\n  expect(res.body).to.have.property('message', 'User account created successfully');\n});",
              "err": {},
              "uuid": "fc893c8c-1314-4bf2-90c9-9d804e3fc278",
              "parentUUID": "302fd3f2-fc6d-40de-9ea6-d4571c496bef",
              "isHook": false,
              "skipped": false
            }
          ],
          "suites": [],
          "passes": [
            "fc893c8c-1314-4bf2-90c9-9d804e3fc278"
          ],
          "failures": [],
          "pending": [],
          "skipped": [],
          "duration": 545,
          "root": false,
          "rootEmpty": false,
          "_timeout": 2000
        }
      ],
      "passes": [],
      "failures": [],
      "pending": [],
      "skipped": [],
      "duration": 0,
      "root": true,
      "rootEmpty": true,
      "_timeout": 2000
    },
    {
      "uuid": "ed63cfdf-443e-4f46-a014-31cd6e03f1c2",
      "title": "",
      "fullFile": "cypress\\e2e\\registernewuserAPI.cy.js",
      "file": "cypress\\e2e\\registernewuserAPI.cy.js",
      "beforeHooks": [],
      "afterHooks": [],
      "tests": [],
      "suites": [
        {
          "uuid": "7a96e232-bf25-4884-9a29-458f8a906850",
          "title": "Register New User using API",
          "fullFile": "",
          "file": "",
          "beforeHooks": [],
          "afterHooks": [],
          "tests": [
            {
              "title": "create a new user",
              "fullTitle": "Register New User using API create a new user",
              "timedOut": null,
              "duration": 510,
              "state": "failed",
              "speed": null,
              "pass": false,
              "fail": true,
              "pending": false,
              "context": "{\n  \"title\": \"cypress-mochawesome-reporter-screenshots\",\n  \"value\": [\n    [\n      \"\\\\registernewuserAPI.cy.js\\\\Register New User using API -- create a new user (failed).png\"\n    ]\n  ]\n}",
              "code": "//const timestamp = Date.now()\nconst apidata = {\n  name: \"QAtester4\",\n  email: \"sssf4@abcd.com\",\n  password: \"QAPassword4\"\n};\ncy.request({\n  method: 'POST',\n  url: 'https://practice.expandtesting.com/notes/api/users/register',\n  body: apidata\n  //failOnStatusCode: false // allows manual status check\n}).then(res => {\n  cy.log(res);\n  // Step 2: Assert response status\n  expect(res.status).to.eq(201);\n  // Step 3: Validate success message\n  expect(res.body.message).to.eq('User account created successfully');\n});",
              "err": {
                "message": "CypressError: `cy.request()` failed on:\n\nhttps://practice.expandtesting.com/notes/api/users/register\n\nThe response we received from your web server was:\n\n  > 409: Conflict\n\nThis was considered a failure because the status code was not `2xx` or `3xx`.\n\nIf you do not want status codes to cause failures pass the option: `failOnStatusCode: false`\n\n-----------------------------------------------------------\n\nThe request we sent was:\n\nMethod: POST\nURL: https://practice.expandtesting.com/notes/api/users/register\nHeaders: {\n  \"Connection\": \"keep-alive\",\n  \"user-agent\": \"Mozilla/5.0 (Windows NT 10.0; Win64; x64) AppleWebKit/537.36 (KHTML, like Gecko) Cypress/14.5.0 Chrome/130.0.6723.137 Electron/33.2.1 Safari/537.36\",\n  \"accept\": \"*/*\",\n  \"accept-encoding\": \"gzip, deflate\",\n  \"content-type\": \"application/json\",\n  \"content-length\": 70\n}\nBody: {\"name\":\"QAtester4\",\"email\":\"sssf4@abcd.com\",\"password\":\"QAPassword4\"}\n\n-----------------------------------------------------------\n\nThe response we got was:\n\nStatus: 409 - Conflict\nHeaders: {\n  \"access-control-allow-origin\": \"*\",\n  \"access-control-allow-credentials\": \"true\",\n  \"access-control-allow-methods\": \"GET, POST, PUT, DELETE, PATCH\",\n  \"access-control-allow-headers\": \"Origin, X-Requested-With, Authorization, Content-Type, Accept, X-Auth-Token\",\n  \"content-type\": \"application/json; charset=utf-8\",\n  \"content-encoding\": \"gzip\",\n  \"etag\": \"W/\\\"60-1FDx49viOvdCVw+AmA0rzVYpPoA\\\"\",\n  \"set-cookie\": [\n    \"express:sess=eyJmbGFzaCI6e319; path=/; httponly\",\n    \"express:sess.sig=tdt42nQZiQvICqmrvHQ1_16fHk0; path=/; httponly\"\n  ],\n  \"date\": \"Tue, 12 Aug 2025 06:53:52 GMT\",\n  \"connection\": \"keep-alive\",\n  \"keep-alive\": \"timeout=5\",\n  \"transfer-encoding\": \"chunked\"\n}\nBody: {\n  \"success\": false,\n  \"status\": 409,\n  \"message\": \"An account already exists with the same email address\"\n}\n\n\nhttps://on.cypress.io/request",
                "estack": "CypressError: `cy.request()` failed on:\n\nhttps://practice.expandtesting.com/notes/api/users/register\n\nThe response we received from your web server was:\n\n  > 409: Conflict\n\nThis was considered a failure because the status code was not `2xx` or `3xx`.\n\nIf you do not want status codes to cause failures pass the option: `failOnStatusCode: false`\n\n-----------------------------------------------------------\n\nThe request we sent was:\n\nMethod: POST\nURL: https://practice.expandtesting.com/notes/api/users/register\nHeaders: {\n  \"Connection\": \"keep-alive\",\n  \"user-agent\": \"Mozilla/5.0 (Windows NT 10.0; Win64; x64) AppleWebKit/537.36 (KHTML, like Gecko) Cypress/14.5.0 Chrome/130.0.6723.137 Electron/33.2.1 Safari/537.36\",\n  \"accept\": \"*/*\",\n  \"accept-encoding\": \"gzip, deflate\",\n  \"content-type\": \"application/json\",\n  \"content-length\": 70\n}\nBody: {\"name\":\"QAtester4\",\"email\":\"sssf4@abcd.com\",\"password\":\"QAPassword4\"}\n\n-----------------------------------------------------------\n\nThe response we got was:\n\nStatus: 409 - Conflict\nHeaders: {\n  \"access-control-allow-origin\": \"*\",\n  \"access-control-allow-credentials\": \"true\",\n  \"access-control-allow-methods\": \"GET, POST, PUT, DELETE, PATCH\",\n  \"access-control-allow-headers\": \"Origin, X-Requested-With, Authorization, Content-Type, Accept, X-Auth-Token\",\n  \"content-type\": \"application/json; charset=utf-8\",\n  \"content-encoding\": \"gzip\",\n  \"etag\": \"W/\\\"60-1FDx49viOvdCVw+AmA0rzVYpPoA\\\"\",\n  \"set-cookie\": [\n    \"express:sess=eyJmbGFzaCI6e319; path=/; httponly\",\n    \"express:sess.sig=tdt42nQZiQvICqmrvHQ1_16fHk0; path=/; httponly\"\n  ],\n  \"date\": \"Tue, 12 Aug 2025 06:53:52 GMT\",\n  \"connection\": \"keep-alive\",\n  \"keep-alive\": \"timeout=5\",\n  \"transfer-encoding\": \"chunked\"\n}\nBody: {\n  \"success\": false,\n  \"status\": 409,\n  \"message\": \"An account already exists with the same email address\"\n}\n\n\nhttps://on.cypress.io/request\n    at <unknown> (https://practice.expandtesting.com/__cypress/runner/cypress_runner.js:136322:72)\n    at tryCatcher (https://practice.expandtesting.com/__cypress/runner/cypress_runner.js:1777:23)\n    at Promise._settlePromiseFromHandler (https://practice.expandtesting.com/__cypress/runner/cypress_runner.js:1489:31)\n    at Promise._settlePromise (https://practice.expandtesting.com/__cypress/runner/cypress_runner.js:1546:18)\n    at Promise._settlePromise0 (https://practice.expandtesting.com/__cypress/runner/cypress_runner.js:1591:10)\n    at Promise._settlePromises (https://practice.expandtesting.com/__cypress/runner/cypress_runner.js:1671:18)\n    at _drainQueueStep (https://practice.expandtesting.com/__cypress/runner/cypress_runner.js:2377:12)\n    at _drainQueue (https://practice.expandtesting.com/__cypress/runner/cypress_runner.js:2370:9)\n    at Async._drainQueues (https://practice.expandtesting.com/__cypress/runner/cypress_runner.js:2386:5)\n    at Async.drainQueues (https://practice.expandtesting.com/__cypress/runner/cypress_runner.js:2256:14)\nFrom Your Spec Code:\n    at Context.eval (webpack://cypress/./cypress/e2e/registernewuserAPI.cy.js:10:7)",
                "diff": null
              },
              "uuid": "1a6b3cbc-1e48-492e-bd40-8395ee5d541f",
              "parentUUID": "7a96e232-bf25-4884-9a29-458f8a906850",
              "isHook": false,
              "skipped": false
            }
          ],
          "suites": [],
          "passes": [],
          "failures": [
            "1a6b3cbc-1e48-492e-bd40-8395ee5d541f"
          ],
          "pending": [],
          "skipped": [],
          "duration": 510,
          "root": false,
          "rootEmpty": false,
          "_timeout": 2000
        }
      ],
      "passes": [],
      "failures": [],
      "pending": [],
      "skipped": [],
      "duration": 0,
      "root": true,
      "rootEmpty": true,
      "_timeout": 2000
    },
    {
      "uuid": "7b4e18c0-d306-4b8b-9ff3-12134dc487c7",
      "title": "",
      "fullFile": "cypress\\e2e\\registrationForm.cy.js",
      "file": "cypress\\e2e\\registrationForm.cy.js",
      "beforeHooks": [],
      "afterHooks": [],
      "tests": [],
      "suites": [
        {
          "uuid": "3fd607e6-5d78-4a3d-bebf-b88f50ea9180",
          "title": "Registration Form Tests",
          "fullFile": "",
          "file": "",
          "beforeHooks": [],
          "afterHooks": [],
          "tests": [
            {
              "title": " Registration Page",
              "fullTitle": "Registration Form Tests  Registration Page",
              "timedOut": null,
              "duration": 7586,
              "state": "failed",
              "speed": null,
              "pass": false,
              "fail": true,
              "pending": false,
              "context": "{\n  \"title\": \"cypress-mochawesome-reporter-screenshots\",\n  \"value\": [\n    [\n      \"\\\\registrationForm.cy.js\\\\Registration Form Tests --  Registration Page (failed).png\"\n    ]\n  ]\n}",
              "code": "cy.get('#username').type('testqa');\ncy.get('#password').type('test123');\ncy.get('input#confirmPassword', {\n  timeout: 10000\n}).should('be.visible').type('test123');\n//cy.get('#confirmPassword').type('test123')\ncy.get('button[type=submit]').click();\n// Redirect to login and show success message\ncy.url().should('include', '/login');\ncy.get('#flash').should('be.visible').and('contain.text', 'Successfully registered, you can log in now.');",
              "err": {
                "message": "AssertionError: Timed out retrying after 4000ms: expected 'https://practice.expandtesting.com/register' to include '/login'",
                "estack": "AssertionError: Timed out retrying after 4000ms: expected 'https://practice.expandtesting.com/register' to include '/login'\n    at Context.eval (webpack://cypress/./cypress/e2e/registrationForm.cy.js:18:13)",
                "diff": null
              },
              "uuid": "de39686c-b872-4067-b2c2-9a5b5857671e",
              "parentUUID": "3fd607e6-5d78-4a3d-bebf-b88f50ea9180",
              "isHook": false,
              "skipped": false
            },
            {
              "title": "username validation",
              "fullTitle": "Registration Form Tests username validation",
              "timedOut": null,
              "duration": 3371,
              "state": "passed",
              "speed": "fast",
              "pass": true,
              "fail": false,
              "pending": false,
              "context": null,
[...]
              "fullTitle": "Traversal .prevUntil() - get all previous sibling DOM elements until el",
              "timedOut": null,
              "duration": 98,
              "state": "passed",
              "speed": "fast",
              "pass": true,
              "fail": false,
              "pending": false,
              "context": null,
              "code": "// https://on.cypress.io/prevuntil\ncy.get('.foods-list').find('#nuts').prevUntil('#veggies').should('have.length', 3);",
              "err": {},
              "uuid": "67ac5923-6017-46f4-a138-963b6f4dc816",
              "parentUUID": "652554f3-9c02-4e4e-b16a-541d22125b36",
              "isHook": false,
              "skipped": false
            },
            {
              "title": ".siblings() - get all sibling DOM elements",
              "fullTitle": "Traversal .siblings() - get all sibling DOM elements",
              "timedOut": null,
              "duration": 115,
              "state": "passed",
              "speed": "fast",
              "pass": true,
              "fail": false,
              "pending": false,
              "context": null,
              "code": "// https://on.cypress.io/siblings\ncy.get('.traversal-pills .active').siblings().should('have.length', 2);",
              "err": {},
              "uuid": "f71dccb3-010a-4954-821e-db3fe145373b",
              "parentUUID": "652554f3-9c02-4e4e-b16a-541d22125b36",
              "isHook": false,
              "skipped": false
            }
          ],
          "suites": [],
          "passes": [
            "292330b0-3353-44e3-898e-92ea124fbc08",
            "a3330ad5-cb04-4527-8f51-a9055d8ef9fc",
            "e7af72ef-774c-4fd6-a93b-669af3d8f13c",
            "519f3989-df66-4e32-ab3d-ec4fbd150fa1",
            "f0752bfa-4dfa-4ff2-84d5-a5eeeff4a505",
            "31216b19-2f74-4114-aa0d-52808b9498ca",
            "cc200198-cfc3-410f-afc8-8d3914f8d073",
            "ad6daea5-079b-4d84-bba2-f3ddd83ec242",
            "5204205b-6640-4fe6-8f2d-f45f4071101c",
            "dd621c6b-8577-4062-ab13-a0075ba91dcd",
            "80bc5300-5327-4ac7-8fa1-ca3dc6487b2b",
            "29ff6964-f69e-43eb-8f03-0887e1f377a3",
            "484d935f-9832-421a-bf8c-3b332b857171",
            "0ab13a09-36b3-4995-a364-91ce9bea4892",
            "c0f0d9dc-aadf-495e-a519-e2f7a2e42da8",
            "6fe4c27f-6d17-4370-ad1f-98adb4adb7c7",
            "67ac5923-6017-46f4-a138-963b6f4dc816",
            "f71dccb3-010a-4954-821e-db3fe145373b"
          ],
          "failures": [],
          "pending": [],
          "skipped": [],
          "duration": 2486,
          "root": false,
          "rootEmpty": false,
          "_timeout": 2000
        }
      ],
      "passes": [],
      "failures": [],
      "pending": [],
      "skipped": [],
      "duration": 0,
      "root": true,
      "rootEmpty": true,
      "_timeout": 2000
    },
    {
      "uuid": "26ea5ffb-a0fd-4409-9b04-64d02e265738",
      "title": "",
      "fullFile": "cypress\\e2e\\2-advanced-examples\\utilities.cy.js",
      "file": "cypress\\e2e\\2-advanced-examples\\utilities.cy.js",
      "beforeHooks": [],
      "afterHooks": [],
      "tests": [],
      "suites": [
        {
          "uuid": "8e033b34-56a9-4870-b062-2523b578dd8d",
          "title": "Utilities",
          "fullFile": "",
          "file": "",
          "beforeHooks": [],
          "afterHooks": [],
          "tests": [
            {
              "title": "Cypress._ - call a lodash method",
              "fullTitle": "Utilities Cypress._ - call a lodash method",
              "timedOut": null,
              "duration": 580,
              "state": "passed",
              "speed": "fast",
              "pass": true,
              "fail": false,
              "pending": false,
              "context": null,
              "code": "// https://on.cypress.io/_\ncy.request('https://jsonplaceholder.cypress.io/users').then(response => {\n  let ids = Cypress._.chain(response.body).map('id').take(3).value();\n  expect(ids).to.deep.eq([1, 2, 3]);\n});",
              "err": {},
              "uuid": "fe115810-dcc3-45f2-b775-a653f8b2a4fd",
              "parentUUID": "8e033b34-56a9-4870-b062-2523b578dd8d",
              "isHook": false,
              "skipped": false
            },
            {
              "title": "Cypress.$ - call a jQuery method",
              "fullTitle": "Utilities Cypress.$ - call a jQuery method",
              "timedOut": null,
              "duration": 203,
              "state": "passed",
              "speed": "fast",
              "pass": true,
              "fail": false,
              "pending": false,
              "context": null,
              "code": "// https://on.cypress.io/$\nlet $li = Cypress.$('.utility-jquery li:first');\ncy.wrap($li).should('not.have.class', 'active');\ncy.wrap($li).click();\ncy.wrap($li).should('have.class', 'active');",
              "err": {},
              "uuid": "804caf9e-7a44-4f37-a604-33ec84707f29",
              "parentUUID": "8e033b34-56a9-4870-b062-2523b578dd8d",
              "isHook": false,
              "skipped": false
            },
            {
              "title": "Cypress.Blob - blob utilities and base64 string conversion",
              "fullTitle": "Utilities Cypress.Blob - blob utilities and base64 string conversion",
              "timedOut": null,
              "duration": 499,
              "state": "passed",
              "speed": "fast",
              "pass": true,
              "fail": false,
              "pending": false,
              "context": null,
              "code": "// https://on.cypress.io/blob\ncy.get('.utility-blob').then($div => {\n  // https://github.com/nolanlawson/blob-util#imgSrcToDataURL\n  // get the dataUrl string for the javascript-logo\n  return Cypress.Blob.imgSrcToDataURL('https://example.cypress.io/assets/img/javascript-logo.png', undefined, 'anonymous').then(dataUrl => {\n    // create an <img> element and set its src to the dataUrl\n    let img = Cypress.$('<img />', {\n      src: dataUrl\n    });\n    // need to explicitly return cy here since we are initially returning\n    // the Cypress.Blob.imgSrcToDataURL promise to our test\n    // append the image\n    $div.append(img);\n    cy.get('.utility-blob img').click();\n    cy.get('.utility-blob img').should('have.attr', 'src', dataUrl);\n  });\n});",
              "err": {},
              "uuid": "04867016-045a-46d2-80a1-5d98bc7a4a5b",
              "parentUUID": "8e033b34-56a9-4870-b062-2523b578dd8d",
              "isHook": false,
              "skipped": false
            },
            {
              "title": "Cypress.minimatch - test out glob patterns against strings",
              "fullTitle": "Utilities Cypress.minimatch - test out glob patterns against strings",
              "timedOut": null,
              "duration": 112,
              "state": "passed",
              "speed": "fast",
              "pass": true,
              "fail": false,
              "pending": false,
              "context": null,
              "code": "// https://on.cypress.io/minimatch\nlet matching = Cypress.minimatch('/users/1/comments', '/users/*/comments', {\n  matchBase: true\n});\nexpect(matching, 'matching wildcard').to.be.true;\nmatching = Cypress.minimatch('/users/1/comments/2', '/users/*/comments', {\n  matchBase: true\n});\nexpect(matching, 'comments').to.be.false;\n// ** matches against all downstream path segments\nmatching = Cypress.minimatch('/foo/bar/baz/123/quux?a=b&c=2', '/foo/**', {\n  matchBase: true\n});\nexpect(matching, 'comments').to.be.true;\n// whereas * matches only the next path segment\nmatching = Cypress.minimatch('/foo/bar/baz/123/quux?a=b&c=2', '/foo/*', {\n  matchBase: false\n});\nexpect(matching, 'comments').to.be.false;",
              "err": {},
              "uuid": "cd326ae6-9acd-4263-89ff-fcef901fd5e2",
              "parentUUID": "8e033b34-56a9-4870-b062-2523b578dd8d",
              "isHook": false,
              "skipped": false
            },
            {
              "title": "Cypress.Promise - instantiate a bluebird promise",
              "fullTitle": "Utilities Cypress.Promise - instantiate a bluebird promise",
              "timedOut": null,
              "duration": 1125,
              "state": "passed",
              "speed": "fast",
              "pass": true,
              "fail": false,
              "pending": false,
              "context": null,
              "code": "// https://on.cypress.io/promise\nlet waited = false;\n/**\n * @return Bluebird<string>\n */\nfunction waitOneSecond() {\n  // return a promise that resolves after 1 second\n  return new Cypress.Promise((resolve, reject) => {\n    setTimeout(() => {\n      // set waited to true\n      waited = true;\n      // resolve with 'foo' string\n      resolve('foo');\n    }, 1000);\n  });\n}\ncy.then(() => {\n  // return a promise to cy.then() that\n  // is awaited until it resolves\n  return waitOneSecond().then(str => {\n    expect(str).to.eq('foo');\n    expect(waited).to.be.true;\n  });\n});",
              "err": {},
              "uuid": "d9af98a1-2e88-4505-afac-1bd192f30ecb",
              "parentUUID": "8e033b34-56a9-4870-b062-2523b578dd8d",
              "isHook": false,
              "skipped": false
            }
          ],
          "suites": [],
          "passes": [
            "fe115810-dcc3-45f2-b775-a653f8b2a4fd",
            "804caf9e-7a44-4f37-a604-33ec84707f29",
            "04867016-045a-46d2-80a1-5d98bc7a4a5b",
            "cd326ae6-9acd-4263-89ff-fcef901fd5e2",
            "d9af98a1-2e88-4505-afac-1bd192f30ecb"
          ],
          "failures": [],
          "pending": [],
          "skipped": [],
          "duration": 2519,
          "root": false,
          "rootEmpty": false,
          "_timeout": 2000
        }
      ],
      "passes": [],
      "failures": [],
      "pending": [],
      "skipped": [],
      "duration": 0,
      "root": true,
      "rootEmpty": true,
      "_timeout": 2000
    },
    {
      "uuid": "f0af9c56-a445-4575-8acd-6e3a5ffb26c1",
      "title": "",
      "fullFile": "cypress\\e2e\\2-advanced-examples\\viewport.cy.js",
      "file": "cypress\\e2e\\2-advanced-examples\\viewport.cy.js",
      "beforeHooks": [],
      "afterHooks": [],
      "tests": [],
      "suites": [
        {
          "uuid": "377056da-e9b0-4896-8215-03b848130857",
          "title": "Viewport",
          "fullFile": "",
          "file": "",
          "beforeHooks": [],
          "afterHooks": [],
          "tests": [
            {
              "title": "cy.viewport() - set the viewport size and dimension",
              "fullTitle": "Viewport cy.viewport() - set the viewport size and dimension",
              "timedOut": null,
              "duration": 2888,
              "state": "passed",
              "speed": "fast",
              "pass": true,
              "fail": false,
              "pending": false,
              "context": null,
              "code": "// https://on.cypress.io/viewport\ncy.get('#navbar').should('be.visible');\ncy.viewport(320, 480);\n// the navbar should have collapse since our screen is smaller\ncy.get('#navbar').should('not.be.visible');\ncy.get('.navbar-toggle').should('be.visible').click();\ncy.get('.nav').find('a').should('be.visible');\n// lets see what our app looks like on a super large screen\ncy.viewport(2999, 2999);\n// cy.viewport() accepts a set of preset sizes\n// to easily set the screen to a device's width and height\n// We added a cy.wait() between each viewport change so you can see\n// the change otherwise it is a little too fast to see :)\ncy.viewport('macbook-15');\ncy.wait(200);\ncy.viewport('macbook-13');\ncy.wait(200);\ncy.viewport('macbook-11');\ncy.wait(200);\ncy.viewport('ipad-2');\ncy.wait(200);\ncy.viewport('ipad-mini');\ncy.wait(200);\ncy.viewport('iphone-6+');\ncy.wait(200);\ncy.viewport('iphone-6');\ncy.wait(200);\ncy.viewport('iphone-5');\ncy.wait(200);\ncy.viewport('iphone-4');\ncy.wait(200);\ncy.viewport('iphone-3');\ncy.wait(200);\n// cy.viewport() accepts an orientation for all presets\n// the default orientation is 'portrait'\ncy.viewport('ipad-2', 'portrait');\ncy.wait(200);\ncy.viewport('iphone-4', 'landscape');\ncy.wait(200);\n// The viewport will be reset back to the default dimensions\n// in between tests (the  default can be set in cypress.config.{js|ts})",
              "err": {},
              "uuid": "1828cd23-c62a-467f-9f52-54dde6321cb2",
              "parentUUID": "377056da-e9b0-4896-8215-03b848130857",
              "isHook": false,
              "skipped": false
            }
          ],
          "suites": [],
          "passes": [
            "1828cd23-c62a-467f-9f52-54dde6321cb2"
          ],
          "failures": [],
          "pending": [],
          "skipped": [],
          "duration": 2888,
          "root": false,
          "rootEmpty": false,
          "_timeout": 2000
        }
      ],
      "passes": [],
      "failures": [],
      "pending": [],
      "skipped": [],
      "duration": 0,
      "root": true,
      "rootEmpty": true,
      "_timeout": 2000
    },
    {
      "uuid": "df6da34c-b904-4c25-8bcb-6f240c9b16e1",
      "title": "",
      "fullFile": "cypress\\e2e\\2-advanced-examples\\waiting.cy.js",
      "file": "cypress\\e2e\\2-advanced-examples\\waiting.cy.js",
      "beforeHooks": [],
      "afterHooks": [],
      "tests": [],
      "suites": [
        {
          "uuid": "f69d2f28-a91b-4df8-ac44-f41143b81ea7",
          "title": "Waiting",
          "fullFile": "",
          "file": "",
          "beforeHooks": [],
          "afterHooks": [],
          "tests": [
            {
              "title": "cy.wait() - wait for a specific amount of time",
              "fullTitle": "Waiting cy.wait() - wait for a specific amount of time",
              "timedOut": null,
              "duration": 4510,
              "state": "passed",
              "speed": "fast",
              "pass": true,
              "fail": false,
              "pending": false,
              "context": null,
              "code": "cy.get('.wait-input1').type('Wait 1000ms after typing');\ncy.wait(1000);\ncy.get('.wait-input2').type('Wait 1000ms after typing');\ncy.wait(1000);\ncy.get('.wait-input3').type('Wait 1000ms after typing');\ncy.wait(1000);",
              "err": {},
              "uuid": "fb15dfd1-5af8-477b-ba41-a009b389e48b",
              "parentUUID": "f69d2f28-a91b-4df8-ac44-f41143b81ea7",
              "isHook": false,
              "skipped": false
            },
            {
              "title": "cy.wait() - wait for a specific route",
              "fullTitle": "Waiting cy.wait() - wait for a specific route",
              "timedOut": null,
              "duration": 465,
              "state": "passed",
              "speed": "fast",
              "pass": true,
              "fail": false,
              "pending": false,
              "context": null,
              "code": "// Listen to GET to comments/1\ncy.intercept('GET', '**/comments/*').as('getComment');\n// we have code that gets a comment when\n// the button is clicked in scripts.js\ncy.get('.network-btn').click();\n// wait for GET comments/1\ncy.wait('@getComment').its('response.statusCode').should('be.oneOf', [200, 304]);",
              "err": {},
              "uuid": "713a1af6-6a6c-4b3e-a704-64a1bebb3b7a",
              "parentUUID": "f69d2f28-a91b-4df8-ac44-f41143b81ea7",
              "isHook": false,
              "skipped": false
            }
          ],
          "suites": [],
          "passes": [
            "fb15dfd1-5af8-477b-ba41-a009b389e48b",
            "713a1af6-6a6c-4b3e-a704-64a1bebb3b7a"
          ],
          "failures": [],
          "pending": [],
          "skipped": [],
          "duration": 4975,
          "root": false,
          "rootEmpty": false,
          "_timeout": 2000
        }
      ],
      "passes": [],
      "failures": [],
      "pending": [],
      "skipped": [],
      "duration": 0,
      "root": true,
      "rootEmpty": true,
      "_timeout": 2000
    },
    {
      "uuid": "10f23a9f-3f9f-445a-87be-bb6c40c30166",
      "title": "",
      "fullFile": "cypress\\e2e\\2-advanced-examples\\window.cy.js",
      "file": "cypress\\e2e\\2-advanced-examples\\window.cy.js",
      "beforeHooks": [],
      "afterHooks": [],
      "tests": [],
      "suites": [
        {
          "uuid": "b4cac288-72d2-4fff-a2f3-2b07c8246b09",
          "title": "Window",
          "fullFile": "",
          "file": "",
          "beforeHooks": [],
          "afterHooks": [],
          "tests": [
            {
              "title": "cy.window() - get the global window object",
              "fullTitle": "Window cy.window() - get the global window object",
              "timedOut": null,
              "duration": 200,
              "state": "passed",
              "speed": "fast",
              "pass": true,
              "fail": false,
              "pending": false,
              "context": null,
              "code": "// https://on.cypress.io/window\ncy.window().should('have.property', 'top');",
              "err": {},
              "uuid": "32e54d19-36e4-4532-88b0-1a42f0ea43ba",
              "parentUUID": "b4cac288-72d2-4fff-a2f3-2b07c8246b09",
              "isHook": false,
              "skipped": false
            },
            {
              "title": "cy.document() - get the document object",
              "fullTitle": "Window cy.document() - get the document object",
              "timedOut": null,
              "duration": 96,
              "state": "passed",
              "speed": "fast",
              "pass": true,
              "fail": false,
              "pending": false,
              "context": null,
              "code": "// https://on.cypress.io/document\ncy.document().should('have.property', 'charset').and('eq', 'UTF-8');",
              "err": {},
              "uuid": "0a665090-6a99-41cb-a783-41dc2be64c6a",
              "parentUUID": "b4cac288-72d2-4fff-a2f3-2b07c8246b09",
              "isHook": false,
              "skipped": false
            },
            {
              "title": "cy.title() - get the title",
              "fullTitle": "Window cy.title() - get the title",
              "timedOut": null,
              "duration": 92,
              "state": "passed",
              "speed": "fast",
              "pass": true,
              "fail": false,
              "pending": false,
              "context": null,
              "code": "// https://on.cypress.io/title\ncy.title().should('include', 'Kitchen Sink');",
              "err": {},
              "uuid": "e82323aa-af00-44a4-b3a7-ceaa15e1636f",
              "parentUUID": "b4cac288-72d2-4fff-a2f3-2b07c8246b09",
              "isHook": false,
              "skipped": false
            }
          ],
          "suites": [],
          "passes": [
            "32e54d19-36e4-4532-88b0-1a42f0ea43ba",
            "0a665090-6a99-41cb-a783-41dc2be64c6a",
            "e82323aa-af00-44a4-b3a7-ceaa15e1636f"
          ],
          "failures": [],
          "pending": [],
          "skipped": [],
          "duration": 388,
          "root": false,
          "rootEmpty": false,
          "_timeout": 2000
        }
      ],
      "passes": [],
      "failures": [],
      "pending": [],
      "skipped": [],
      "duration": 0,
      "root": true,
      "rootEmpty": true,
      "_timeout": 2000
    }
  ],
  "meta": {
    "mocha": {
      "version": "7.2.0"
    },
    "mochawesome": {
      "options": {
        "quiet": false,
        "reportFilename": "mochawesome",
        "saveHtml": false,
        "saveJson": true,
        "consoleReporter": "spec",
        "useInlineDiffs": false,
        "code": true
      },
      "version": "7.1.3"
    },
    "marge": {
      "options": {
        "reportDir": "reports/mochawesome",
        "overwrite": false,
        "html": false,
        "json": true
      },
      "version": "6.2.0"
    }
  }
}