{
  "stats": {
    "suites": 1,
    "tests": 1,
    "passes": 1,
    "pending": 0,
    "failures": 0,
    "start": "2025-08-13T04:04:02.896Z",
    "end": "2025-08-13T04:04:09.076Z",
    "duration": 6180,
    "testsRegistered": 1,
    "passPercent": 100,
    "pendingPercent": 0,
    "other": 0,
    "hasOther": false,
    "skipped": 0,
    "hasSkipped": false
  },
  "results": [
    {
      "uuid": "b18cdbe9-6e1e-4b44-9716-9659ed6892ee",
      "title": "",
      "fullFile": "cypress\\e2e\\usePrevSubject.cy.js",
      "file": "cypress\\e2e\\usePrevSubject.cy.js",
      "beforeHooks": [],
      "afterHooks": [],
      "tests": [],
      "suites": [
        {
          "uuid": "d1ff3094-5c5c-4252-bba7-c67655f4d295",
          "title": "usePrevSubject",
          "fullFile": "",
          "file": "",
          "beforeHooks": [],
          "afterHooks": [],
          "tests": [
            {
              "title": "Login using Fillinput",
              "fullTitle": "usePrevSubject Login using Fillinput",
              "timedOut": null,
              "duration": 6038,
              "state": "passed",
              "speed": "medium",
              "pass": true,
              "fail": false,
              "pending": false,
              "context": null,
              "code": "//Use previous subject\ncy.get('#username').fillinput('practice');\ncy.get('#password').fillinput('SuperSecretPassword!');\ncy.get('#login > .btn').click();\ncy.get('b').should('have.text', 'You logged into a secure area!');",
              "err": {},
              "uuid": "2c94149a-6f01-4f71-b62b-7ecc409f75ed",
              "parentUUID": "d1ff3094-5c5c-4252-bba7-c67655f4d295",
              "isHook": false,
              "skipped": false
            }
          ],
          "suites": [],
          "passes": [
            "2c94149a-6f01-4f71-b62b-7ecc409f75ed"
          ],
          "failures": [],
          "pending": [],
          "skipped": [],
          "duration": 6038,
          "root": false,
          "rootEmpty": false,
          "_timeout": 2000
        }
      ],
      "passes": [],
      "failures": [],
      "pending": [],
      "skipped": [],
      "duration": 0,
      "root": true,
      "rootEmpty": true,
      "_timeout": 2000
    }
  ],
  "meta": {
    "mocha": {
      "version": "7.2.0"
    },
    "mochawesome": {
      "options": {
        "quiet": false,
        "reportFilename": "mochawesome",
        "saveHtml": false,
        "saveJson": true,
        "consoleReporter": "spec",
        "useInlineDiffs": false,
        "code": true
      },
      "version": "7.1.3"
    },
    "marge": {
      "options": {
        "reportDir": "reports/mochawesome",
        "overwrite": false,
        "html": false,
        "json": true
      },
      "version": "6.2.0"
    }
  }
}