{
  "stats": {
    "suites": 1,
    "tests": 4,
    "passes": 3,
    "pending": 0,
    "failures": 1,
    "start": "2025-08-12T10:37:27.127Z",
    "end": "2025-08-12T10:37:45.107Z",
    "duration": 17980,
    "testsRegistered": 4,
    "passPercent": 75,
    "pendingPercent": 0,
    "other": 0,
    "hasOther": false,
    "skipped": 0,
    "hasSkipped": false
  },
  "results": [
    {
      "uuid": "243f6fa1-f223-486d-bf4b-425923823e66",
      "title": "",
      "fullFile": "cypress\\e2e\\registrationForm.cy.js",
      "file": "cypress\\e2e\\registrationForm.cy.js",
      "beforeHooks": [],
      "afterHooks": [],
      "tests": [],
      "suites": [
        {
          "uuid": "59c2e4e4-ad67-4042-8e88-d39877572e07",
          "title": "Registration Form Tests",
          "fullFile": "",
          "file": "",
          "beforeHooks": [],
          "afterHooks": [],
          "tests": [
            {
              "title": " Registration Page",
              "fullTitle": "Registration Form Tests  Registration Page",
              "timedOut": null,
              "duration": 7612,
              "state": "failed",
              "speed": null,
              "pass": false,
              "fail": true,
              "pending": false,
              "context": "{\n  \"title\": \"cypress-mochawesome-reporter-screenshots\",\n  \"value\": [\n    [\n      \"\\\\registrationForm.cy.js\\\\Registration Form Tests --  Registration Page (failed).png\"\n    ]\n  ]\n}",
              "code": "cy.get('#username').type('testqaa');\ncy.get('#password').type('test1234');\n//cy.get('input#confirmPassword', { timeout: 10000 }).should('be.visible').type('test1234');\ncy.get('#confirmPassword').type('test1234');\ncy.get('button[type=submit]').click();\n// Redirect to login and show success message\ncy.url().should('include', '/login');\ncy.get('#flash').should('be.visible').and('contain.text', 'Successfully registered, you can log in now.');",
              "err": {
                "message": "AssertionError: Timed out retrying after 4000ms: expected 'https://practice.expandtesting.com/register' to include '/login'",
                "estack": "AssertionError: Timed out retrying after 4000ms: expected 'https://practice.expandtesting.com/register' to include '/login'\n    at Context.eval (webpack://cypress/./cypress/e2e/registrationForm.cy.js:18:13)",
                "diff": null
              },
              "uuid": "c218bdc0-3e5a-4e7a-8f78-16b42a3e19fe",
              "parentUUID": "59c2e4e4-ad67-4042-8e88-d39877572e07",
              "isHook": false,
              "skipped": false
            },
            {
              "title": "username validation",
              "fullTitle": "Registration Form Tests username validation",
              "timedOut": null,
              "duration": 3112,
              "state": "passed",
              "speed": "fast",
              "pass": true,
              "fail": false,
              "pending": false,
              "context": null,
              "code": "cy.get('#password').type('ValidPass');\ncy.get('#confirmPassword').type('ValidPass');\ncy.get('button[type=submit]').click();\ncy.get('#flash').should('be.visible').and('contain.text', 'All fields are required.');",
              "err": {},
              "uuid": "917e1a4b-0a0c-4985-920a-cbc06773a739",
              "parentUUID": "59c2e4e4-ad67-4042-8e88-d39877572e07",
              "isHook": false,
              "skipped": false
            },
            {
              "title": "Missing Password validation",
              "fullTitle": "Registration Form Tests Missing Password validation",
              "timedOut": null,
              "duration": 3589,
              "state": "passed",
              "speed": "fast",
              "pass": true,
              "fail": false,
              "pending": false,
              "context": null,
              "code": "cy.get('#username').type('test');\ncy.get('#confirmPassword').type('test123');\ncy.get('button[type=submit]').click();\ncy.get('#flash').should('be.visible').and('contain.text', 'All fields are required.');",
              "err": {},
              "uuid": "26ce5289-1f4c-4ca4-82c4-1fe1f5bbbd47",
              "parentUUID": "59c2e4e4-ad67-4042-8e88-d39877572e07",
              "isHook": false,
              "skipped": false
            },
            {
              "title": "Non-matching passwords",
              "fullTitle": "Registration Form Tests Non-matching passwords",
              "timedOut": null,
              "duration": 3381,
              "state": "passed",
              "speed": "fast",
              "pass": true,
              "fail": false,
              "pending": false,
              "context": null,
              "code": "cy.get('#username').type('test');\ncy.get('#password').type('test123');\ncy.get('#confirmPassword').type('Mismatch123!');\ncy.get('button[type=submit]').click();\ncy.get('#flash').should('be.visible').and('contain.text', 'Passwords do not match.');",
              "err": {},
              "uuid": "1bd548ec-8a3d-4aa4-bd90-068a8a6790bf",
              "parentUUID": "59c2e4e4-ad67-4042-8e88-d39877572e07",
              "isHook": false,
              "skipped": false
            }
          ],
          "suites": [],
          "passes": [
            "917e1a4b-0a0c-4985-920a-cbc06773a739",
            "26ce5289-1f4c-4ca4-82c4-1fe1f5bbbd47",
            "1bd548ec-8a3d-4aa4-bd90-068a8a6790bf"
          ],
          "failures": [
            "c218bdc0-3e5a-4e7a-8f78-16b42a3e19fe"
          ],
          "pending": [],
          "skipped": [],
          "duration": 17694,
          "root": false,
          "rootEmpty": false,
          "_timeout": 2000
        }
      ],
      "passes": [],
      "failures": [],
      "pending": [],
      "skipped": [],
      "duration": 0,
      "root": true,
      "rootEmpty": true,
      "_timeout": 2000
    }
  ],
  "meta": {
    "mocha": {
      "version": "7.2.0"
    },
    "mochawesome": {
      "options": {
        "quiet": false,
        "reportFilename": "mochawesome",
        "saveHtml": false,
        "saveJson": true,
        "consoleReporter": "spec",
        "useInlineDiffs": false,
        "code": true
      },
      "version": "7.1.3"
    },
    "marge": {
      "options": {
        "reportDir": "reports/mochawesome",
        "overwrite": false,
        "html": false,
        "json": true
      },
      "version": "6.2.0"
    }
  }
}