{
  "stats": {
    "suites": 1,
    "tests": 1,
    "passes": 1,
    "pending": 0,
    "failures": 0,
    "start": "2025-08-13T05:13:29.203Z",
    "end": "2025-08-13T05:13:34.094Z",
    "duration": 4891,
    "testsRegistered": 1,
    "passPercent": 100,
    "pendingPercent": 0,
    "other": 0,
    "hasOther": false,
    "skipped": 0,
    "hasSkipped": false
  },
  "results": [
    {
      "uuid": "1b451ccb-bc05-4a72-aaa5-b605d38ffc34",
      "title": "",
      "fullFile": "cypress\\e2e\\loginwithfixture_1a.cy.js",
      "file": "cypress\\e2e\\loginwithfixture_1a.cy.js",
      "beforeHooks": [],
      "afterHooks": [],
      "tests": [],
      "suites": [
        {
          "uuid": "48295824-662b-4c02-9043-4d16aa7db511",
          "title": "Login with fixture data",
          "fullFile": "",
          "file": "",
          "beforeHooks": [],
          "afterHooks": [],
          "tests": [
            {
              "title": "Logs in using data from user.json",
              "fullTitle": "Login with fixture data Logs in using data from user.json",
              "timedOut": null,
              "duration": 4836,
              "state": "passed",
              "speed": "fast",
              "pass": true,
              "fail": false,
              "pending": false,
              "context": null,
              "code": "cy.visit('https://practice.expandtesting.com/login');\n// Use fixture data to fill in login form\ncy.get('#username').type(this.userData.username);\ncy.get('#password').type(this.userData.password);\ncy.get('button[type=\"submit\"]').click();\n// Assertion \ncy.url().should('include', '/secure');\ncy.get('#flash').should('be.visible').and('contain.text', 'You logged into a secure area!');",
              "err": {},
              "uuid": "28663099-4626-4f1a-a6dd-e30a6c139089",
              "parentUUID": "48295824-662b-4c02-9043-4d16aa7db511",
              "isHook": false,
              "skipped": false
            }
          ],
          "suites": [],
          "passes": [
            "28663099-4626-4f1a-a6dd-e30a6c139089"
          ],
          "failures": [],
          "pending": [],
          "skipped": [],
          "duration": 4836,
          "root": false,
          "rootEmpty": false,
          "_timeout": 2000
        }
      ],
      "passes": [],
      "failures": [],
      "pending": [],
      "skipped": [],
      "duration": 0,
      "root": true,
      "rootEmpty": true,
      "_timeout": 2000
    }
  ],
  "meta": {
    "mocha": {
      "version": "7.2.0"
    },
    "mochawesome": {
      "options": {
        "quiet": false,
        "reportFilename": "mochawesome",
        "saveHtml": false,
        "saveJson": true,
        "consoleReporter": "spec",
        "useInlineDiffs": false,
        "code": true
      },
      "version": "7.1.3"
    },
    "marge": {
      "options": {
        "reportDir": "reports/mochawesome",
        "overwrite": false,
        "html": false,
        "json": true
      },
      "version": "6.2.0"
    }
  }
}