{
  "stats": {
    "suites": 1,
    "tests": 1,
    "passes": 1,
    "pending": 0,
    "failures": 0,
    "start": "2025-08-13T05:12:32.486Z",
    "end": "2025-08-13T05:12:32.546Z",
    "duration": 60,
    "testsRegistered": 1,
    "passPercent": 100,
    "pendingPercent": 0,
    "other": 0,
    "hasOther": false,
    "skipped": 0,
    "hasSkipped": false
  },
  "results": [
    {
      "uuid": "50313cbe-cf0f-4cb8-8ac6-8d0a32275f8a",
      "title": "",
      "fullFile": "cypress\\e2e\\functionExpression.cy.js",
      "file": "cypress\\e2e\\functionExpression.cy.js",
      "beforeHooks": [],
      "afterHooks": [],
      "tests": [],
      "suites": [
        {
          "uuid": "fa6442e1-cde3-4958-9a2c-6b5fa9275e27",
          "title": "function expression",
          "fullFile": "",
          "file": "",
          "beforeHooks": [],
          "afterHooks": [],
          "tests": [
            {
              "title": "Logs user email",
              "fullTitle": "function expression Logs user email",
              "timedOut": null,
              "duration": 30,
              "state": "passed",
              "speed": "fast",
              "pass": true,
              "fail": false,
              "pending": false,
              "context": null,
              "code": "const printUserEmail = function (email) {\n  cy.log(` User email: ${email}`);\n};\nprintUserEmail('cypresstesting@com');",
              "err": {},
              "uuid": "83b327ed-3774-46a9-8bc8-22efbf15d09c",
              "parentUUID": "fa6442e1-cde3-4958-9a2c-6b5fa9275e27",
              "isHook": false,
              "skipped": false
            }
          ],
          "suites": [],
          "passes": [
            "83b327ed-3774-46a9-8bc8-22efbf15d09c"
          ],
          "failures": [],
          "pending": [],
          "skipped": [],
          "duration": 30,
          "root": false,
          "rootEmpty": false,
          "_timeout": 2000
        }
      ],
      "passes": [],
      "failures": [],
      "pending": [],
      "skipped": [],
      "duration": 0,
      "root": true,
      "rootEmpty": true,
      "_timeout": 2000
    }
  ],
  "meta": {
    "mocha": {
      "version": "7.2.0"
    },
    "mochawesome": {
      "options": {
        "quiet": false,
        "reportFilename": "mochawesome",
        "saveHtml": false,
        "saveJson": true,
        "consoleReporter": "spec",
        "useInlineDiffs": false,
        "code": true
      },
      "version": "7.1.3"
    },
    "marge": {
      "options": {
        "reportDir": "reports/mochawesome",
        "overwrite": false,
        "html": false,
        "json": true
      },
      "version": "6.2.0"
    }
  }
}