{
  "stats": {
    "suites": 1,
    "tests": 1,
    "passes": 1,
    "pending": 0,
    "failures": 0,
    "start": "2025-08-12T06:53:31.791Z",
    "end": "2025-08-12T06:53:35.430Z",
    "duration": 3639,
    "testsRegistered": 1,
    "passPercent": 100,
    "pendingPercent": 0,
    "other": 0,
    "hasOther": false,
    "skipped": 0,
    "hasSkipped": false
  },
  "results": [
    {
      "uuid": "4f16c259-c9ab-4c14-a81e-0342dccc180c",
      "title": "",
      "fullFile": "cypress\\e2e\\loginwithCustomcommands.cy.js",
      "file": "cypress\\e2e\\loginwithCustomcommands.cy.js",
      "beforeHooks": [],
      "afterHooks": [],
      "tests": [],
      "suites": [
        {
          "uuid": "6bde8ed2-d8d0-4d32-a55b-e302886d659c",
          "title": "Login Application",
          "fullFile": "",
          "file": "",
          "beforeHooks": [],
          "afterHooks": [],
          "tests": [
            {
              "title": "Log in with valid credentials",
              "fullTitle": "Login Application Log in with valid credentials",
              "timedOut": null,
              "duration": 3595,
              "state": "passed",
              "speed": "fast",
              "pass": true,
              "fail": false,
              "pending": false,
              "context": null,
              "code": "cy.login('practice', 'SuperSecretPassword!');\ncy.url().should('include', '/secure');",
              "err": {},
              "uuid": "f7ce44d1-00b1-4190-ab0c-6d37a7866d60",
              "parentUUID": "6bde8ed2-d8d0-4d32-a55b-e302886d659c",
              "isHook": false,
              "skipped": false
            }
          ],
          "suites": [],
          "passes": [
            "f7ce44d1-00b1-4190-ab0c-6d37a7866d60"
          ],
          "failures": [],
          "pending": [],
          "skipped": [],
          "duration": 3595,
          "root": false,
          "rootEmpty": false,
          "_timeout": 2000
        }
      ],
      "passes": [],
      "failures": [],
      "pending": [],
      "skipped": [],
      "duration": 0,
      "root": true,
      "rootEmpty": true,
      "_timeout": 2000
    }
  ],
  "meta": {
    "mocha": {
      "version": "7.2.0"
    },
    "mochawesome": {
      "options": {
        "quiet": false,
        "reportFilename": "mochawesome",
        "saveHtml": false,
        "saveJson": true,
        "consoleReporter": "spec",
        "useInlineDiffs": false,
        "code": true
      },
      "version": "7.1.3"
    },
    "marge": {
      "options": {
        "reportDir": "reports/mochawesome",
        "overwrite": false,
        "html": false,
        "json": true
      },
      "version": "6.2.0"
    }
  }
}