{
  "stats": {
    "suites": 1,
    "tests": 1,
    "passes": 1,
    "pending": 0,
    "failures": 0,
    "start": "2025-08-12T06:52:11.455Z",
    "end": "2025-08-12T06:52:12.998Z",
    "duration": 1543,
    "testsRegistered": 1,
    "passPercent": 100,
    "pendingPercent": 0,
    "other": 0,
    "hasOther": false,
    "skipped": 0,
    "hasSkipped": false
  },
  "results": [
    {
      "uuid": "efc574ed-b3b9-4636-af08-f6e9b0a5a7b1",
      "title": "",
      "fullFile": "cypress\\e2e\\contextmenuPOM.cy.js",
      "file": "cypress\\e2e\\contextmenuPOM.cy.js",
      "beforeHooks": [],
      "afterHooks": [],
      "tests": [],
      "suites": [
        {
          "uuid": "bd484371-73eb-48d8-8b20-bf5bb3a4869d",
          "title": "Context Menu Interaction Test",
          "fullFile": "",
          "file": "",
          "beforeHooks": [],
          "afterHooks": [],
          "tests": [
            {
              "title": "Should right click the box and validate the alert message",
              "fullTitle": "Context Menu Interaction Test Should right click the box and validate the alert message",
              "timedOut": null,
              "duration": 1506,
              "state": "passed",
              "speed": "fast",
              "pass": true,
              "fail": false,
              "pending": false,
              "context": null,
              "code": "contextMenuPage.rightClickBox();\n//cy.get('a[target=\"_blank\"]').invoke('removeAttr', 'target').click();\ncontextMenuPage.handleAlert('You selected a context menu');",
              "err": {},
              "uuid": "0af23264-dcbf-4d9e-8724-4fb93feded00",
              "parentUUID": "bd484371-73eb-48d8-8b20-bf5bb3a4869d",
              "isHook": false,
              "skipped": false
            }
          ],
          "suites": [],
          "passes": [
            "0af23264-dcbf-4d9e-8724-4fb93feded00"
          ],
          "failures": [],
          "pending": [],
          "skipped": [],
          "duration": 1506,
          "root": false,
          "rootEmpty": false,
          "_timeout": 2000
        }
      ],
      "passes": [],
      "failures": [],
      "pending": [],
      "skipped": [],
      "duration": 0,
      "root": true,
      "rootEmpty": true,
      "_timeout": 2000
    }
  ],
  "meta": {
    "mocha": {
      "version": "7.2.0"
    },
    "mochawesome": {
      "options": {
        "quiet": false,
        "reportFilename": "mochawesome",
        "saveHtml": false,
        "saveJson": true,
        "consoleReporter": "spec",
        "useInlineDiffs": false,
        "code": true
      },
      "version": "7.1.3"
    },
    "marge": {
      "options": {
        "reportDir": "reports/mochawesome",
        "overwrite": false,
        "html": false,
        "json": true
      },
      "version": "6.2.0"
    }
  }
}