{
  "stats": {
    "suites": 0,
    "tests": 1,
    "passes": 0,
    "pending": 0,
    "failures": 1,
    "start": "2025-08-12T06:54:24.387Z",
    "end": "2025-08-12T06:54:24.617Z",
    "duration": 230,
    "testsRegistered": 1,
    "passPercent": 0,
    "pendingPercent": 0,
    "other": 0,
    "hasOther": false,
    "skipped": 0,
    "hasSkipped": false
  },
  "results": [
    {
      "uuid": "15e5fbca-7742-4589-844c-317f420d71cc",
      "title": "",
      "fullFile": "cypress\\e2e\\securePageTestPom.cy.js",
      "file": "cypress\\e2e\\securePageTestPom.cy.js",
      "beforeHooks": [],
      "afterHooks": [],
      "tests": [
        {
          "title": "An uncaught error was detected outside of a test",
          "fullTitle": "An uncaught error was detected outside of a test",
          "timedOut": null,
          "duration": 181,
          "state": "failed",
          "speed": null,
          "pass": false,
          "fail": true,
          "pending": false,
          "context": "{\n  \"title\": \"cypress-mochawesome-reporter-screenshots\",\n  \"value\": [\n    [\n      \"\\\\securePageTestPom.cy.js\\\\An uncaught error was detected outside of a test (failed).png\"\n    ]\n  ]\n}",
          "code": "throw err;",
          "err": {
            "message": "TypeError: The following error originated from your test code, not from Cypress.\n\n  > _loginpage.default is not a constructor\n\nWhen Cypress detects uncaught errors originating from your test code it will automatically fail the current test.\n\nCypress could not associate this error to any specific test.\n\nWe dynamically generated a new test to display this failure.",
            "estack": "TypeError: The following error originated from your test code, not from Cypress.\n\n  > _loginpage.default is not a constructor\n\nWhen Cypress detects uncaught errors originating from your test code it will automatically fail the current test.\n\nCypress could not associate this error to any specific test.\n\nWe dynamically generated a new test to display this failure.\n    at eval (webpack://cypress/./cypress/e2e/securePageTestPom.cy.js:4:18)\n    at eval (https://practice.expandtesting.com/__cypress/tests?p=cypress\\e2e\\securePageTestPom.cy.js:143:3)\n    at eval (https://practice.expandtesting.com/__cypress/tests?p=cypress\\e2e\\securePageTestPom.cy.js:145:12)\n    at eval (<anonymous>)\n    at <unknown> (https://practice.expandtesting.com/__cypress/runner/cypress_runner.js:113267:23)\n    at tryCatcher (https://practice.expandtesting.com/__cypress/runner/cypress_runner.js:1777:23)\n    at Object.gotValue (https://practice.expandtesting.com/__cypress/runner/cypress_runner.js:6446:18)\n    at Object.gotAccum (https://practice.expandtesting.com/__cypress/runner/cypress_runner.js:6435:25)\n    at Object.tryCatcher (https://practice.expandtesting.com/__cypress/runner/cypress_runner.js:1777:23)\n    at Promise._settlePromiseFromHandler (https://practice.expandtesting.com/__cypress/runner/cypress_runner.js:1489:31)",
            "diff": null
          },
          "uuid": "7ca46bf9-44ed-417e-99dc-656761551e40",
          "parentUUID": "15e5fbca-7742-4589-844c-317f420d71cc",
          "isHook": false,
          "skipped": false
        }
      ],
      "suites": [],
      "passes": [],
      "failures": [
        "7ca46bf9-44ed-417e-99dc-656761551e40"
      ],
      "pending": [],
      "skipped": [],
      "duration": 181,
      "root": true,
      "rootEmpty": false,
      "_timeout": 2000
    }
  ],
  "meta": {
    "mocha": {
      "version": "7.2.0"
    },
    "mochawesome": {
      "options": {
        "quiet": false,
        "reportFilename": "mochawesome",
        "saveHtml": false,
        "saveJson": true,
        "consoleReporter": "spec",
        "useInlineDiffs": false,
        "code": true
      },
      "version": "7.1.3"
    },
    "marge": {
      "options": {
        "reportDir": "reports/mochawesome",
        "overwrite": false,
        "html": false,
        "json": true
      },
      "version": "6.2.0"
    }
  }
}