{
  "stats": {
    "suites": 1,
    "tests": 2,
    "passes": 2,
    "pending": 0,
    "failures": 0,
    "start": "2025-08-14T05:02:06.314Z",
    "end": "2025-08-14T05:02:30.269Z",
    "duration": 23955,
    "testsRegistered": 2,
    "passPercent": 100,
    "pendingPercent": 0,
    "other": 0,
    "hasOther": false,
    "skipped": 0,
    "hasSkipped": false
  },
  "results": [
    {
      "uuid": "c1b00e48-2424-47c0-aa63-307447ee2e45",
      "title": "",
      "fullFile": "cypress\\e2e\\loginFunctionalityNegative.cy.js",
      "file": "cypress\\e2e\\loginFunctionalityNegative.cy.js",
      "beforeHooks": [],
      "afterHooks": [],
      "tests": [],
      "suites": [
        {
          "uuid": "9067419e-c564-4eba-8a5f-3f96ef0ffe33",
          "title": "Login Functinality with Negative scenarios",
          "fullFile": "",
          "file": "",
          "beforeHooks": [],
          "afterHooks": [],
          "tests": [
            {
              "title": "invalid username",
              "fullTitle": "Login Functinality with Negative scenarios invalid username",
              "timedOut": null,
              "duration": 13597,
              "state": "passed",
              "speed": "slow",
              "pass": true,
              "fail": false,
              "pending": false,
              "context": null,
              "code": "cy.get('#username').type('testAbcd');\ncy.get('#password').type('SuperSecretPassword!');\ncy.get('button[type=\"submit\"]').click();\n// Assert error message for invalid username\ncy.get('#flash').should('be.visible').and('contain.text', 'Your username is invalid!');",
              "err": {},
              "uuid": "bb95ecee-e6f7-44e2-a7a1-9432ecc2e568",
              "parentUUID": "9067419e-c564-4eba-8a5f-3f96ef0ffe33",
              "isHook": false,
              "skipped": false
            },
            {
              "title": "invalid password",
              "fullTitle": "Login Functinality with Negative scenarios invalid password",
              "timedOut": null,
              "duration": 10000,
              "state": "passed",
              "speed": "medium",
              "pass": true,
              "fail": false,
              "pending": false,
              "context": null,
              "code": "cy.get('#username').type('practice');\ncy.get('#password').type('cdeef!');\ncy.get('button[type=\"submit\"]').click();\n// Assert error message for invalid password\ncy.get('#flash').should('be.visible').and('contain.text', 'Your password is invalid!');",
              "err": {},
              "uuid": "b96aef6c-f23f-4022-8546-5666e5fa088d",
              "parentUUID": "9067419e-c564-4eba-8a5f-3f96ef0ffe33",
              "isHook": false,
              "skipped": false
            }
          ],
          "suites": [],
          "passes": [
            "bb95ecee-e6f7-44e2-a7a1-9432ecc2e568",
            "b96aef6c-f23f-4022-8546-5666e5fa088d"
          ],
          "failures": [],
          "pending": [],
          "skipped": [],
          "duration": 23597,
          "root": false,
          "rootEmpty": false,
          "_timeout": 2000
        }
      ],
      "passes": [],
      "failures": [],
      "pending": [],
      "skipped": [],
      "duration": 0,
      "root": true,
      "rootEmpty": true,
      "_timeout": 2000
    }
  ],
  "meta": {
    "mocha": {
      "version": "7.2.0"
    },
    "mochawesome": {
      "options": {
        "quiet": false,
        "reportFilename": "mochawesome",
        "saveHtml": false,
        "saveJson": true,
        "consoleReporter": "spec",
        "useInlineDiffs": false,
        "code": true
      },
      "version": "7.1.3"
    },
    "marge": {
      "options": {
        "reportDir": "reports/mochawesome",
        "overwrite": false,
        "html": false,
        "json": true
      },
      "version": "6.2.0"
    }
  }
}