{
  "stats": {
    "suites": 1,
    "tests": 2,
    "passes": 2,
    "pending": 0,
    "failures": 0,
    "start": "2025-08-13T04:04:17.674Z",
    "end": "2025-08-13T04:04:22.597Z",
    "duration": 4923,
    "testsRegistered": 2,
    "passPercent": 100,
    "pendingPercent": 0,
    "other": 0,
    "hasOther": false,
    "skipped": 0,
    "hasSkipped": false
  },
  "results": [
    {
      "uuid": "356db88a-7766-48eb-8519-79527b5696b4",
      "title": "",
      "fullFile": "cypress\\e2e\\validateeachbrowsernameandcpu_4.cy.js",
      "file": "cypress\\e2e\\validateeachbrowsernameandcpu_4.cy.js",
      "beforeHooks": [],
      "afterHooks": [],
      "tests": [],
      "suites": [
        {
          "uuid": "6dd2073b-810e-49ce-8624-055d119a69f5",
          "title": "Log Each Browsername and its cpu usage",
          "fullFile": "",
          "file": "",
          "beforeHooks": [],
          "afterHooks": [],
          "tests": [
            {
              "title": "use .each() to log each browser name and its CPU usage.",
              "fullTitle": "Log Each Browsername and its cpu usage use .each() to log each browser name and its CPU usage.",
              "timedOut": null,
              "duration": 3083,
              "state": "passed",
              "speed": "fast",
              "pass": true,
              "fail": false,
              "pending": false,
              "context": null,
              "code": "cy.visit('https://practice.expandtesting.com/dynamic-table');\ncy.get(\"table[class='table table-striped'] tbody tr \").each(($tr, i) => {\n  var _find;\n  const $td = $tr.find('td');\n  const browsername = $td.eq(0).text();\n  const cpuUsage = (_find = [...$td].find(td => td.innerText.includes('%'))) === null || _find === void 0 ? void 0 : _find.innerText;\n  cy.log('Browser Name is ', browsername, 'cpu usage', cpuUsage);\n});",
              "err": {},
              "uuid": "e93b48f4-7990-4394-866d-47341be32fac",
              "parentUUID": "6dd2073b-810e-49ce-8624-055d119a69f5",
              "isHook": false,
              "skipped": false
            },
            {
              "title": "Count how many browsers have CPU usage over 20%.",
              "fullTitle": "Log Each Browsername and its cpu usage Count how many browsers have CPU usage over 20%.",
              "timedOut": null,
              "duration": 1654,
              "state": "passed",
              "speed": "fast",
              "pass": true,
              "fail": false,
              "pending": false,
              "context": null,
              "code": "let count = 0;\ncy.visit('https://practice.expandtesting.com/dynamic-table');\ncy.get(\"table[class='table table-striped'] tbody tr \").each(($tr, i) => {\n  var _find2;\n  const $td = $tr.find('td');\n  const browsername = $td.eq(0).text();\n  const cpuUsageText = (_find2 = [...$td].find(td => td.innerText.includes('%'))) === null || _find2 === void 0 ? void 0 : _find2.innerText;\n  if (cpuUsageText) {\n    const cpuValue = parseFloat(cpuUsageText.replace('%', ''));\n    if (cpuValue > 20) {\n      count++;\n    }\n  }\n}).then(() => {\n  cy.log('Total browser count with>20 % is', count);\n});",
              "err": {},
              "uuid": "32de641a-4670-4587-8aa2-1f0571661363",
              "parentUUID": "6dd2073b-810e-49ce-8624-055d119a69f5",
              "isHook": false,
              "skipped": false
            }
          ],
          "suites": [],
          "passes": [
            "e93b48f4-7990-4394-866d-47341be32fac",
            "32de641a-4670-4587-8aa2-1f0571661363"
          ],
          "failures": [],
          "pending": [],
          "skipped": [],
          "duration": 4737,
          "root": false,
          "rootEmpty": false,
          "_timeout": 2000
        }
      ],
      "passes": [],
      "failures": [],
      "pending": [],
      "skipped": [],
      "duration": 0,
      "root": true,
      "rootEmpty": true,
      "_timeout": 2000
    }
  ],
  "meta": {
    "mocha": {
      "version": "7.2.0"
    },
    "mochawesome": {
      "options": {
        "quiet": false,
        "reportFilename": "mochawesome",
        "saveHtml": false,
        "saveJson": true,
        "consoleReporter": "spec",
        "useInlineDiffs": false,
        "code": true
      },
      "version": "7.1.3"
    },
    "marge": {
      "options": {
        "reportDir": "reports/mochawesome",
        "overwrite": false,
        "html": false,
        "json": true
      },
      "version": "6.2.0"
    }
  }
}