{
  "stats": {
    "suites": 1,
    "tests": 2,
    "passes": 1,
    "pending": 1,
    "failures": 0,
    "start": "2025-08-14T05:00:07.257Z",
    "end": "2025-08-14T05:00:07.474Z",
    "duration": 217,
    "testsRegistered": 2,
    "passPercent": 100,
    "pendingPercent": 50,
    "other": 0,
    "hasOther": false,
    "skipped": 0,
    "hasSkipped": false
  },
  "results": [
    {
      "uuid": "d221cbb4-ce85-4990-85fb-ddfd85a037e2",
      "title": "",
      "fullFile": "cypress\\e2e\\declareVariables.cy.js",
      "file": "cypress\\e2e\\declareVariables.cy.js",
      "beforeHooks": [],
      "afterHooks": [],
      "tests": [],
      "suites": [
        {
          "uuid": "f655ee1f-5ace-4c1a-86a0-2fdd945fdcab",
          "title": "variabledeclaration",
          "fullFile": "",
          "file": "",
          "beforeHooks": [],
          "afterHooks": [],
          "tests": [
            {
              "title": "variablelet",
              "fullTitle": "variabledeclaration variablelet",
              "timedOut": null,
              "duration": 150,
              "state": "passed",
              "speed": "fast",
              "pass": true,
              "fail": false,
              "pending": false,
              "context": null,
              "code": "let b = 2;\nb = 3;\ncy.log(b);",
              "err": {},
              "uuid": "0e06dcfd-adde-442f-8d57-0d5efa14b37f",
              "parentUUID": "f655ee1f-5ace-4c1a-86a0-2fdd945fdcab",
              "isHook": false,
              "skipped": false
            },
            {
              "title": "variableconst",
              "fullTitle": "variabledeclaration variableconst",
              "timedOut": null,
              "duration": 0,
              "state": "pending",
              "speed": null,
              "pass": false,
              "fail": false,
              "pending": true,
              "context": null,
              "code": "const c = 3;\nc = 4; //throws Error",
              "err": {},
              "uuid": "f8cde6a0-6c18-48bb-b131-c4afbbc4ac10",
              "parentUUID": "f655ee1f-5ace-4c1a-86a0-2fdd945fdcab",
              "isHook": false,
              "skipped": false
            }
          ],
          "suites": [],
          "passes": [
            "0e06dcfd-adde-442f-8d57-0d5efa14b37f"
          ],
          "failures": [],
          "pending": [
            "f8cde6a0-6c18-48bb-b131-c4afbbc4ac10"
          ],
          "skipped": [],
          "duration": 150,
          "root": false,
          "rootEmpty": false,
          "_timeout": 2000
        }
      ],
      "passes": [],
      "failures": [],
      "pending": [],
      "skipped": [],
      "duration": 0,
      "root": true,
      "rootEmpty": true,
      "_timeout": 2000
    }
  ],
  "meta": {
    "mocha": {
      "version": "7.2.0"
    },
    "mochawesome": {
      "options": {
        "quiet": false,
        "reportFilename": "mochawesome",
        "saveHtml": false,
        "saveJson": true,
        "consoleReporter": "spec",
        "useInlineDiffs": false,
        "code": true
      },
      "version": "7.1.3"
    },
    "marge": {
      "options": {
        "reportDir": "reports/mochawesome",
        "overwrite": false,
        "html": false,
        "json": true
      },
      "version": "6.2.0"
    }
  }
}