{
  "stats": {
    "suites": 1,
    "tests": 1,
    "passes": 1,
    "pending": 0,
    "failures": 0,
    "start": "2025-08-13T04:00:07.568Z",
    "end": "2025-08-13T04:00:08.741Z",
    "duration": 1173,
    "testsRegistered": 1,
    "passPercent": 100,
    "pendingPercent": 0,
    "other": 0,
    "hasOther": false,
    "skipped": 0,
    "hasSkipped": false
  },
  "results": [
    {
      "uuid": "96c556f4-e301-49bf-8272-86821edc94b9",
      "title": "",
      "fullFile": "cypress\\e2e\\createNoteAPI.cy.js",
      "file": "cypress\\e2e\\createNoteAPI.cy.js",
      "beforeHooks": [],
      "afterHooks": [],
      "tests": [],
      "suites": [
        {
          "uuid": "a1e18a64-4c4a-409d-bb78-1826c82eff3c",
          "title": "Create a Note",
          "fullFile": "",
          "file": "",
          "beforeHooks": [],
          "afterHooks": [],
          "tests": [
            {
              "title": "create a note and return an ID",
              "fullTitle": "Create a Note create a note and return an ID",
              "timedOut": null,
              "duration": 1103,
              "state": "passed",
              "speed": "fast",
              "pass": true,
              "fail": false,
              "pending": false,
              "context": null,
              "code": "cy.request({\n  method: 'POST',\n  url: 'https://practice.expandtesting.com/notes/api/notes',\n  headers: {\n    'x-auth-token': token,\n    'Content-Type': 'application/json'\n  },\n  body: {\n    title: 'Test Note',\n    description: 'This is a test note created through API testing.',\n    category: 'Work'\n  }\n}).then(response => {\n  console.log('Response Body:', response.body);\n  cy.log(JSON.stringify(response.body));\n  // Basic response check\n  expect(response.status).to.eq(200);\n  // Adjust according to the actual structure\n  expect(response.body).to.have.property('data');\n  expect(response.body.data).to.have.property('id');\n  expect(response.body.data.title).to.eq('Test Note');\n});",
              "err": {},
              "uuid": "5d7552b9-b87b-4ff4-b452-491b31122b69",
              "parentUUID": "a1e18a64-4c4a-409d-bb78-1826c82eff3c",
              "isHook": false,
              "skipped": false
            }
          ],
          "suites": [],
          "passes": [
            "5d7552b9-b87b-4ff4-b452-491b31122b69"
          ],
          "failures": [],
          "pending": [],
          "skipped": [],
          "duration": 1103,
          "root": false,
          "rootEmpty": false,
          "_timeout": 2000
        }
      ],
      "passes": [],
      "failures": [],
      "pending": [],
      "skipped": [],
      "duration": 0,
      "root": true,
      "rootEmpty": true,
      "_timeout": 2000
    }
  ],
  "meta": {
    "mocha": {
      "version": "7.2.0"
    },
    "mochawesome": {
      "options": {
        "quiet": false,
        "reportFilename": "mochawesome",
        "saveHtml": false,
        "saveJson": true,
        "consoleReporter": "spec",
        "useInlineDiffs": false,
        "code": true
      },
      "version": "7.1.3"
    },
    "marge": {
      "options": {
        "reportDir": "reports/mochawesome",
        "overwrite": false,
        "html": false,
        "json": true
      },
      "version": "6.2.0"
    }
  }
}