{
  "stats": {
    "suites": 1,
    "tests": 1,
    "passes": 1,
    "pending": 0,
    "failures": 0,
    "start": "2025-08-12T09:36:27.124Z",
    "end": "2025-08-12T09:36:30.514Z",
    "duration": 3390,
    "testsRegistered": 1,
    "passPercent": 100,
    "pendingPercent": 0,
    "other": 0,
    "hasOther": false,
    "skipped": 0,
    "hasSkipped": false
  },
  "results": [
    {
      "uuid": "5a96ed07-e604-4123-b6b6-e469dc40ec17",
      "title": "",
      "fullFile": "cypress\\e2e\\loginwithCustomcommands.cy.js",
      "file": "cypress\\e2e\\loginwithCustomcommands.cy.js",
      "beforeHooks": [],
      "afterHooks": [],
      "tests": [],
      "suites": [
        {
          "uuid": "75949ef9-df13-420c-bedb-c18a1d289925",
          "title": "Login Application",
          "fullFile": "",
          "file": "",
          "beforeHooks": [],
          "afterHooks": [],
          "tests": [
            {
              "title": "Log in with valid credentials",
              "fullTitle": "Login Application Log in with valid credentials",
              "timedOut": null,
              "duration": 3356,
              "state": "passed",
              "speed": "fast",
              "pass": true,
              "fail": false,
              "pending": false,
              "context": null,
              "code": "cy.login('practice', 'SuperSecretPassword!');\ncy.url().should('include', '/secure');",
              "err": {},
              "uuid": "661b65e1-c558-4e67-8068-2898e2311f6a",
              "parentUUID": "75949ef9-df13-420c-bedb-c18a1d289925",
              "isHook": false,
              "skipped": false
            }
          ],
          "suites": [],
          "passes": [
            "661b65e1-c558-4e67-8068-2898e2311f6a"
          ],
          "failures": [],
          "pending": [],
          "skipped": [],
          "duration": 3356,
          "root": false,
          "rootEmpty": false,
          "_timeout": 2000
        }
      ],
      "passes": [],
      "failures": [],
      "pending": [],
      "skipped": [],
      "duration": 0,
      "root": true,
      "rootEmpty": true,
      "_timeout": 2000
    }
  ],
  "meta": {
    "mocha": {
      "version": "7.2.0"
    },
    "mochawesome": {
      "options": {
        "quiet": false,
        "reportFilename": "mochawesome",
        "saveHtml": false,
        "saveJson": true,
        "consoleReporter": "spec",
        "useInlineDiffs": false,
        "code": true
      },
      "version": "7.1.3"
    },
    "marge": {
      "options": {
        "reportDir": "reports/mochawesome",
        "overwrite": false,
        "html": false,
        "json": true
      },
      "version": "6.2.0"
    }
  }
}